/home/runner/work/sdn-controller/sdn-controller/output/effective.xml:1:112: error: attribute "name" not allowed here; expected attribute "boilerplate", "short", "target-product" or "target-products"
/home/runner/work/sdn-controller/sdn-controller/output/effective.xml:1:112: error: element "PP" missing required attribute "target-product"
/home/runner/work/sdn-controller/sdn-controller/output/effective.xml:4:37: error: found attribute "title", but no attributes allowed here
/home/runner/work/sdn-controller/sdn-controller/output/effective.xml:10:26: error: element "PPCertificationID" not allowed anywhere; expected the element end-tag or element "Keywords"
/home/runner/work/sdn-controller/sdn-controller/output/effective.xml:11:18: error: element "CCVersion" not allowed anywhere; expected the element end-tag or element "Keywords"
/home/runner/work/sdn-controller/sdn-controller/output/effective.xml:13:14: error: element "entry" not allowed here; expected the element end-tag
/home/runner/work/sdn-controller/sdn-controller/output/effective.xml:14:15: error: element "name" not allowed anywhere; expected element "version"
/home/runner/work/sdn-controller/sdn-controller/output/effective.xml:15:22: error: element "description" not allowed here; expected element "version"
/home/runner/work/sdn-controller/sdn-controller/output/effective.xml:16:15: error: element "entry" incomplete; missing required element "version"
/home/runner/work/sdn-controller/sdn-controller/output/effective.xml:20:33: error: found attribute "role", but no attributes allowed here
/home/runner/work/sdn-controller/sdn-controller/output/effective.xml:28:137: error: element "RevisionHistory" not allowed here; expected element "foreword", "include-pkg", "modules", "pp-preferences", "section" or "subaactivity-decl" or an element from another namespace
/home/runner/work/sdn-controller/sdn-controller/output/effective.xml:28:137: error: found attribute "role", but no attributes allowed here
/home/runner/work/sdn-controller/sdn-controller/output/effective.xml:36:42: error: element "chapter" not allowed anywhere; expected element "foreword", "include-pkg", "modules", "pp-preferences", "section" or "subaactivity-decl" or an element from another namespace
/home/runner/work/sdn-controller/sdn-controller/output/effective.xml:38:99: error: element "cite" not allowed anywhere; expected text, element "_", "a-component", "assignable", "audit-table", "choice", "comment", "ctr", "depends", "endnote", "equation", "ext-comp-class", "ext-comp-def", "external-doc", "f-component", "figure", "if-opt-app", "implements", "no-link", "provides", "refinement", "requires", "rule", "section", "selectables", "snip", "testlist", "usecases" or "xref" or an element from another namespace
/home/runner/work/sdn-controller/sdn-controller/output/effective.xml:43:15: error: element "cite" not allowed anywhere; expected text, element "_", "a-component", "assignable", "audit-table", "choice", "comment", "ctr", "depends", "endnote", "equation", "ext-comp-class", "ext-comp-def", "external-doc", "f-component", "figure", "if-opt-app", "implements", "no-link", "provides", "refinement", "requires", "rule", "section", "selectables", "snip", "testlist", "usecases" or "xref" or an element from another namespace
/home/runner/work/sdn-controller/sdn-controller/output/effective.xml:45:112: error: element "subsection" not allowed anywhere; expected text, element "_", "a-component", "assignable", "audit-table", "choice", "comment", "ctr", "depends", "endnote", "equation", "ext-comp-class", "ext-comp-def", "external-doc", "f-component", "figure", "if-opt-app", "implements", "no-link", "provides", "refinement", "requires", "rule", "section", "selectables", "snip", "testlist", "usecases" or "xref" or an element from another namespace
/home/runner/work/sdn-controller/sdn-controller/output/effective.xml:48:19: error: element "term" not allowed here; expected element "version"
/home/runner/work/sdn-controller/sdn-controller/output/effective.xml:48:19: error: element "term" missing required attribute "full"
/home/runner/work/sdn-controller/sdn-controller/output/effective.xml:48:49: error: element "abbr" not allowed anywhere; expected the element end-tag, text, element "_", "assignable", "choice", "comment", "ctr", "depends", "endnote", "equation", "external-doc", "figure", "if-opt-app", "implements", "no-link", "provides", "refinement", "requires", "rule", "selectables", "snip", "testlist" or "xref" or an element from another namespace
/home/runner/work/sdn-controller/sdn-controller/output/effective.xml:49:26: error: element "description" not allowed here; expected element "version"
/home/runner/work/sdn-controller/sdn-controller/output/effective.xml:51:19: error: element "entry" incomplete; missing required element "version"
/home/runner/work/sdn-controller/sdn-controller/output/effective.xml:53:19: error: element "term" not allowed here; expected element "version"
/home/runner/work/sdn-controller/sdn-controller/output/effective.xml:53:19: error: element "term" missing required attribute "full"
/home/runner/work/sdn-controller/sdn-controller/output/effective.xml:53:63: error: element "abbr" not allowed anywhere; expected the element end-tag, text, element "_", "assignable", "choice", "comment", "ctr", "depends", "endnote", "equation", "external-doc", "figure", "if-opt-app", "implements", "no-link", "provides", "refinement", "requires", "rule", "selectables", "snip", "testlist" or "xref" or an element from another namespace
/home/runner/work/sdn-controller/sdn-controller/output/effective.xml:54:26: error: element "description" not allowed here; expected element "version"
/home/runner/work/sdn-controller/sdn-controller/output/effective.xml:56:19: error: element "entry" incomplete; missing required element "version"
/home/runner/work/sdn-controller/sdn-controller/output/effective.xml:58:19: error: element "term" not allowed here; expected element "version"
/home/runner/work/sdn-controller/sdn-controller/output/effective.xml:58:19: error: element "term" missing required attribute "full"
/home/runner/work/sdn-controller/sdn-controller/output/effective.xml:58:52: error: element "abbr" not allowed anywhere; expected the element end-tag, text, element "_", "assignable", "choice", "comment", "ctr", "depends", "endnote", "equation", "external-doc", "figure", "if-opt-app", "implements", "no-link", "provides", "refinement", "requires", "rule", "selectables", "snip", "testlist" or "xref" or an element from another namespace
/home/runner/work/sdn-controller/sdn-controller/output/effective.xml:59:26: error: element "description" not allowed here; expected element "version"
/home/runner/work/sdn-controller/sdn-controller/output/effective.xml:61:19: error: element "entry" incomplete; missing required element "version"
/home/runner/work/sdn-controller/sdn-controller/output/effective.xml:63:19: error: element "term" not allowed here; expected element "version"
/home/runner/work/sdn-controller/sdn-controller/output/effective.xml:63:19: error: element "term" missing required attribute "full"
/home/runner/work/sdn-controller/sdn-controller/output/effective.xml:63:49: error: element "abbr" not allowed anywhere; expected the element end-tag, text, element "_", "assignable", "choice", "comment", "ctr", "depends", "endnote", "equation", "external-doc", "figure", "if-opt-app", "implements", "no-link", "provides", "refinement", "requires", "rule", "selectables", "snip", "testlist" or "xref" or an element from another namespace
/home/runner/work/sdn-controller/sdn-controller/output/effective.xml:64:26: error: element "description" not allowed here; expected element "version"
/home/runner/work/sdn-controller/sdn-controller/output/effective.xml:66:19: error: element "entry" incomplete; missing required element "version"
/home/runner/work/sdn-controller/sdn-controller/output/effective.xml:68:19: error: element "term" not allowed here; expected element "version"
/home/runner/work/sdn-controller/sdn-controller/output/effective.xml:68:19: error: element "term" missing required attribute "full"
/home/runner/work/sdn-controller/sdn-controller/output/effective.xml:68:54: error: element "abbr" not allowed anywhere; expected the element end-tag, text, element "_", "assignable", "choice", "comment", "ctr", "depends", "endnote", "equation", "external-doc", "figure", "if-opt-app", "implements", "no-link", "provides", "refinement", "requires", "rule", "selectables", "snip", "testlist" or "xref" or an element from another namespace
/home/runner/work/sdn-controller/sdn-controller/output/effective.xml:69:26: error: element "description" not allowed here; expected element "version"
/home/runner/work/sdn-controller/sdn-controller/output/effective.xml:72:19: error: element "entry" incomplete; missing required element "version"
/home/runner/work/sdn-controller/sdn-controller/output/effective.xml:74:19: error: element "term" not allowed here; expected element "version"
/home/runner/work/sdn-controller/sdn-controller/output/effective.xml:74:19: error: element "term" missing required attribute "full"
/home/runner/work/sdn-controller/sdn-controller/output/effective.xml:74:60: error: element "abbr" not allowed anywhere; expected the element end-tag, text, element "_", "assignable", "choice", "comment", "ctr", "depends", "endnote", "equation", "external-doc", "figure", "if-opt-app", "implements", "no-link", "provides", "refinement", "requires", "rule", "selectables", "snip", "testlist" or "xref" or an element from another namespace
/home/runner/work/sdn-controller/sdn-controller/output/effective.xml:75:26: error: element "description" not allowed here; expected element "version"
/home/runner/work/sdn-controller/sdn-controller/output/effective.xml:76:19: error: element "entry" incomplete; missing required element "version"
/home/runner/work/sdn-controller/sdn-controller/output/effective.xml:78:19: error: element "term" not allowed here; expected element "version"
/home/runner/work/sdn-controller/sdn-controller/output/effective.xml:78:19: error: element "term" missing required attribute "full"
/home/runner/work/sdn-controller/sdn-controller/output/effective.xml:78:59: error: element "abbr" not allowed anywhere; expected the element end-tag, text, element "_", "assignable", "choice", "comment", "ctr", "depends", "endnote", "equation", "external-doc", "figure", "if-opt-app", "implements", "no-link", "provides", "refinement", "requires", "rule", "selectables", "snip", "testlist" or "xref" or an element from another namespace
/home/runner/work/sdn-controller/sdn-controller/output/effective.xml:79:26: error: element "description" not allowed here; expected element "version"
/home/runner/work/sdn-controller/sdn-controller/output/effective.xml:79:70: error: element "abbr" not allowed anywhere; expected the element end-tag, text, element "_", "assignable", "choice", "comment", "ctr", "depends", "endnote", "equation", "external-doc", "figure", "if-opt-app", "implements", "no-link", "provides", "refinement", "requires", "rule", "selectables", "snip", "testlist" or "xref" or an element from another namespace
/home/runner/work/sdn-controller/sdn-controller/output/effective.xml:79:115: error: element "abbr" not allowed anywhere; expected the element end-tag, text, element "_", "assignable", "choice", "comment", "ctr", "depends", "endnote", "equation", "external-doc", "figure", "if-opt-app", "implements", "no-link", "provides", "refinement", "requires", "rule", "selectables", "snip", "testlist" or "xref" or an element from another namespace
/home/runner/work/sdn-controller/sdn-controller/output/effective.xml:80:19: error: element "entry" incomplete; missing required element "version"
/home/runner/work/sdn-controller/sdn-controller/output/effective.xml:82:19: error: element "term" not allowed here; expected element "version"
/home/runner/work/sdn-controller/sdn-controller/output/effective.xml:82:19: error: element "term" missing required attribute "full"
/home/runner/work/sdn-controller/sdn-controller/output/effective.xml:82:65: error: element "abbr" not allowed anywhere; expected the element end-tag, text, element "_", "assignable", "choice", "comment", "ctr", "depends", "endnote", "equation", "external-doc", "figure", "if-opt-app", "implements", "no-link", "provides", "refinement", "requires", "rule", "selectables", "snip", "testlist" or "xref" or an element from another namespace
/home/runner/work/sdn-controller/sdn-controller/output/effective.xml:83:26: error: element "description" not allowed here; expected element "version"
/home/runner/work/sdn-controller/sdn-controller/output/effective.xml:83:93: error: element "abbr" not allowed anywhere; expected the element end-tag, text, element "_", "assignable", "choice", "comment", "ctr", "depends", "endnote", "equation", "external-doc", "figure", "if-opt-app", "implements", "no-link", "provides", "refinement", "requires", "rule", "selectables", "snip", "testlist" or "xref" or an element from another namespace
/home/runner/work/sdn-controller/sdn-controller/output/effective.xml:85:19: error: element "entry" incomplete; missing required element "version"
/home/runner/work/sdn-controller/sdn-controller/output/effective.xml:87:19: error: element "term" not allowed here; expected element "version"
/home/runner/work/sdn-controller/sdn-controller/output/effective.xml:87:19: error: element "term" missing required attribute "full"
/home/runner/work/sdn-controller/sdn-controller/output/effective.xml:87:64: error: element "abbr" not allowed anywhere; expected the element end-tag, text, element "_", "assignable", "choice", "comment", "ctr", "depends", "endnote", "equation", "external-doc", "figure", "if-opt-app", "implements", "no-link", "provides", "refinement", "requires", "rule", "selectables", "snip", "testlist" or "xref" or an element from another namespace
/home/runner/work/sdn-controller/sdn-controller/output/effective.xml:88:26: error: element "description" not allowed here; expected element "version"
/home/runner/work/sdn-controller/sdn-controller/output/effective.xml:88:91: error: element "abbr" not allowed anywhere; expected the element end-tag, text, element "_", "assignable", "choice", "comment", "ctr", "depends", "endnote", "equation", "external-doc", "figure", "if-opt-app", "implements", "no-link", "provides", "refinement", "requires", "rule", "selectables", "snip", "testlist" or "xref" or an element from another namespace
/home/runner/work/sdn-controller/sdn-controller/output/effective.xml:90:19: error: element "entry" incomplete; missing required element "version"
/home/runner/work/sdn-controller/sdn-controller/output/effective.xml:93:59: error: element "subsection" not allowed anywhere; expected text, element "_", "a-component", "assignable", "audit-table", "choice", "comment", "ctr", "depends", "endnote", "equation", "ext-comp-class", "ext-comp-def", "external-doc", "f-component", "figure", "if-opt-app", "implements", "no-link", "provides", "refinement", "requires", "rule", "section", "selectables", "snip", "testlist", "usecases" or "xref" or an element from another namespace
/home/runner/work/sdn-controller/sdn-controller/output/effective.xml:96:19: error: element "term" not allowed here; expected element "version"
/home/runner/work/sdn-controller/sdn-controller/output/effective.xml:96:19: error: element "term" missing required attribute "full"
/home/runner/work/sdn-controller/sdn-controller/output/effective.xml:96:44: error: element "abbr" not allowed anywhere; expected the element end-tag, text, element "_", "assignable", "choice", "comment", "ctr", "depends", "endnote", "equation", "external-doc", "figure", "if-opt-app", "implements", "no-link", "provides", "refinement", "requires", "rule", "selectables", "snip", "testlist" or "xref" or an element from another namespace
/home/runner/work/sdn-controller/sdn-controller/output/effective.xml:97:26: error: element "description" not allowed here; expected element "version"
/home/runner/work/sdn-controller/sdn-controller/output/effective.xml:99:19: error: element "entry" incomplete; missing required element "version"
/home/runner/work/sdn-controller/sdn-controller/output/effective.xml:102:14: error: element "entry" incomplete; missing required element "version"
/home/runner/work/sdn-controller/sdn-controller/output/effective.xml:104:57: error: element "subsection" not allowed anywhere; expected text, element "_", "a-component", "assignable", "audit-table", "choice", "class-description", "comment", "ctr", "depends", "endnote", "equation", "ext-comp-class", "ext-comp-def", "external-doc", "f-component", "figure", "if-opt-app", "implements", "no-link", "provides", "refinement", "requires", "rule", "section", "selectables", "snip", "testlist", "usecases" or "xref" or an element from another namespace
/home/runner/work/sdn-controller/sdn-controller/output/effective.xml:105:82: error: element "subsection" not allowed anywhere; expected text, element "_", "a-component", "assignable", "audit-table", "choice", "class-description", "comment", "ctr", "depends", "endnote", "equation", "ext-comp-class", "ext-comp-def", "external-doc", "f-component", "figure", "if-opt-app", "implements", "no-link", "provides", "refinement", "requires", "rule", "section", "selectables", "snip", "testlist", "usecases" or "xref" or an element from another namespace
/home/runner/work/sdn-controller/sdn-controller/output/effective.xml:107:57: error: element "subsection" not allowed anywhere; expected text, element "_", "a-component", "assignable", "audit-table", "choice", "class-description", "comment", "ctr", "depends", "endnote", "equation", "ext-comp-class", "ext-comp-def", "external-doc", "f-component", "figure", "if-opt-app", "implements", "no-link", "provides", "refinement", "requires", "rule", "section", "selectables", "snip", "testlist", "usecases" or "xref" or an element from another namespace
/home/runner/work/sdn-controller/sdn-controller/output/effective.xml:109:15: error: element "subsection" not allowed anywhere; expected text, element "_", "a-component", "assignable", "audit-table", "choice", "class-description", "comment", "ctr", "depends", "endnote", "equation", "ext-comp-class", "ext-comp-def", "external-doc", "f-component", "figure", "if-opt-app", "implements", "no-link", "provides", "refinement", "requires", "rule", "section", "selectables", "snip", "testlist", "usecases" or "xref" or an element from another namespace
/home/runner/work/sdn-controller/sdn-controller/output/effective.xml:120:15: error: element "subsection" not allowed anywhere; expected text, element "_", "a-component", "assignable", "audit-table", "choice", "class-description", "comment", "ctr", "depends", "endnote", "equation", "ext-comp-class", "ext-comp-def", "external-doc", "f-component", "figure", "if-opt-app", "implements", "no-link", "provides", "refinement", "requires", "rule", "section", "selectables", "snip", "testlist", "usecases" or "xref" or an element from another namespace
/home/runner/work/sdn-controller/sdn-controller/output/effective.xml:122:48: error: element "chapter" not allowed anywhere; expected element "foreword", "include-pkg", "modules", "pp-preferences", "section" or "subaactivity-decl" or an element from another namespace
/home/runner/work/sdn-controller/sdn-controller/output/effective.xml:124:42: error: attribute "id" not allowed here; expected attribute "name"
/home/runner/work/sdn-controller/sdn-controller/output/effective.xml:124:42: error: element "cclaim" missing required attribute "name"
/home/runner/work/sdn-controller/sdn-controller/output/effective.xml:125:74: error: element "abbr" not allowed anywhere; expected the element end-tag, text, element "_", "assignable", "choice", "comment", "ctr", "depends", "endnote", "equation", "external-doc", "figure", "if-opt-app", "implements", "no-link", "provides", "refinement", "requires", "rule", "selectables", "snip", "testlist" or "xref" or an element from another namespace
/home/runner/work/sdn-controller/sdn-controller/output/effective.xml:126:92: error: element "cite" not allowed anywhere; expected the element end-tag, text, element "_", "assignable", "choice", "comment", "ctr", "depends", "endnote", "equation", "external-doc", "figure", "if-opt-app", "implements", "no-link", "provides", "refinement", "requires", "rule", "selectables", "snip", "testlist" or "xref" or an element from another namespace
/home/runner/work/sdn-controller/sdn-controller/output/effective.xml:127:46: error: element "abbr" not allowed anywhere; expected the element end-tag, text, element "_", "assignable", "choice", "comment", "ctr", "depends", "endnote", "equation", "external-doc", "figure", "if-opt-app", "implements", "no-link", "provides", "refinement", "requires", "rule", "selectables", "snip", "testlist" or "xref" or an element from another namespace
/home/runner/work/sdn-controller/sdn-controller/output/effective.xml:135:37: error: element "InsertAppendixExplainer" not allowed anywhere; expected the element end-tag, text, element "_", "assignable", "choice", "comment", "ctr", "depends", "endnote", "equation", "external-doc", "figure", "if-opt-app", "implements", "no-link", "provides", "refinement", "requires", "rule", "selectables", "snip", "testlist" or "xref" or an element from another namespace
/home/runner/work/sdn-controller/sdn-controller/output/effective.xml:135:62: error: element "abbr" not allowed anywhere; expected the element end-tag, text, element "_", "assignable", "choice", "comment", "ctr", "depends", "endnote", "equation", "external-doc", "figure", "if-opt-app", "implements", "no-link", "provides", "refinement", "requires", "rule", "selectables", "snip", "testlist" or "xref" or an element from another namespace
/home/runner/work/sdn-controller/sdn-controller/output/effective.xml:137:76: error: element "abbr" not allowed anywhere; expected the element end-tag, text, element "_", "assignable", "choice", "comment", "ctr", "depends", "endnote", "equation", "external-doc", "figure", "if-opt-app", "implements", "no-link", "provides", "refinement", "requires", "rule", "selectables", "snip", "testlist" or "xref" or an element from another namespace
/home/runner/work/sdn-controller/sdn-controller/output/effective.xml:141:66: error: element "cite" not allowed anywhere; expected the element end-tag, text, element "_", "assignable", "choice", "comment", "ctr", "depends", "endnote", "equation", "external-doc", "figure", "if-opt-app", "implements", "no-link", "provides", "refinement", "requires", "rule", "selectables", "snip", "testlist" or "xref" or an element from another namespace
/home/runner/work/sdn-controller/sdn-controller/output/effective.xml:141:108: error: element "appref" not allowed anywhere; expected the element end-tag, text, element "_", "assignable", "choice", "comment", "ctr", "depends", "endnote", "equation", "external-doc", "figure", "if-opt-app", "implements", "no-link", "provides", "refinement", "requires", "rule", "selectables", "snip", "testlist" or "xref" or an element from another namespace
/home/runner/work/sdn-controller/sdn-controller/output/effective.xml:146:42: error: attribute "id" not allowed here; expected attribute "name"
/home/runner/work/sdn-controller/sdn-controller/output/effective.xml:146:42: error: element "cclaim" missing required attribute "name"
/home/runner/work/sdn-controller/sdn-controller/output/effective.xml:148:58: error: element "cite" not allowed anywhere; expected the element end-tag, text, element "_", "assignable", "choice", "comment", "ctr", "depends", "endnote", "equation", "external-doc", "figure", "if-opt-app", "implements", "no-link", "provides", "refinement", "requires", "rule", "selectables", "snip", "testlist" or "xref" or an element from another namespace
/home/runner/work/sdn-controller/sdn-controller/output/effective.xml:150:29: error: attribute "id" not allowed here; expected attribute "name"
/home/runner/work/sdn-controller/sdn-controller/output/effective.xml:150:29: error: element "cclaim" missing required attribute "name"
/home/runner/work/sdn-controller/sdn-controller/output/effective.xml:154:34: error: attribute "id" not allowed here; expected attribute "name"
/home/runner/work/sdn-controller/sdn-controller/output/effective.xml:154:34: error: element "cclaim" missing required attribute "name"
/home/runner/work/sdn-controller/sdn-controller/output/effective.xml:157:15: error: element "cclaim" missing required attribute "name"
/home/runner/work/sdn-controller/sdn-controller/output/effective.xml:159:57: error: element "chapter" not allowed anywhere; expected element "foreword", "include-pkg", "modules", "pp-preferences", "section" or "subaactivity-decl" or an element from another namespace
/home/runner/work/sdn-controller/sdn-controller/output/effective.xml:164:29: error: element "threat" missing required attribute "name"
/home/runner/work/sdn-controller/sdn-controller/output/effective.xml:172:15: error: element "threat" missing required attribute "name"
/home/runner/work/sdn-controller/sdn-controller/output/effective.xml:175:33: error: element "assumption" missing required attribute "name"
/home/runner/work/sdn-controller/sdn-controller/output/effective.xml:183:15: error: element "assumption" missing required attribute "name"
/home/runner/work/sdn-controller/sdn-controller/output/effective.xml:199:49: error: element "chapter" not allowed anywhere; expected element "foreword", "include-pkg", "modules", "pp-preferences", "section" or "subaactivity-decl" or an element from another namespace
/home/runner/work/sdn-controller/sdn-controller/output/effective.xml:202:35: error: element "SO" missing required attribute "name"
/home/runner/work/sdn-controller/sdn-controller/output/effective.xml:203:56: error: element "abbr" not allowed anywhere; expected the element end-tag, text, element "_", "assignable", "choice", "comment", "ctr", "depends", "endnote", "equation", "external-doc", "figure", "if-opt-app", "implements", "no-link", "provides", "refinement", "requires", "rule", "selectables", "snip", "testlist" or "xref" or an element from another namespace
/home/runner/work/sdn-controller/sdn-controller/output/effective.xml:208:45: error: element "component-refer" not allowed anywhere; expected element "addressed-by"
/home/runner/work/sdn-controller/sdn-controller/output/effective.xml:209:14: error: element "SO" incomplete; missing required element "addressed-by"
/home/runner/work/sdn-controller/sdn-controller/output/effective.xml:211:15: error: element "SO" incomplete; missing required element "addressed-by"
/home/runner/work/sdn-controller/sdn-controller/output/effective.xml:213:50: error: element "abbr" not allowed anywhere; expected text, element "SOEs", "_", "a-component", "assignable", "audit-table", "choice", "comment", "ctr", "depends", "endnote", "equation", "ext-comp-class", "ext-comp-def", "external-doc", "f-component", "figure", "if-opt-app", "implements", "no-link", "provides", "refinement", "requires", "rule", "section", "selectables", "snip", "testlist", "usecases" or "xref" or an element from another namespace
/home/runner/work/sdn-controller/sdn-controller/output/effective.xml:215:31: error: element "SOE" missing required attribute "name"
/home/runner/work/sdn-controller/sdn-controller/output/effective.xml:216:48: error: element "abbr" not allowed anywhere; expected the element end-tag, text, element "_", "assignable", "choice", "comment", "ctr", "depends", "endnote", "equation", "external-doc", "figure", "if-opt-app", "implements", "no-link", "provides", "refinement", "requires", "rule", "selectables", "snip", "testlist" or "xref" or an element from another namespace
/home/runner/work/sdn-controller/sdn-controller/output/effective.xml:219:34: error: element "SOE" missing required attribute "name"
/home/runner/work/sdn-controller/sdn-controller/output/effective.xml:220:61: error: element "abbr" not allowed anywhere; expected the element end-tag, text, element "_", "assignable", "choice", "comment", "ctr", "depends", "endnote", "equation", "external-doc", "figure", "if-opt-app", "implements", "no-link", "provides", "refinement", "requires", "rule", "selectables", "snip", "testlist" or "xref" or an element from another namespace
/home/runner/work/sdn-controller/sdn-controller/output/effective.xml:226:35: error: element "SOE" missing required attribute "name"
/home/runner/work/sdn-controller/sdn-controller/output/effective.xml:227:70: error: element "abbr" not allowed anywhere; expected the element end-tag, text, element "_", "assignable", "choice", "comment", "ctr", "depends", "endnote", "equation", "external-doc", "figure", "if-opt-app", "implements", "no-link", "provides", "refinement", "requires", "rule", "selectables", "snip", "testlist" or "xref" or an element from another namespace
/home/runner/work/sdn-controller/sdn-controller/output/effective.xml:231:24: error: element "abbr" not allowed anywhere; expected the element end-tag, text, element "_", "assignable", "choice", "comment", "ctr", "depends", "endnote", "equation", "external-doc", "figure", "if-opt-app", "implements", "no-link", "provides", "refinement", "requires", "rule", "selectables", "snip", "testlist" or "xref" or an element from another namespace
/home/runner/work/sdn-controller/sdn-controller/output/effective.xml:234:33: error: element "InsertSPDCorrespondence" not allowed anywhere; expected text, element "_", "a-component", "assignable", "audit-table", "choice", "comment", "ctr", "depends", "endnote", "equation", "ext-comp-class", "ext-comp-def", "external-doc", "f-component", "figure", "if-opt-app", "implements", "no-link", "provides", "refinement", "requires", "rule", "section", "selectables", "snip", "testlist", "usecases" or "xref" or an element from another namespace
/home/runner/work/sdn-controller/sdn-controller/output/effective.xml:234:43: error: element "InsertSPDCorrespondence" not allowed anywhere; expected text, element "_", "a-component", "assignable", "audit-table", "choice", "comment", "ctr", "depends", "endnote", "equation", "ext-comp-class", "ext-comp-def", "external-doc", "f-component", "figure", "if-opt-app", "implements", "no-link", "provides", "refinement", "requires", "rule", "section", "selectables", "snip", "testlist", "usecases" or "xref" or an element from another namespace
/home/runner/work/sdn-controller/sdn-controller/output/effective.xml:236:51: error: element "chapter" not allowed anywhere; expected element "foreword", "include-pkg", "modules", "pp-preferences", "section" or "subaactivity-decl" or an element from another namespace
/home/runner/work/sdn-controller/sdn-controller/output/effective.xml:253:12: error: element "chapter" not allowed anywhere; expected element "foreword", "include-pkg", "modules", "pp-preferences", "section" or "subaactivity-decl" or an element from another namespace
/home/runner/work/sdn-controller/sdn-controller/output/effective.xml:261:42: error: element "subsection" not allowed anywhere; expected text, element "_", "a-component", "assignable", "audit-table", "choice", "comment", "ctr", "depends", "endnote", "equation", "ext-comp-class", "ext-comp-def", "external-doc", "f-component", "figure", "if-opt-app", "implements", "no-link", "provides", "refinement", "requires", "rule", "section", "selectables", "snip", "testlist", "usecases" or "xref" or an element from another namespace
/home/runner/work/sdn-controller/sdn-controller/output/effective.xml:262:69: error: value of attribute "status" is invalid; must be equal to "feat-based", "invisible", "objective", "optional" or "sel-based"
/home/runner/work/sdn-controller/sdn-controller/output/effective.xml:262:69: error: element "f-component" missing required attribute "cc-id"
/home/runner/work/sdn-controller/sdn-controller/output/effective.xml:263:39: error: value of attribute "id" is invalid; must be a string matching the regular expression "[a-zA-Z][\-0-9a-zA-Z_]+"
/home/runner/work/sdn-controller/sdn-controller/output/effective.xml:268:18: error: element "aactivity" incomplete; expected text, element "Guidance", "KMD", "TSS", "Tests", "_", "also", "assignable", "choice", "comment", "ctr", "depends", "endnote", "equation", "external-doc", "figure", "if-opt-app", "implements", "no-link", "no-tests", "provides", "refinement", "requires", "rule", "selectables", "snip", "testlist" or "xref" or an element from another namespace
/home/runner/work/sdn-controller/sdn-controller/output/effective.xml:270:23: error: element "aactivity" incomplete; expected text, element "Guidance", "KMD", "TSS", "Tests", "_", "also", "assignable", "choice", "comment", "ctr", "depends", "endnote", "equation", "external-doc", "figure", "if-opt-app", "implements", "no-link", "no-tests", "provides", "refinement", "requires", "rule", "selectables", "snip", "testlist" or "xref" or an element from another namespace
/home/runner/work/sdn-controller/sdn-controller/output/effective.xml:272:15: error: element "aactivity" incomplete; expected text, element "Guidance", "KMD", "TSS", "Tests", "_", "also", "assignable", "choice", "comment", "ctr", "depends", "endnote", "equation", "external-doc", "figure", "if-opt-app", "implements", "no-link", "no-tests", "provides", "refinement", "requires", "rule", "selectables", "snip", "testlist" or "xref" or an element from another namespace
/home/runner/work/sdn-controller/sdn-controller/output/effective.xml:275:30: error: element "secref" not allowed anywhere; expected text, element "_", "a-component", "assignable", "audit-table", "choice", "comment", "ctr", "depends", "endnote", "equation", "ext-comp-class", "ext-comp-def", "external-doc", "f-component", "figure", "if-opt-app", "implements", "no-link", "provides", "refinement", "requires", "rule", "section", "selectables", "snip", "testlist", "usecases" or "xref" or an element from another namespace
/home/runner/work/sdn-controller/sdn-controller/output/effective.xml:276:34: error: element "secref" not allowed anywhere; expected text, element "_", "a-component", "assignable", "audit-table", "choice", "comment", "ctr", "depends", "endnote", "equation", "ext-comp-class", "ext-comp-def", "external-doc", "f-component", "figure", "if-opt-app", "implements", "no-link", "provides", "refinement", "requires", "rule", "section", "selectables", "snip", "testlist", "usecases" or "xref" or an element from another namespace
/home/runner/work/sdn-controller/sdn-controller/output/effective.xml:276:95: error: element "abbr" not allowed anywhere; expected text, element "_", "a-component", "assignable", "audit-table", "choice", "comment", "ctr", "depends", "endnote", "equation", "ext-comp-class", "ext-comp-def", "external-doc", "f-component", "figure", "if-opt-app", "implements", "no-link", "provides", "refinement", "requires", "rule", "section", "selectables", "snip", "testlist", "usecases" or "xref" or an element from another namespace
/home/runner/work/sdn-controller/sdn-controller/output/effective.xml:277:34: error: element "secref" not allowed anywhere; expected text, element "_", "a-component", "assignable", "audit-table", "choice", "comment", "ctr", "depends", "endnote", "equation", "ext-comp-class", "ext-comp-def", "external-doc", "f-component", "figure", "if-opt-app", "implements", "no-link", "provides", "refinement", "requires", "rule", "section", "selectables", "snip", "testlist", "usecases" or "xref" or an element from another namespace
/home/runner/work/sdn-controller/sdn-controller/output/effective.xml:278:76: error: element "abbr" not allowed anywhere; expected text, element "_", "a-component", "assignable", "audit-table", "choice", "comment", "ctr", "depends", "endnote", "equation", "ext-comp-class", "ext-comp-def", "external-doc", "f-component", "figure", "if-opt-app", "implements", "no-link", "provides", "refinement", "requires", "rule", "section", "selectables", "snip", "testlist", "usecases" or "xref" or an element from another namespace
/home/runner/work/sdn-controller/sdn-controller/output/effective.xml:280:87: error: element "abbr" not allowed anywhere; expected text, element "_", "a-component", "assignable", "audit-table", "choice", "comment", "ctr", "depends", "endnote", "equation", "ext-comp-class", "ext-comp-def", "external-doc", "f-component", "figure", "if-opt-app", "implements", "no-link", "provides", "refinement", "requires", "rule", "section", "selectables", "snip", "testlist", "usecases" or "xref" or an element from another namespace
/home/runner/work/sdn-controller/sdn-controller/output/effective.xml:282:105: error: element "secref" not allowed anywhere; expected text, element "_", "a-component", "assignable", "audit-table", "choice", "comment", "ctr", "depends", "endnote", "equation", "ext-comp-class", "ext-comp-def", "external-doc", "f-component", "figure", "if-opt-app", "implements", "no-link", "provides", "refinement", "requires", "rule", "section", "selectables", "snip", "testlist", "usecases" or "xref" or an element from another namespace
/home/runner/work/sdn-controller/sdn-controller/output/effective.xml:282:198: error: element "abbr" not allowed anywhere; expected text, element "_", "a-component", "assignable", "audit-table", "choice", "comment", "ctr", "depends", "endnote", "equation", "ext-comp-class", "ext-comp-def", "external-doc", "f-component", "figure", "if-opt-app", "implements", "no-link", "provides", "refinement", "requires", "rule", "section", "selectables", "snip", "testlist", "usecases" or "xref" or an element from another namespace
/home/runner/work/sdn-controller/sdn-controller/output/effective.xml:283:29: error: element "abbr" not allowed anywhere; expected text, element "_", "a-component", "assignable", "audit-table", "choice", "comment", "ctr", "depends", "endnote", "equation", "ext-comp-class", "ext-comp-def", "external-doc", "f-component", "figure", "if-opt-app", "implements", "no-link", "provides", "refinement", "requires", "rule", "section", "selectables", "snip", "testlist", "usecases" or "xref" or an element from another namespace
/home/runner/work/sdn-controller/sdn-controller/output/effective.xml:283:151: error: element "abbr" not allowed anywhere; expected text, element "_", "a-component", "assignable", "audit-table", "choice", "comment", "ctr", "depends", "endnote", "equation", "ext-comp-class", "ext-comp-def", "external-doc", "f-component", "figure", "if-opt-app", "implements", "no-link", "provides", "refinement", "requires", "rule", "section", "selectables", "snip", "testlist", "usecases" or "xref" or an element from another namespace
/home/runner/work/sdn-controller/sdn-controller/output/effective.xml:284:29: error: element "abbr" not allowed anywhere; expected text, element "_", "a-component", "assignable", "audit-table", "choice", "comment", "ctr", "depends", "endnote", "equation", "ext-comp-class", "ext-comp-def", "external-doc", "f-component", "figure", "if-opt-app", "implements", "no-link", "provides", "refinement", "requires", "rule", "section", "selectables", "snip", "testlist", "usecases" or "xref" or an element from another namespace
/home/runner/work/sdn-controller/sdn-controller/output/effective.xml:287:47: error: element "secref" not allowed anywhere; expected text, element "_", "a-component", "assignable", "audit-table", "choice", "comment", "ctr", "depends", "endnote", "equation", "ext-comp-class", "ext-comp-def", "external-doc", "f-component", "figure", "if-opt-app", "implements", "no-link", "provides", "refinement", "requires", "rule", "section", "selectables", "snip", "testlist", "usecases" or "xref" or an element from another namespace
/home/runner/work/sdn-controller/sdn-controller/output/effective.xml:289:80: error: element "secref" not allowed anywhere; expected text, element "_", "a-component", "assignable", "audit-table", "choice", "comment", "ctr", "depends", "endnote", "equation", "ext-comp-class", "ext-comp-def", "external-doc", "f-component", "figure", "if-opt-app", "implements", "no-link", "provides", "refinement", "requires", "rule", "section", "selectables", "snip", "testlist", "usecases" or "xref" or an element from another namespace
/home/runner/work/sdn-controller/sdn-controller/output/effective.xml:291:76: error: element "subsection" not allowed anywhere; expected text, element "_", "a-component", "assignable", "audit-table", "choice", "comment", "ctr", "depends", "endnote", "equation", "ext-comp-class", "ext-comp-def", "external-doc", "f-component", "figure", "if-opt-app", "implements", "no-link", "provides", "refinement", "requires", "rule", "section", "selectables", "snip", "testlist", "usecases" or "xref" or an element from another namespace
/home/runner/work/sdn-controller/sdn-controller/output/effective.xml:293:59: error: element "subsection" not allowed anywhere; expected text, element "_", "a-component", "assignable", "audit-table", "choice", "comment", "ctr", "depends", "endnote", "equation", "ext-comp-class", "ext-comp-def", "external-doc", "f-component", "figure", "if-opt-app", "implements", "no-link", "provides", "refinement", "requires", "rule", "section", "selectables", "snip", "testlist", "usecases" or "xref" or an element from another namespace
/home/runner/work/sdn-controller/sdn-controller/output/effective.xml:298:89: error: element "a-component" missing required attribute "cc-id"
/home/runner/work/sdn-controller/sdn-controller/output/effective.xml:299:78: error: element "abbr" not allowed anywhere; expected text, element "_", "a-element", "assignable", "choice", "comment", "ctr", "depends", "endnote", "equation", "external-doc", "figure", "if-opt-app", "implements", "no-link", "provides", "refinement", "requires", "rule", "selectables", "snip", "summary", "testlist" or "xref" or an element from another namespace
/home/runner/work/sdn-controller/sdn-controller/output/effective.xml:301:39: error: element "abbr" not allowed anywhere; expected text, element "_", "a-element", "assignable", "choice", "comment", "ctr", "depends", "endnote", "equation", "external-doc", "figure", "if-opt-app", "implements", "no-link", "provides", "refinement", "requires", "rule", "selectables", "snip", "summary", "testlist" or "xref" or an element from another namespace
/home/runner/work/sdn-controller/sdn-controller/output/effective.xml:302:94: error: element "abbr" not allowed anywhere; expected text, element "_", "a-element", "assignable", "choice", "comment", "ctr", "depends", "endnote", "equation", "external-doc", "figure", "if-opt-app", "implements", "no-link", "provides", "refinement", "requires", "rule", "selectables", "snip", "summary", "testlist" or "xref" or an element from another namespace
/home/runner/work/sdn-controller/sdn-controller/output/effective.xml:306:36: error: element "abbr" not allowed anywhere; expected text, element "_", "a-element", "assignable", "choice", "comment", "ctr", "depends", "endnote", "equation", "external-doc", "figure", "if-opt-app", "implements", "no-link", "provides", "refinement", "requires", "rule", "selectables", "snip", "summary", "testlist" or "xref" or an element from another namespace
/home/runner/work/sdn-controller/sdn-controller/output/effective.xml:311:57: error: element "evalactionlabel" not allowed anywhere; expected text, element "_", "a-element", "assignable", "choice", "comment", "ctr", "depends", "endnote", "equation", "external-doc", "figure", "if-opt-app", "implements", "no-link", "provides", "refinement", "requires", "rule", "selectables", "snip", "summary", "testlist" or "xref" or an element from another namespace
/home/runner/work/sdn-controller/sdn-controller/output/effective.xml:312:42: error: value of attribute "id" is invalid; must be a string matching the regular expression "[\-a-zA-Z0-9]+"
/home/runner/work/sdn-controller/sdn-controller/output/effective.xml:312:42: error: element "a-element" missing required attribute "type"
/home/runner/work/sdn-controller/sdn-controller/output/effective.xml:315:42: error: value of attribute "id" is invalid; must be a string matching the regular expression "[\-a-zA-Z0-9]+"
/home/runner/work/sdn-controller/sdn-controller/output/effective.xml:315:42: error: element "a-element" missing required attribute "type"
/home/runner/work/sdn-controller/sdn-controller/output/effective.xml:322:97: error: element "abbr" not allowed anywhere; expected the element end-tag, text, element "_", "assignable", "choice", "comment", "ctr", "depends", "endnote", "equation", "external-doc", "figure", "if-opt-app", "implements", "no-link", "provides", "refinement", "requires", "rule", "selectables", "snip", "testlist" or "xref" or an element from another namespace
/home/runner/work/sdn-controller/sdn-controller/output/effective.xml:328:65: error: element "evalactionlabel" not allowed anywhere; expected element "a-element"
/home/runner/work/sdn-controller/sdn-controller/output/effective.xml:329:42: error: value of attribute "id" is invalid; must be a string matching the regular expression "[\-a-zA-Z0-9]+"
/home/runner/work/sdn-controller/sdn-controller/output/effective.xml:329:42: error: element "a-element" missing required attribute "type"
/home/runner/work/sdn-controller/sdn-controller/output/effective.xml:331:81: error: element "abbr" not allowed anywhere; expected the element end-tag, text, element "_", "assignable", "choice", "comment", "ctr", "depends", "endnote", "equation", "external-doc", "figure", "if-opt-app", "implements", "management-function-set", "no-link", "provides", "refinement", "requires", "rule", "selectables", "snip", "testlist" or "xref" or an element from another namespace
/home/runner/work/sdn-controller/sdn-controller/output/effective.xml:333:42: error: value of attribute "id" is invalid; must be a string matching the regular expression "[\-a-zA-Z0-9]+"
/home/runner/work/sdn-controller/sdn-controller/output/effective.xml:333:42: error: element "a-element" missing required attribute "type"
/home/runner/work/sdn-controller/sdn-controller/output/effective.xml:335:76: error: element "abbr" not allowed anywhere; expected the element end-tag, text, element "_", "assignable", "choice", "comment", "ctr", "depends", "endnote", "equation", "external-doc", "figure", "if-opt-app", "implements", "management-function-set", "no-link", "provides", "refinement", "requires", "rule", "selectables", "snip", "testlist" or "xref" or an element from another namespace
/home/runner/work/sdn-controller/sdn-controller/output/effective.xml:337:42: error: value of attribute "id" is invalid; must be a string matching the regular expression "[\-a-zA-Z0-9]+"
/home/runner/work/sdn-controller/sdn-controller/output/effective.xml:337:42: error: element "a-element" missing required attribute "type"
/home/runner/work/sdn-controller/sdn-controller/output/effective.xml:341:42: error: value of attribute "id" is invalid; must be a string matching the regular expression "[\-a-zA-Z0-9]+"
/home/runner/work/sdn-controller/sdn-controller/output/effective.xml:341:42: error: element "a-element" missing required attribute "type"
/home/runner/work/sdn-controller/sdn-controller/output/effective.xml:344:31: error: element "abbr" not allowed anywhere; expected the element end-tag, text, element "_", "assignable", "choice", "comment", "ctr", "depends", "endnote", "equation", "external-doc", "figure", "if-opt-app", "implements", "management-function-set", "no-link", "provides", "refinement", "requires", "rule", "selectables", "snip", "testlist" or "xref" or an element from another namespace
/home/runner/work/sdn-controller/sdn-controller/output/effective.xml:349:57: error: element "evalactionlabel" not allowed anywhere; expected element "a-element"
/home/runner/work/sdn-controller/sdn-controller/output/effective.xml:350:42: error: value of attribute "id" is invalid; must be a string matching the regular expression "[\-a-zA-Z0-9]+"
/home/runner/work/sdn-controller/sdn-controller/output/effective.xml:350:42: error: element "a-element" missing required attribute "type"
/home/runner/work/sdn-controller/sdn-controller/output/effective.xml:354:42: error: value of attribute "id" is invalid; must be a string matching the regular expression "[\-a-zA-Z0-9]+"
/home/runner/work/sdn-controller/sdn-controller/output/effective.xml:354:42: error: element "a-element" missing required attribute "type"
/home/runner/work/sdn-controller/sdn-controller/output/effective.xml:359:98: error: element "secref" not allowed anywhere; expected the element end-tag, text, element "_", "assignable", "choice", "comment", "ctr", "depends", "endnote", "equation", "external-doc", "figure", "if-opt-app", "implements", "no-link", "provides", "refinement", "requires", "rule", "selectables", "snip", "testlist" or "xref" or an element from another namespace
/home/runner/work/sdn-controller/sdn-controller/output/effective.xml:368:23: error: element "secref" not allowed anywhere; expected the element end-tag, text, element "_", "assignable", "choice", "comment", "ctr", "depends", "endnote", "equation", "external-doc", "figure", "if-opt-app", "implements", "no-link", "provides", "refinement", "requires", "rule", "selectables", "snip", "testlist" or "xref" or an element from another namespace
/home/runner/work/sdn-controller/sdn-controller/output/effective.xml:370:70: error: element "subsection" not allowed anywhere; expected text, element "_", "a-component", "assignable", "audit-table", "choice", "comment", "ctr", "depends", "endnote", "equation", "ext-comp-class", "ext-comp-def", "external-doc", "f-component", "figure", "if-opt-app", "implements", "no-link", "provides", "refinement", "requires", "rule", "section", "selectables", "snip", "testlist", "usecases" or "xref" or an element from another namespace
/home/runner/work/sdn-controller/sdn-controller/output/effective.xml:381:75: error: element "a-component" missing required attribute "cc-id"
/home/runner/work/sdn-controller/sdn-controller/output/effective.xml:382:57: error: element "evalactionlabel" not allowed anywhere; expected text, element "_", "a-element", "assignable", "choice", "comment", "ctr", "depends", "endnote", "equation", "external-doc", "figure", "if-opt-app", "implements", "no-link", "provides", "refinement", "requires", "rule", "selectables", "snip", "summary", "testlist" or "xref" or an element from another namespace
/home/runner/work/sdn-controller/sdn-controller/output/effective.xml:383:35: error: value of attribute "id" is invalid; must be a string matching the regular expression "[\-a-zA-Z0-9]+"
/home/runner/work/sdn-controller/sdn-controller/output/effective.xml:383:35: error: element "a-element" missing required attribute "type"
/home/runner/work/sdn-controller/sdn-controller/output/effective.xml:394:65: error: element "evalactionlabel" not allowed anywhere; expected element "a-element"
/home/runner/work/sdn-controller/sdn-controller/output/effective.xml:395:42: error: value of attribute "id" is invalid; must be a string matching the regular expression "[\-a-zA-Z0-9]+"
/home/runner/work/sdn-controller/sdn-controller/output/effective.xml:395:42: error: element "a-element" missing required attribute "type"
/home/runner/work/sdn-controller/sdn-controller/output/effective.xml:402:42: error: value of attribute "id" is invalid; must be a string matching the regular expression "[\-a-zA-Z0-9]+"
/home/runner/work/sdn-controller/sdn-controller/output/effective.xml:402:42: error: element "a-element" missing required attribute "type"
/home/runner/work/sdn-controller/sdn-controller/output/effective.xml:404:72: error: element "abbr" not allowed anywhere; expected the element end-tag, text, element "_", "assignable", "choice", "comment", "ctr", "depends", "endnote", "equation", "external-doc", "figure", "if-opt-app", "implements", "management-function-set", "no-link", "provides", "refinement", "requires", "rule", "selectables", "snip", "testlist" or "xref" or an element from another namespace
/home/runner/work/sdn-controller/sdn-controller/output/effective.xml:406:42: error: value of attribute "id" is invalid; must be a string matching the regular expression "[\-a-zA-Z0-9]+"
/home/runner/work/sdn-controller/sdn-controller/output/effective.xml:406:42: error: element "a-element" missing required attribute "type"
/home/runner/work/sdn-controller/sdn-controller/output/effective.xml:422:42: error: value of attribute "id" is invalid; must be a string matching the regular expression "[\-a-zA-Z0-9]+"
/home/runner/work/sdn-controller/sdn-controller/output/effective.xml:422:42: error: element "a-element" missing required attribute "type"
/home/runner/work/sdn-controller/sdn-controller/output/effective.xml:426:51: error: element "abbr" not allowed anywhere; expected the element end-tag, text, element "_", "assignable", "choice", "comment", "ctr", "depends", "endnote", "equation", "external-doc", "figure", "if-opt-app", "implements", "management-function-set", "no-link", "provides", "refinement", "requires", "rule", "selectables", "snip", "testlist" or "xref" or an element from another namespace
/home/runner/work/sdn-controller/sdn-controller/output/effective.xml:428:42: error: value of attribute "id" is invalid; must be a string matching the regular expression "[\-a-zA-Z0-9]+"
/home/runner/work/sdn-controller/sdn-controller/output/effective.xml:428:42: error: element "a-element" missing required attribute "type"
/home/runner/work/sdn-controller/sdn-controller/output/effective.xml:430:39: error: element "abbr" not allowed anywhere; expected the element end-tag, text, element "_", "assignable", "choice", "comment", "ctr", "depends", "endnote", "equation", "external-doc", "figure", "if-opt-app", "implements", "management-function-set", "no-link", "provides", "refinement", "requires", "rule", "selectables", "snip", "testlist" or "xref" or an element from another namespace
/home/runner/work/sdn-controller/sdn-controller/output/effective.xml:433:42: error: value of attribute "id" is invalid; must be a string matching the regular expression "[\-a-zA-Z0-9]+"
/home/runner/work/sdn-controller/sdn-controller/output/effective.xml:433:42: error: element "a-element" missing required attribute "type"
/home/runner/work/sdn-controller/sdn-controller/output/effective.xml:436:79: error: element "abbr" not allowed anywhere; expected the element end-tag, text, element "_", "assignable", "choice", "comment", "ctr", "depends", "endnote", "equation", "external-doc", "figure", "if-opt-app", "implements", "management-function-set", "no-link", "provides", "refinement", "requires", "rule", "selectables", "snip", "testlist" or "xref" or an element from another namespace
/home/runner/work/sdn-controller/sdn-controller/output/effective.xml:438:42: error: value of attribute "id" is invalid; must be a string matching the regular expression "[\-a-zA-Z0-9]+"
/home/runner/work/sdn-controller/sdn-controller/output/effective.xml:438:42: error: element "a-element" missing required attribute "type"
/home/runner/work/sdn-controller/sdn-controller/output/effective.xml:442:57: error: element "evalactionlabel" not allowed anywhere; expected element "a-element"
/home/runner/work/sdn-controller/sdn-controller/output/effective.xml:443:42: error: value of attribute "id" is invalid; must be a string matching the regular expression "[\-a-zA-Z0-9]+"
/home/runner/work/sdn-controller/sdn-controller/output/effective.xml:443:42: error: element "a-element" missing required attribute "type"
/home/runner/work/sdn-controller/sdn-controller/output/effective.xml:447:63: error: element "secref" not allowed anywhere; expected the element end-tag, text, element "_", "assignable", "choice", "comment", "ctr", "depends", "endnote", "equation", "external-doc", "figure", "if-opt-app", "implements", "no-link", "provides", "refinement", "requires", "rule", "selectables", "snip", "testlist" or "xref" or an element from another namespace
/home/runner/work/sdn-controller/sdn-controller/output/effective.xml:447:106: error: element "abbr" not allowed anywhere; expected the element end-tag, text, element "_", "assignable", "choice", "comment", "ctr", "depends", "endnote", "equation", "external-doc", "figure", "if-opt-app", "implements", "no-link", "provides", "refinement", "requires", "rule", "selectables", "snip", "testlist" or "xref" or an element from another namespace
/home/runner/work/sdn-controller/sdn-controller/output/effective.xml:447:148: error: element "cite" not allowed anywhere; expected the element end-tag, text, element "_", "assignable", "choice", "comment", "ctr", "depends", "endnote", "equation", "external-doc", "figure", "if-opt-app", "implements", "no-link", "provides", "refinement", "requires", "rule", "selectables", "snip", "testlist" or "xref" or an element from another namespace
/home/runner/work/sdn-controller/sdn-controller/output/effective.xml:448:112: error: element "abbr" not allowed anywhere; expected the element end-tag, text, element "_", "assignable", "choice", "comment", "ctr", "depends", "endnote", "equation", "external-doc", "figure", "if-opt-app", "implements", "no-link", "provides", "refinement", "requires", "rule", "selectables", "snip", "testlist" or "xref" or an element from another namespace
/home/runner/work/sdn-controller/sdn-controller/output/effective.xml:449:111: error: element "abbr" not allowed anywhere; expected the element end-tag, text, element "_", "assignable", "choice", "comment", "ctr", "depends", "endnote", "equation", "external-doc", "figure", "if-opt-app", "implements", "no-link", "provides", "refinement", "requires", "rule", "selectables", "snip", "testlist" or "xref" or an element from another namespace
/home/runner/work/sdn-controller/sdn-controller/output/effective.xml:451:35: error: element "abbr" not allowed anywhere; expected the element end-tag, text, element "_", "assignable", "choice", "comment", "ctr", "depends", "endnote", "equation", "external-doc", "figure", "if-opt-app", "implements", "no-link", "provides", "refinement", "requires", "rule", "selectables", "snip", "testlist" or "xref" or an element from another namespace
/home/runner/work/sdn-controller/sdn-controller/output/effective.xml:452:50: error: element "abbr" not allowed anywhere; expected the element end-tag, text, element "_", "assignable", "choice", "comment", "ctr", "depends", "endnote", "equation", "external-doc", "figure", "if-opt-app", "implements", "no-link", "provides", "refinement", "requires", "rule", "selectables", "snip", "testlist" or "xref" or an element from another namespace
/home/runner/work/sdn-controller/sdn-controller/output/effective.xml:453:47: error: element "abbr" not allowed anywhere; expected the element end-tag, text, element "_", "assignable", "choice", "comment", "ctr", "depends", "endnote", "equation", "external-doc", "figure", "if-opt-app", "implements", "no-link", "provides", "refinement", "requires", "rule", "selectables", "snip", "testlist" or "xref" or an element from another namespace
/home/runner/work/sdn-controller/sdn-controller/output/effective.xml:456:39: error: element "abbr" not allowed anywhere; expected the element end-tag, text, element "_", "assignable", "choice", "comment", "ctr", "depends", "endnote", "equation", "external-doc", "figure", "if-opt-app", "implements", "no-link", "provides", "refinement", "requires", "rule", "selectables", "snip", "testlist" or "xref" or an element from another namespace
/home/runner/work/sdn-controller/sdn-controller/output/effective.xml:459:39: error: element "abbr" not allowed anywhere; expected the element end-tag, text, element "_", "assignable", "choice", "comment", "ctr", "depends", "endnote", "equation", "external-doc", "figure", "if-opt-app", "implements", "no-link", "provides", "refinement", "requires", "rule", "selectables", "snip", "testlist" or "xref" or an element from another namespace
/home/runner/work/sdn-controller/sdn-controller/output/effective.xml:465:23: error: element "abbr" not allowed anywhere; expected the element end-tag, text, element "_", "assignable", "choice", "comment", "ctr", "depends", "endnote", "equation", "external-doc", "figure", "if-opt-app", "implements", "no-link", "provides", "refinement", "requires", "rule", "selectables", "snip", "testlist" or "xref" or an element from another namespace
/home/runner/work/sdn-controller/sdn-controller/output/effective.xml:466:79: error: element "a-component" missing required attribute "cc-id"
/home/runner/work/sdn-controller/sdn-controller/output/effective.xml:467:57: error: element "evalactionlabel" not allowed anywhere; expected text, element "_", "a-element", "assignable", "choice", "comment", "ctr", "depends", "endnote", "equation", "external-doc", "figure", "if-opt-app", "implements", "no-link", "provides", "refinement", "requires", "rule", "selectables", "snip", "summary", "testlist" or "xref" or an element from another namespace
/home/runner/work/sdn-controller/sdn-controller/output/effective.xml:468:42: error: value of attribute "id" is invalid; must be a string matching the regular expression "[\-a-zA-Z0-9]+"
/home/runner/work/sdn-controller/sdn-controller/output/effective.xml:468:42: error: element "a-element" missing required attribute "type"
/home/runner/work/sdn-controller/sdn-controller/output/effective.xml:469:74: error: element "abbr" not allowed anywhere; expected the element end-tag, text, element "_", "assignable", "choice", "comment", "ctr", "depends", "endnote", "equation", "external-doc", "figure", "if-opt-app", "implements", "management-function-set", "no-link", "provides", "refinement", "requires", "rule", "selectables", "snip", "testlist" or "xref" or an element from another namespace
/home/runner/work/sdn-controller/sdn-controller/output/effective.xml:476:65: error: element "evalactionlabel" not allowed anywhere; expected element "a-element"
/home/runner/work/sdn-controller/sdn-controller/output/effective.xml:477:42: error: value of attribute "id" is invalid; must be a string matching the regular expression "[\-a-zA-Z0-9]+"
/home/runner/work/sdn-controller/sdn-controller/output/effective.xml:477:42: error: element "a-element" missing required attribute "type"
/home/runner/work/sdn-controller/sdn-controller/output/effective.xml:479:63: error: element "abbr" not allowed anywhere; expected the element end-tag, text, element "_", "assignable", "choice", "comment", "ctr", "depends", "endnote", "equation", "external-doc", "figure", "if-opt-app", "implements", "management-function-set", "no-link", "provides", "refinement", "requires", "rule", "selectables", "snip", "testlist" or "xref" or an element from another namespace
/home/runner/work/sdn-controller/sdn-controller/output/effective.xml:482:42: error: value of attribute "id" is invalid; must be a string matching the regular expression "[\-a-zA-Z0-9]+"
/home/runner/work/sdn-controller/sdn-controller/output/effective.xml:482:42: error: element "a-element" missing required attribute "type"
/home/runner/work/sdn-controller/sdn-controller/output/effective.xml:484:55: error: element "abbr" not allowed anywhere; expected the element end-tag, text, element "_", "assignable", "choice", "comment", "ctr", "depends", "endnote", "equation", "external-doc", "figure", "if-opt-app", "implements", "management-function-set", "no-link", "provides", "refinement", "requires", "rule", "selectables", "snip", "testlist" or "xref" or an element from another namespace
/home/runner/work/sdn-controller/sdn-controller/output/effective.xml:486:67: error: element "abbr" not allowed anywhere; expected the element end-tag, text, element "_", "assignable", "choice", "comment", "ctr", "depends", "endnote", "equation", "external-doc", "figure", "if-opt-app", "implements", "management-function-set", "no-link", "provides", "refinement", "requires", "rule", "selectables", "snip", "testlist" or "xref" or an element from another namespace
/home/runner/work/sdn-controller/sdn-controller/output/effective.xml:489:57: error: element "evalactionlabel" not allowed anywhere; expected element "a-element"
/home/runner/work/sdn-controller/sdn-controller/output/effective.xml:490:42: error: value of attribute "id" is invalid; must be a string matching the regular expression "[\-a-zA-Z0-9]+"
/home/runner/work/sdn-controller/sdn-controller/output/effective.xml:490:42: error: element "a-element" missing required attribute "type"
/home/runner/work/sdn-controller/sdn-controller/output/effective.xml:494:42: error: value of attribute "id" is invalid; must be a string matching the regular expression "[\-a-zA-Z0-9]+"
/home/runner/work/sdn-controller/sdn-controller/output/effective.xml:494:42: error: element "a-element" missing required attribute "type"
/home/runner/work/sdn-controller/sdn-controller/output/effective.xml:495:115: error: element "abbr" not allowed anywhere; expected the element end-tag, text, element "_", "assignable", "choice", "comment", "ctr", "depends", "endnote", "equation", "external-doc", "figure", "if-opt-app", "implements", "management-function-set", "no-link", "provides", "refinement", "requires", "rule", "selectables", "snip", "testlist" or "xref" or an element from another namespace
/home/runner/work/sdn-controller/sdn-controller/output/effective.xml:498:58: error: element "abbr" not allowed anywhere; expected the element end-tag, text, element "_", "assignable", "choice", "comment", "ctr", "depends", "endnote", "equation", "external-doc", "figure", "if-opt-app", "implements", "no-link", "provides", "refinement", "requires", "rule", "selectables", "snip", "testlist" or "xref" or an element from another namespace
/home/runner/work/sdn-controller/sdn-controller/output/effective.xml:499:92: error: element "abbr" not allowed anywhere; expected the element end-tag, text, element "_", "assignable", "choice", "comment", "ctr", "depends", "endnote", "equation", "external-doc", "figure", "if-opt-app", "implements", "no-link", "provides", "refinement", "requires", "rule", "selectables", "snip", "testlist" or "xref" or an element from another namespace
/home/runner/work/sdn-controller/sdn-controller/output/effective.xml:500:86: error: element "abbr" not allowed anywhere; expected the element end-tag, text, element "_", "assignable", "choice", "comment", "ctr", "depends", "endnote", "equation", "external-doc", "figure", "if-opt-app", "implements", "no-link", "provides", "refinement", "requires", "rule", "selectables", "snip", "testlist" or "xref" or an element from another namespace
/home/runner/work/sdn-controller/sdn-controller/output/effective.xml:500:114: error: element "abbr" not allowed anywhere; expected the element end-tag, text, element "_", "assignable", "choice", "comment", "ctr", "depends", "endnote", "equation", "external-doc", "figure", "if-opt-app", "implements", "no-link", "provides", "refinement", "requires", "rule", "selectables", "snip", "testlist" or "xref" or an element from another namespace
/home/runner/work/sdn-controller/sdn-controller/output/effective.xml:503:23: error: element "abbr" not allowed anywhere; expected the element end-tag, text, element "_", "assignable", "choice", "comment", "ctr", "depends", "endnote", "equation", "external-doc", "figure", "if-opt-app", "implements", "no-link", "provides", "refinement", "requires", "rule", "selectables", "snip", "testlist" or "xref" or an element from another namespace
/home/runner/work/sdn-controller/sdn-controller/output/effective.xml:505:66: error: element "subsection" not allowed anywhere; expected text, element "_", "a-component", "assignable", "audit-table", "choice", "comment", "ctr", "depends", "endnote", "equation", "ext-comp-class", "ext-comp-def", "external-doc", "f-component", "figure", "if-opt-app", "implements", "no-link", "provides", "refinement", "requires", "rule", "section", "selectables", "snip", "testlist", "usecases" or "xref" or an element from another namespace
/home/runner/work/sdn-controller/sdn-controller/output/effective.xml:511:78: error: element "a-component" missing required attribute "cc-id"
/home/runner/work/sdn-controller/sdn-controller/output/effective.xml:512:59: error: element "abbr" not allowed anywhere; expected text, element "_", "a-element", "assignable", "choice", "comment", "ctr", "depends", "endnote", "equation", "external-doc", "figure", "if-opt-app", "implements", "no-link", "provides", "refinement", "requires", "rule", "selectables", "snip", "summary", "testlist" or "xref" or an element from another namespace
/home/runner/work/sdn-controller/sdn-controller/output/effective.xml:515:57: error: element "evalactionlabel" not allowed anywhere; expected text, element "_", "a-element", "assignable", "choice", "comment", "ctr", "depends", "endnote", "equation", "external-doc", "figure", "if-opt-app", "implements", "no-link", "provides", "refinement", "requires", "rule", "selectables", "snip", "summary", "testlist" or "xref" or an element from another namespace
/home/runner/work/sdn-controller/sdn-controller/output/effective.xml:516:42: error: value of attribute "id" is invalid; must be a string matching the regular expression "[\-a-zA-Z0-9]+"
/home/runner/work/sdn-controller/sdn-controller/output/effective.xml:516:42: error: element "a-element" missing required attribute "type"
/home/runner/work/sdn-controller/sdn-controller/output/effective.xml:517:74: error: element "abbr" not allowed anywhere; expected the element end-tag, text, element "_", "assignable", "choice", "comment", "ctr", "depends", "endnote", "equation", "external-doc", "figure", "if-opt-app", "implements", "management-function-set", "no-link", "provides", "refinement", "requires", "rule", "selectables", "snip", "testlist" or "xref" or an element from another namespace
/home/runner/work/sdn-controller/sdn-controller/output/effective.xml:518:35: error: element "abbr" not allowed anywhere; expected the element end-tag, text, element "_", "assignable", "choice", "comment", "ctr", "depends", "endnote", "equation", "external-doc", "figure", "if-opt-app", "implements", "management-function-set", "no-link", "provides", "refinement", "requires", "rule", "selectables", "snip", "testlist" or "xref" or an element from another namespace
/home/runner/work/sdn-controller/sdn-controller/output/effective.xml:521:65: error: element "evalactionlabel" not allowed anywhere; expected element "a-element"
/home/runner/work/sdn-controller/sdn-controller/output/effective.xml:522:42: error: value of attribute "id" is invalid; must be a string matching the regular expression "[\-a-zA-Z0-9]+"
/home/runner/work/sdn-controller/sdn-controller/output/effective.xml:522:42: error: element "a-element" missing required attribute "type"
/home/runner/work/sdn-controller/sdn-controller/output/effective.xml:523:46: error: element "abbr" not allowed anywhere; expected the element end-tag, text, element "_", "assignable", "choice", "comment", "ctr", "depends", "endnote", "equation", "external-doc", "figure", "if-opt-app", "implements", "management-function-set", "no-link", "provides", "refinement", "requires", "rule", "selectables", "snip", "testlist" or "xref" or an element from another namespace
/home/runner/work/sdn-controller/sdn-controller/output/effective.xml:534:57: error: element "evalactionlabel" not allowed anywhere; expected element "a-element"
/home/runner/work/sdn-controller/sdn-controller/output/effective.xml:535:42: error: value of attribute "id" is invalid; must be a string matching the regular expression "[\-a-zA-Z0-9]+"
/home/runner/work/sdn-controller/sdn-controller/output/effective.xml:535:42: error: element "a-element" missing required attribute "type"
/home/runner/work/sdn-controller/sdn-controller/output/effective.xml:538:75: error: element "abbr" not allowed anywhere; expected the element end-tag, text, element "_", "assignable", "choice", "comment", "ctr", "depends", "endnote", "equation", "external-doc", "figure", "if-opt-app", "implements", "no-link", "provides", "refinement", "requires", "rule", "selectables", "snip", "testlist" or "xref" or an element from another namespace
/home/runner/work/sdn-controller/sdn-controller/output/effective.xml:540:78: error: element "abbr" not allowed anywhere; expected the element end-tag, text, element "_", "assignable", "choice", "comment", "ctr", "depends", "endnote", "equation", "external-doc", "figure", "if-opt-app", "implements", "no-link", "provides", "refinement", "requires", "rule", "selectables", "snip", "testlist" or "xref" or an element from another namespace
/home/runner/work/sdn-controller/sdn-controller/output/effective.xml:541:77: error: element "abbr" not allowed anywhere; expected the element end-tag, text, element "_", "assignable", "choice", "comment", "ctr", "depends", "endnote", "equation", "external-doc", "figure", "if-opt-app", "implements", "no-link", "provides", "refinement", "requires", "rule", "selectables", "snip", "testlist" or "xref" or an element from another namespace
/home/runner/work/sdn-controller/sdn-controller/output/effective.xml:542:108: error: element "abbr" not allowed anywhere; expected the element end-tag, text, element "_", "assignable", "choice", "comment", "ctr", "depends", "endnote", "equation", "external-doc", "figure", "if-opt-app", "implements", "no-link", "provides", "refinement", "requires", "rule", "selectables", "snip", "testlist" or "xref" or an element from another namespace
/home/runner/work/sdn-controller/sdn-controller/output/effective.xml:542:181: error: element "abbr" not allowed anywhere; expected the element end-tag, text, element "_", "assignable", "choice", "comment", "ctr", "depends", "endnote", "equation", "external-doc", "figure", "if-opt-app", "implements", "no-link", "provides", "refinement", "requires", "rule", "selectables", "snip", "testlist" or "xref" or an element from another namespace
/home/runner/work/sdn-controller/sdn-controller/output/effective.xml:543:70: error: element "abbr" not allowed anywhere; expected the element end-tag, text, element "_", "assignable", "choice", "comment", "ctr", "depends", "endnote", "equation", "external-doc", "figure", "if-opt-app", "implements", "no-link", "provides", "refinement", "requires", "rule", "selectables", "snip", "testlist" or "xref" or an element from another namespace
/home/runner/work/sdn-controller/sdn-controller/output/effective.xml:547:23: error: element "abbr" not allowed anywhere; expected the element end-tag, text, element "_", "assignable", "choice", "comment", "ctr", "depends", "endnote", "equation", "external-doc", "figure", "if-opt-app", "implements", "no-link", "provides", "refinement", "requires", "rule", "selectables", "snip", "testlist" or "xref" or an element from another namespace
/home/runner/work/sdn-controller/sdn-controller/output/effective.xml:548:72: error: element "a-component" missing required attribute "cc-id"
/home/runner/work/sdn-controller/sdn-controller/output/effective.xml:549:47: error: element "abbr" not allowed anywhere; expected text, element "_", "a-element", "assignable", "choice", "comment", "ctr", "depends", "endnote", "equation", "external-doc", "figure", "if-opt-app", "implements", "no-link", "provides", "refinement", "requires", "rule", "selectables", "snip", "summary", "testlist" or "xref" or an element from another namespace
/home/runner/work/sdn-controller/sdn-controller/output/effective.xml:552:64: error: element "evalactionlabel" not allowed anywhere; expected text, element "_", "a-element", "assignable", "choice", "comment", "ctr", "depends", "endnote", "equation", "external-doc", "figure", "if-opt-app", "implements", "no-link", "provides", "refinement", "requires", "rule", "selectables", "snip", "summary", "testlist" or "xref" or an element from another namespace
/home/runner/work/sdn-controller/sdn-controller/output/effective.xml:553:42: error: value of attribute "id" is invalid; must be a string matching the regular expression "[\-a-zA-Z0-9]+"
/home/runner/work/sdn-controller/sdn-controller/output/effective.xml:553:42: error: element "a-element" missing required attribute "type"
/home/runner/work/sdn-controller/sdn-controller/output/effective.xml:555:81: error: element "abbr" not allowed anywhere; expected the element end-tag, text, element "_", "assignable", "choice", "comment", "ctr", "depends", "endnote", "equation", "external-doc", "figure", "if-opt-app", "implements", "management-function-set", "no-link", "provides", "refinement", "requires", "rule", "selectables", "snip", "testlist" or "xref" or an element from another namespace
/home/runner/work/sdn-controller/sdn-controller/output/effective.xml:559:65: error: element "evalactionlabel" not allowed anywhere; expected element "a-element"
/home/runner/work/sdn-controller/sdn-controller/output/effective.xml:560:42: error: value of attribute "id" is invalid; must be a string matching the regular expression "[\-a-zA-Z0-9]+"
/home/runner/work/sdn-controller/sdn-controller/output/effective.xml:560:42: error: element "a-element" missing required attribute "type"
/home/runner/work/sdn-controller/sdn-controller/output/effective.xml:561:98: error: element "abbr" not allowed anywhere; expected the element end-tag, text, element "_", "assignable", "choice", "comment", "ctr", "depends", "endnote", "equation", "external-doc", "figure", "if-opt-app", "implements", "management-function-set", "no-link", "provides", "refinement", "requires", "rule", "selectables", "snip", "testlist" or "xref" or an element from another namespace
/home/runner/work/sdn-controller/sdn-controller/output/effective.xml:564:42: error: value of attribute "id" is invalid; must be a string matching the regular expression "[\-a-zA-Z0-9]+"
/home/runner/work/sdn-controller/sdn-controller/output/effective.xml:564:42: error: element "a-element" missing required attribute "type"
/home/runner/work/sdn-controller/sdn-controller/output/effective.xml:568:64: error: element "evalactionlabel" not allowed anywhere; expected element "a-element"
/home/runner/work/sdn-controller/sdn-controller/output/effective.xml:569:42: error: value of attribute "id" is invalid; must be a string matching the regular expression "[\-a-zA-Z0-9]+"
/home/runner/work/sdn-controller/sdn-controller/output/effective.xml:569:42: error: element "a-element" missing required attribute "type"
/home/runner/work/sdn-controller/sdn-controller/output/effective.xml:573:54: error: element "abbr" not allowed anywhere; expected the element end-tag, text, element "_", "assignable", "choice", "comment", "ctr", "depends", "endnote", "equation", "external-doc", "figure", "if-opt-app", "implements", "no-link", "provides", "refinement", "requires", "rule", "selectables", "snip", "testlist" or "xref" or an element from another namespace
/home/runner/work/sdn-controller/sdn-controller/output/effective.xml:574:109: error: element "abbr" not allowed anywhere; expected the element end-tag, text, element "_", "assignable", "choice", "comment", "ctr", "depends", "endnote", "equation", "external-doc", "figure", "if-opt-app", "implements", "no-link", "provides", "refinement", "requires", "rule", "selectables", "snip", "testlist" or "xref" or an element from another namespace
/home/runner/work/sdn-controller/sdn-controller/output/effective.xml:575:53: error: element "abbr" not allowed anywhere; expected the element end-tag, text, element "_", "assignable", "choice", "comment", "ctr", "depends", "endnote", "equation", "external-doc", "figure", "if-opt-app", "implements", "no-link", "provides", "refinement", "requires", "rule", "selectables", "snip", "testlist" or "xref" or an element from another namespace
/home/runner/work/sdn-controller/sdn-controller/output/effective.xml:579:79: error: element "abbr" not allowed anywhere; expected the element end-tag, text, element "_", "assignable", "choice", "comment", "ctr", "depends", "endnote", "equation", "external-doc", "figure", "if-opt-app", "implements", "no-link", "provides", "refinement", "requires", "rule", "selectables", "snip", "testlist" or "xref" or an element from another namespace
/home/runner/work/sdn-controller/sdn-controller/output/effective.xml:591:96: error: element "abbr" not allowed anywhere; expected the element end-tag, text, element "_", "assignable", "choice", "comment", "ctr", "depends", "endnote", "equation", "external-doc", "figure", "if-opt-app", "implements", "no-link", "provides", "refinement", "requires", "rule", "selectables", "snip", "testlist" or "xref" or an element from another namespace
/home/runner/work/sdn-controller/sdn-controller/output/effective.xml:592:97: error: element "abbr" not allowed anywhere; expected the element end-tag, text, element "_", "assignable", "choice", "comment", "ctr", "depends", "endnote", "equation", "external-doc", "figure", "if-opt-app", "implements", "no-link", "provides", "refinement", "requires", "rule", "selectables", "snip", "testlist" or "xref" or an element from another namespace
/home/runner/work/sdn-controller/sdn-controller/output/effective.xml:594:55: error: element "abbr" not allowed anywhere; expected the element end-tag, text, element "_", "assignable", "choice", "comment", "ctr", "depends", "endnote", "equation", "external-doc", "figure", "if-opt-app", "implements", "no-link", "provides", "refinement", "requires", "rule", "selectables", "snip", "testlist" or "xref" or an element from another namespace
/home/runner/work/sdn-controller/sdn-controller/output/effective.xml:594:100: error: element "abbr" not allowed anywhere; expected the element end-tag, text, element "_", "assignable", "choice", "comment", "ctr", "depends", "endnote", "equation", "external-doc", "figure", "if-opt-app", "implements", "no-link", "provides", "refinement", "requires", "rule", "selectables", "snip", "testlist" or "xref" or an element from another namespace
/home/runner/work/sdn-controller/sdn-controller/output/effective.xml:598:23: error: element "abbr" not allowed anywhere; expected the element end-tag, text, element "_", "assignable", "choice", "comment", "ctr", "depends", "endnote", "equation", "external-doc", "figure", "if-opt-app", "implements", "no-link", "provides", "refinement", "requires", "rule", "selectables", "snip", "testlist" or "xref" or an element from another namespace
/home/runner/work/sdn-controller/sdn-controller/output/effective.xml:599:72: error: element "a-component" missing required attribute "cc-id"
/home/runner/work/sdn-controller/sdn-controller/output/effective.xml:607:57: error: element "evalactionlabel" not allowed anywhere; expected text, element "_", "a-element", "assignable", "choice", "comment", "ctr", "depends", "endnote", "equation", "external-doc", "figure", "if-opt-app", "implements", "no-link", "provides", "refinement", "requires", "rule", "selectables", "snip", "summary", "testlist" or "xref" or an element from another namespace
/home/runner/work/sdn-controller/sdn-controller/output/effective.xml:608:46: error: value of attribute "id" is invalid; must be a string matching the regular expression "[\-a-zA-Z0-9]+"
/home/runner/work/sdn-controller/sdn-controller/output/effective.xml:608:46: error: element "a-element" missing required attribute "type"
/home/runner/work/sdn-controller/sdn-controller/output/effective.xml:610:59: error: element "abbr" not allowed anywhere; expected the element end-tag, text, element "_", "assignable", "choice", "comment", "ctr", "depends", "endnote", "equation", "external-doc", "figure", "if-opt-app", "implements", "management-function-set", "no-link", "provides", "refinement", "requires", "rule", "selectables", "snip", "testlist" or "xref" or an element from another namespace
/home/runner/work/sdn-controller/sdn-controller/output/effective.xml:612:46: error: value of attribute "id" is invalid; must be a string matching the regular expression "[\-a-zA-Z0-9]+"
/home/runner/work/sdn-controller/sdn-controller/output/effective.xml:612:46: error: element "a-element" missing required attribute "type"
/home/runner/work/sdn-controller/sdn-controller/output/effective.xml:617:65: error: element "evalactionlabel" not allowed anywhere; expected element "a-element"
/home/runner/work/sdn-controller/sdn-controller/output/effective.xml:618:46: error: value of attribute "id" is invalid; must be a string matching the regular expression "[\-a-zA-Z0-9]+"
/home/runner/work/sdn-controller/sdn-controller/output/effective.xml:618:46: error: element "a-element" missing required attribute "type"
/home/runner/work/sdn-controller/sdn-controller/output/effective.xml:620:51: error: element "abbr" not allowed anywhere; expected the element end-tag, text, element "_", "assignable", "choice", "comment", "ctr", "depends", "endnote", "equation", "external-doc", "figure", "if-opt-app", "implements", "management-function-set", "no-link", "provides", "refinement", "requires", "rule", "selectables", "snip", "testlist" or "xref" or an element from another namespace
/home/runner/work/sdn-controller/sdn-controller/output/effective.xml:622:46: error: value of attribute "id" is invalid; must be a string matching the regular expression "[\-a-zA-Z0-9]+"
/home/runner/work/sdn-controller/sdn-controller/output/effective.xml:622:46: error: element "a-element" missing required attribute "type"
/home/runner/work/sdn-controller/sdn-controller/output/effective.xml:624:69: error: element "abbr" not allowed anywhere; expected the element end-tag, text, element "_", "assignable", "choice", "comment", "ctr", "depends", "endnote", "equation", "external-doc", "figure", "if-opt-app", "implements", "management-function-set", "no-link", "provides", "refinement", "requires", "rule", "selectables", "snip", "testlist" or "xref" or an element from another namespace
/home/runner/work/sdn-controller/sdn-controller/output/effective.xml:630:57: error: element "evalactionlabel" not allowed anywhere; expected element "a-element"
/home/runner/work/sdn-controller/sdn-controller/output/effective.xml:631:46: error: value of attribute "id" is invalid; must be a string matching the regular expression "[\-a-zA-Z0-9]+"
/home/runner/work/sdn-controller/sdn-controller/output/effective.xml:631:46: error: element "a-element" missing required attribute "type"
/home/runner/work/sdn-controller/sdn-controller/output/effective.xml:652:23: error: element "a-element" missing required attribute "type"
/home/runner/work/sdn-controller/sdn-controller/output/effective.xml:654:53: error: element "subsection" not allowed anywhere; expected text, element "_", "a-component", "assignable", "audit-table", "choice", "comment", "ctr", "depends", "endnote", "equation", "ext-comp-class", "ext-comp-def", "external-doc", "f-component", "figure", "if-opt-app", "implements", "no-link", "provides", "refinement", "requires", "rule", "section", "selectables", "snip", "testlist", "usecases" or "xref" or an element from another namespace
/home/runner/work/sdn-controller/sdn-controller/output/effective.xml:660:114: error: element "a-component" missing required attribute "cc-id"
/home/runner/work/sdn-controller/sdn-controller/output/effective.xml:661:63: error: element "abbr" not allowed anywhere; expected text, element "_", "a-element", "assignable", "choice", "comment", "ctr", "depends", "endnote", "equation", "external-doc", "figure", "if-opt-app", "implements", "no-link", "provides", "refinement", "requires", "rule", "selectables", "snip", "summary", "testlist" or "xref" or an element from another namespace
/home/runner/work/sdn-controller/sdn-controller/output/effective.xml:663:84: error: element "secref" not allowed anywhere; expected text, element "_", "a-element", "assignable", "choice", "comment", "ctr", "depends", "endnote", "equation", "external-doc", "figure", "if-opt-app", "implements", "no-link", "provides", "refinement", "requires", "rule", "selectables", "snip", "summary", "testlist" or "xref" or an element from another namespace
/home/runner/work/sdn-controller/sdn-controller/output/effective.xml:664:93: error: element "secref" not allowed anywhere; expected text, element "_", "a-element", "assignable", "choice", "comment", "ctr", "depends", "endnote", "equation", "external-doc", "figure", "if-opt-app", "implements", "no-link", "provides", "refinement", "requires", "rule", "selectables", "snip", "summary", "testlist" or "xref" or an element from another namespace
/home/runner/work/sdn-controller/sdn-controller/output/effective.xml:667:94: error: element "abbr" not allowed anywhere; expected text, element "_", "a-element", "assignable", "choice", "comment", "ctr", "depends", "endnote", "equation", "external-doc", "figure", "if-opt-app", "implements", "no-link", "provides", "refinement", "requires", "rule", "selectables", "snip", "summary", "testlist" or "xref" or an element from another namespace
/home/runner/work/sdn-controller/sdn-controller/output/effective.xml:668:109: error: element "abbr" not allowed anywhere; expected text, element "_", "a-element", "assignable", "choice", "comment", "ctr", "depends", "endnote", "equation", "external-doc", "figure", "if-opt-app", "implements", "no-link", "provides", "refinement", "requires", "rule", "selectables", "snip", "summary", "testlist" or "xref" or an element from another namespace
/home/runner/work/sdn-controller/sdn-controller/output/effective.xml:670:57: error: element "evalactionlabel" not allowed anywhere; expected text, element "_", "a-element", "assignable", "choice", "comment", "ctr", "depends", "endnote", "equation", "external-doc", "figure", "if-opt-app", "implements", "no-link", "provides", "refinement", "requires", "rule", "selectables", "snip", "summary", "testlist" or "xref" or an element from another namespace
/home/runner/work/sdn-controller/sdn-controller/output/effective.xml:671:42: error: value of attribute "id" is invalid; must be a string matching the regular expression "[\-a-zA-Z0-9]+"
/home/runner/work/sdn-controller/sdn-controller/output/effective.xml:671:42: error: element "a-element" missing required attribute "type"
/home/runner/work/sdn-controller/sdn-controller/output/effective.xml:672:74: error: element "abbr" not allowed anywhere; expected the element end-tag, text, element "_", "assignable", "choice", "comment", "ctr", "depends", "endnote", "equation", "external-doc", "figure", "if-opt-app", "implements", "management-function-set", "no-link", "provides", "refinement", "requires", "rule", "selectables", "snip", "testlist" or "xref" or an element from another namespace
/home/runner/work/sdn-controller/sdn-controller/output/effective.xml:675:72: error: element "evalactionlabel" not allowed anywhere; expected element "a-element"
/home/runner/work/sdn-controller/sdn-controller/output/effective.xml:676:42: error: value of attribute "id" is invalid; must be a string matching the regular expression "[\-a-zA-Z0-9]+"
/home/runner/work/sdn-controller/sdn-controller/output/effective.xml:676:42: error: element "a-element" missing required attribute "type"
/home/runner/work/sdn-controller/sdn-controller/output/effective.xml:677:46: error: element "abbr" not allowed anywhere; expected the element end-tag, text, element "_", "assignable", "choice", "comment", "ctr", "depends", "endnote", "equation", "external-doc", "figure", "if-opt-app", "implements", "management-function-set", "no-link", "provides", "refinement", "requires", "rule", "selectables", "snip", "testlist" or "xref" or an element from another namespace
/home/runner/work/sdn-controller/sdn-controller/output/effective.xml:680:57: error: element "evalactionlabel" not allowed anywhere; expected element "a-element"
/home/runner/work/sdn-controller/sdn-controller/output/effective.xml:681:42: error: value of attribute "id" is invalid; must be a string matching the regular expression "[\-a-zA-Z0-9]+"
/home/runner/work/sdn-controller/sdn-controller/output/effective.xml:681:42: error: element "a-element" missing required attribute "type"
/home/runner/work/sdn-controller/sdn-controller/output/effective.xml:685:42: error: value of attribute "id" is invalid; must be a string matching the regular expression "[\-a-zA-Z0-9]+"
/home/runner/work/sdn-controller/sdn-controller/output/effective.xml:685:42: error: element "a-element" missing required attribute "type"
/home/runner/work/sdn-controller/sdn-controller/output/effective.xml:686:84: error: element "abbr" not allowed anywhere; expected the element end-tag, text, element "_", "assignable", "choice", "comment", "ctr", "depends", "endnote", "equation", "external-doc", "figure", "if-opt-app", "implements", "management-function-set", "no-link", "provides", "refinement", "requires", "rule", "selectables", "snip", "testlist" or "xref" or an element from another namespace
/home/runner/work/sdn-controller/sdn-controller/output/effective.xml:687:40: error: element "abbr" not allowed anywhere; expected the element end-tag, text, element "_", "assignable", "choice", "comment", "ctr", "depends", "endnote", "equation", "external-doc", "figure", "if-opt-app", "implements", "management-function-set", "no-link", "provides", "refinement", "requires", "rule", "selectables", "snip", "testlist" or "xref" or an element from another namespace
/home/runner/work/sdn-controller/sdn-controller/output/effective.xml:693:119: error: element "cite" not allowed anywhere; expected the element end-tag, text, element "_", "assignable", "choice", "comment", "ctr", "depends", "endnote", "equation", "external-doc", "figure", "if-opt-app", "implements", "no-link", "provides", "refinement", "requires", "rule", "selectables", "snip", "testlist" or "xref" or an element from another namespace
/home/runner/work/sdn-controller/sdn-controller/output/effective.xml:696:39: error: element "abbr" not allowed anywhere; expected the element end-tag, text, element "_", "assignable", "choice", "comment", "ctr", "depends", "endnote", "equation", "external-doc", "figure", "if-opt-app", "implements", "no-link", "provides", "refinement", "requires", "rule", "selectables", "snip", "testlist" or "xref" or an element from another namespace
/home/runner/work/sdn-controller/sdn-controller/output/effective.xml:698:37: error: element "abbr" not allowed anywhere; expected the element end-tag, text, element "_", "assignable", "choice", "comment", "ctr", "depends", "endnote", "equation", "external-doc", "figure", "if-opt-app", "implements", "no-link", "provides", "refinement", "requires", "rule", "selectables", "snip", "testlist" or "xref" or an element from another namespace
/home/runner/work/sdn-controller/sdn-controller/output/effective.xml:703:39: error: element "abbr" not allowed anywhere; expected the element end-tag, text, element "_", "assignable", "choice", "comment", "ctr", "depends", "endnote", "equation", "external-doc", "figure", "if-opt-app", "implements", "no-link", "provides", "refinement", "requires", "rule", "selectables", "snip", "testlist" or "xref" or an element from another namespace
/home/runner/work/sdn-controller/sdn-controller/output/effective.xml:710:86: error: element "abbr" not allowed anywhere; expected the element end-tag, text, element "_", "assignable", "choice", "comment", "ctr", "depends", "endnote", "equation", "external-doc", "figure", "if-opt-app", "implements", "no-link", "provides", "refinement", "requires", "rule", "selectables", "snip", "testlist" or "xref" or an element from another namespace
/home/runner/work/sdn-controller/sdn-controller/output/effective.xml:724:23: error: element "abbr" not allowed anywhere; expected the element end-tag, text, element "_", "assignable", "choice", "comment", "ctr", "depends", "endnote", "equation", "external-doc", "figure", "if-opt-app", "implements", "no-link", "provides", "refinement", "requires", "rule", "selectables", "snip", "testlist" or "xref" or an element from another namespace
/home/runner/work/sdn-controller/sdn-controller/output/effective.xml:726:72: error: element "subsection" not allowed anywhere; expected text, element "_", "a-component", "assignable", "audit-table", "choice", "comment", "ctr", "depends", "endnote", "equation", "ext-comp-class", "ext-comp-def", "external-doc", "f-component", "figure", "if-opt-app", "implements", "no-link", "provides", "refinement", "requires", "rule", "section", "selectables", "snip", "testlist", "usecases" or "xref" or an element from another namespace
/home/runner/work/sdn-controller/sdn-controller/output/effective.xml:734:77: error: element "a-component" missing required attribute "cc-id"
/home/runner/work/sdn-controller/sdn-controller/output/effective.xml:735:57: error: element "evalactionlabel" not allowed anywhere; expected text, element "_", "a-element", "assignable", "choice", "comment", "ctr", "depends", "endnote", "equation", "external-doc", "figure", "if-opt-app", "implements", "no-link", "provides", "refinement", "requires", "rule", "selectables", "snip", "summary", "testlist" or "xref" or an element from another namespace
/home/runner/work/sdn-controller/sdn-controller/output/effective.xml:736:42: error: value of attribute "id" is invalid; must be a string matching the regular expression "[\-a-zA-Z0-9]+"
/home/runner/work/sdn-controller/sdn-controller/output/effective.xml:736:42: error: element "a-element" missing required attribute "type"
/home/runner/work/sdn-controller/sdn-controller/output/effective.xml:737:74: error: element "abbr" not allowed anywhere; expected the element end-tag, text, element "_", "assignable", "choice", "comment", "ctr", "depends", "endnote", "equation", "external-doc", "figure", "if-opt-app", "implements", "management-function-set", "no-link", "provides", "refinement", "requires", "rule", "selectables", "snip", "testlist" or "xref" or an element from another namespace
/home/runner/work/sdn-controller/sdn-controller/output/effective.xml:740:65: error: element "evalactionlabel" not allowed anywhere; expected element "a-element"
/home/runner/work/sdn-controller/sdn-controller/output/effective.xml:741:40: error: value of attribute "id" is invalid; must be a string matching the regular expression "[\-a-zA-Z0-9]+"
/home/runner/work/sdn-controller/sdn-controller/output/effective.xml:741:40: error: element "a-element" missing required attribute "type"
/home/runner/work/sdn-controller/sdn-controller/output/effective.xml:742:44: error: element "abbr" not allowed anywhere; expected the element end-tag, text, element "_", "assignable", "choice", "comment", "ctr", "depends", "endnote", "equation", "external-doc", "figure", "if-opt-app", "implements", "management-function-set", "no-link", "provides", "refinement", "requires", "rule", "selectables", "snip", "testlist" or "xref" or an element from another namespace
/home/runner/work/sdn-controller/sdn-controller/output/effective.xml:745:57: error: element "evalactionlabel" not allowed anywhere; expected element "a-element"
/home/runner/work/sdn-controller/sdn-controller/output/effective.xml:746:40: error: value of attribute "id" is invalid; must be a string matching the regular expression "[\-a-zA-Z0-9]+"
/home/runner/work/sdn-controller/sdn-controller/output/effective.xml:746:40: error: element "a-element" missing required attribute "type"
/home/runner/work/sdn-controller/sdn-controller/output/effective.xml:750:40: error: value of attribute "id" is invalid; must be a string matching the regular expression "[\-a-zA-Z0-9]+"
/home/runner/work/sdn-controller/sdn-controller/output/effective.xml:750:40: error: element "a-element" missing required attribute "type"
/home/runner/work/sdn-controller/sdn-controller/output/effective.xml:752:68: error: element "abbr" not allowed anywhere; expected the element end-tag, text, element "_", "assignable", "choice", "comment", "ctr", "depends", "endnote", "equation", "external-doc", "figure", "if-opt-app", "implements", "management-function-set", "no-link", "provides", "refinement", "requires", "rule", "selectables", "snip", "testlist" or "xref" or an element from another namespace
/home/runner/work/sdn-controller/sdn-controller/output/effective.xml:758:40: error: value of attribute "id" is invalid; must be a string matching the regular expression "[\-a-zA-Z0-9]+"
/home/runner/work/sdn-controller/sdn-controller/output/effective.xml:758:40: error: element "a-element" missing required attribute "type"
/home/runner/work/sdn-controller/sdn-controller/output/effective.xml:760:84: error: element "abbr" not allowed anywhere; expected the element end-tag, text, element "_", "assignable", "choice", "comment", "ctr", "depends", "endnote", "equation", "external-doc", "figure", "if-opt-app", "implements", "management-function-set", "no-link", "provides", "refinement", "requires", "rule", "selectables", "snip", "testlist" or "xref" or an element from another namespace
/home/runner/work/sdn-controller/sdn-controller/output/effective.xml:780:23: error: element "abbr" not allowed anywhere; expected the element end-tag, text, element "_", "assignable", "choice", "comment", "ctr", "depends", "endnote", "equation", "external-doc", "figure", "if-opt-app", "implements", "management-function-set", "no-link", "provides", "refinement", "requires", "rule", "selectables", "snip", "testlist" or "xref" or an element from another namespace
/home/runner/work/sdn-controller/sdn-controller/output/effective.xml:782:15: error: element "abbr" not allowed anywhere; expected the element end-tag, text, element "_", "assignable", "choice", "comment", "ctr", "depends", "endnote", "equation", "external-doc", "figure", "if-opt-app", "implements", "management-function-set", "no-link", "provides", "refinement", "requires", "rule", "selectables", "snip", "testlist" or "xref" or an element from another namespace
/home/runner/work/sdn-controller/sdn-controller/output/effective.xml:789:57: error: element "appendix" not allowed yet; expected element "foreword", "include-pkg", "modules", "pp-preferences", "section" or "subaactivity-decl" or an element from another namespace
/home/runner/work/sdn-controller/sdn-controller/output/effective.xml:789:97: error: element "secref" not allowed anywhere; expected the element end-tag, text, element "_", "assignable", "bibliography", "choice", "comment", "ctr", "depends", "endnote", "equation", "external-doc", "figure", "if-opt-app", "implements", "no-link", "provides", "refinement", "requires", "rule", "section", "selectables", "snip", "testlist" or "xref" or an element from another namespace
/home/runner/work/sdn-controller/sdn-controller/output/effective.xml:790:88: error: element "abbr" not allowed anywhere; expected the element end-tag, text, element "_", "assignable", "bibliography", "choice", "comment", "ctr", "depends", "endnote", "equation", "external-doc", "figure", "if-opt-app", "implements", "no-link", "provides", "refinement", "requires", "rule", "section", "selectables", "snip", "testlist" or "xref" or an element from another namespace
/home/runner/work/sdn-controller/sdn-controller/output/effective.xml:792:46: error: element "appref" not allowed anywhere; expected the element end-tag, text, element "_", "assignable", "bibliography", "choice", "comment", "ctr", "depends", "endnote", "equation", "external-doc", "figure", "if-opt-app", "implements", "no-link", "provides", "refinement", "requires", "rule", "section", "selectables", "snip", "testlist" or "xref" or an element from another namespace
/home/runner/work/sdn-controller/sdn-controller/output/effective.xml:792:77: error: element "appref" not allowed anywhere; expected the element end-tag, text, element "_", "assignable", "bibliography", "choice", "comment", "ctr", "depends", "endnote", "equation", "external-doc", "figure", "if-opt-app", "implements", "no-link", "provides", "refinement", "requires", "rule", "section", "selectables", "snip", "testlist" or "xref" or an element from another namespace
/home/runner/work/sdn-controller/sdn-controller/output/effective.xml:792:112: error: element "appref" not allowed anywhere; expected the element end-tag, text, element "_", "assignable", "bibliography", "choice", "comment", "ctr", "depends", "endnote", "equation", "external-doc", "figure", "if-opt-app", "implements", "no-link", "provides", "refinement", "requires", "rule", "section", "selectables", "snip", "testlist" or "xref" or an element from another namespace
/home/runner/work/sdn-controller/sdn-controller/output/effective.xml:793:32: error: element "abbr" not allowed anywhere; expected the element end-tag, text, element "_", "assignable", "bibliography", "choice", "comment", "ctr", "depends", "endnote", "equation", "external-doc", "figure", "if-opt-app", "implements", "no-link", "provides", "refinement", "requires", "rule", "section", "selectables", "snip", "testlist" or "xref" or an element from another namespace
/home/runner/work/sdn-controller/sdn-controller/output/effective.xml:794:63: error: element "appref" not allowed anywhere; expected the element end-tag, text, element "_", "assignable", "bibliography", "choice", "comment", "ctr", "depends", "endnote", "equation", "external-doc", "figure", "if-opt-app", "implements", "no-link", "provides", "refinement", "requires", "rule", "section", "selectables", "snip", "testlist" or "xref" or an element from another namespace
/home/runner/work/sdn-controller/sdn-controller/output/effective.xml:796:80: error: element "appref" not allowed anywhere; expected the element end-tag, text, element "_", "assignable", "bibliography", "choice", "comment", "ctr", "depends", "endnote", "equation", "external-doc", "figure", "if-opt-app", "implements", "no-link", "provides", "refinement", "requires", "rule", "section", "selectables", "snip", "testlist" or "xref" or an element from another namespace
/home/runner/work/sdn-controller/sdn-controller/output/effective.xml:800:35: error: element "appref" not allowed anywhere; expected the element end-tag, text, element "_", "assignable", "bibliography", "choice", "comment", "ctr", "depends", "endnote", "equation", "external-doc", "figure", "if-opt-app", "implements", "no-link", "provides", "refinement", "requires", "rule", "section", "selectables", "snip", "testlist" or "xref" or an element from another namespace
/home/runner/work/sdn-controller/sdn-controller/output/effective.xml:800:66: error: element "appref" not allowed anywhere; expected the element end-tag, text, element "_", "assignable", "bibliography", "choice", "comment", "ctr", "depends", "endnote", "equation", "external-doc", "figure", "if-opt-app", "implements", "no-link", "provides", "refinement", "requires", "rule", "section", "selectables", "snip", "testlist" or "xref" or an element from another namespace
/home/runner/work/sdn-controller/sdn-controller/output/effective.xml:800:101: error: element "appref" not allowed anywhere; expected the element end-tag, text, element "_", "assignable", "bibliography", "choice", "comment", "ctr", "depends", "endnote", "equation", "external-doc", "figure", "if-opt-app", "implements", "no-link", "provides", "refinement", "requires", "rule", "section", "selectables", "snip", "testlist" or "xref" or an element from another namespace
/home/runner/work/sdn-controller/sdn-controller/output/effective.xml:828:38: error: element "abbr" not allowed anywhere; expected the element end-tag, text, element "_", "assignable", "bibliography", "choice", "comment", "ctr", "depends", "endnote", "equation", "external-doc", "figure", "if-opt-app", "implements", "no-link", "provides", "refinement", "requires", "rule", "section", "selectables", "snip", "testlist" or "xref" or an element from another namespace
/home/runner/work/sdn-controller/sdn-controller/output/effective.xml:831:28: error: element "cite" not allowed anywhere; expected the element end-tag, text, element "_", "assignable", "bibliography", "choice", "comment", "ctr", "depends", "endnote", "equation", "external-doc", "figure", "if-opt-app", "implements", "no-link", "provides", "refinement", "requires", "rule", "section", "selectables", "snip", "testlist" or "xref" or an element from another namespace
/home/runner/work/sdn-controller/sdn-controller/output/effective.xml:836:12: error: element "table" not allowed anywhere; expected the element end-tag, text, element "_", "assignable", "bibliography", "choice", "comment", "ctr", "depends", "endnote", "equation", "external-doc", "figure", "if-opt-app", "implements", "no-link", "provides", "refinement", "requires", "rule", "section", "selectables", "snip", "testlist" or "xref" or an element from another namespace
/home/runner/work/sdn-controller/sdn-controller/output/effective.xml:1030:15: error: element "acronyms" not allowed anywhere; expected the element end-tag, text, element "_", "after_bib", "assignable", "bibliography", "choice", "comment", "ctr", "depends", "endnote", "equation", "external-doc", "figure", "if-opt-app", "implements", "no-link", "provides", "refinement", "requires", "rule", "section", "selectables", "snip", "testlist" or "xref" or an element from another namespace
/home/runner/work/sdn-controller/sdn-controller/output/effective.xml:1032:15: error: element "term" not allowed here; expected element "version"
/home/runner/work/sdn-controller/sdn-controller/output/effective.xml:1032:15: error: element "term" missing required attribute "full"
/home/runner/work/sdn-controller/sdn-controller/output/effective.xml:1033:22: error: element "description" not allowed here; expected element "version"
/home/runner/work/sdn-controller/sdn-controller/output/effective.xml:1034:15: error: element "entry" incomplete; missing required element "version"
/home/runner/work/sdn-controller/sdn-controller/output/effective.xml:1036:15: error: element "term" not allowed here; expected element "version"
/home/runner/work/sdn-controller/sdn-controller/output/effective.xml:1036:15: error: element "term" missing required attribute "full"
/home/runner/work/sdn-controller/sdn-controller/output/effective.xml:1037:22: error: element "description" not allowed here; expected element "version"
/home/runner/work/sdn-controller/sdn-controller/output/effective.xml:1038:15: error: element "entry" incomplete; missing required element "version"
/home/runner/work/sdn-controller/sdn-controller/output/effective.xml:1040:15: error: element "term" not allowed here; expected element "version"
/home/runner/work/sdn-controller/sdn-controller/output/effective.xml:1040:15: error: element "term" missing required attribute "full"
/home/runner/work/sdn-controller/sdn-controller/output/effective.xml:1041:22: error: element "description" not allowed here; expected element "version"
/home/runner/work/sdn-controller/sdn-controller/output/effective.xml:1042:15: error: element "entry" incomplete; missing required element "version"
/home/runner/work/sdn-controller/sdn-controller/output/effective.xml:1044:15: error: element "term" not allowed here; expected element "version"
/home/runner/work/sdn-controller/sdn-controller/output/effective.xml:1044:15: error: element "term" missing required attribute "full"
/home/runner/work/sdn-controller/sdn-controller/output/effective.xml:1045:22: error: element "description" not allowed here; expected element "version"
/home/runner/work/sdn-controller/sdn-controller/output/effective.xml:1046:15: error: element "entry" incomplete; missing required element "version"
/home/runner/work/sdn-controller/sdn-controller/output/effective.xml:1053:15: error: element "term" not allowed here; expected element "version"
/home/runner/work/sdn-controller/sdn-controller/output/effective.xml:1053:15: error: element "term" missing required attribute "full"
/home/runner/work/sdn-controller/sdn-controller/output/effective.xml:1054:22: error: element "description" not allowed here; expected element "version"
/home/runner/work/sdn-controller/sdn-controller/output/effective.xml:1055:15: error: element "entry" incomplete; missing required element "version"
/home/runner/work/sdn-controller/sdn-controller/output/effective.xml:1057:15: error: element "term" not allowed here; expected element "version"
/home/runner/work/sdn-controller/sdn-controller/output/effective.xml:1057:15: error: element "term" missing required attribute "full"
/home/runner/work/sdn-controller/sdn-controller/output/effective.xml:1058:22: error: element "description" not allowed here; expected element "version"
/home/runner/work/sdn-controller/sdn-controller/output/effective.xml:1059:15: error: element "entry" incomplete; missing required element "version"
/home/runner/work/sdn-controller/sdn-controller/output/effective.xml:1061:15: error: element "term" not allowed here; expected element "version"
/home/runner/work/sdn-controller/sdn-controller/output/effective.xml:1061:15: error: element "term" missing required attribute "full"
/home/runner/work/sdn-controller/sdn-controller/output/effective.xml:1062:22: error: element "description" not allowed here; expected element "version"
/home/runner/work/sdn-controller/sdn-controller/output/effective.xml:1063:15: error: element "entry" incomplete; missing required element "version"
/home/runner/work/sdn-controller/sdn-controller/output/effective.xml:1065:15: error: element "term" not allowed here; expected element "version"
/home/runner/work/sdn-controller/sdn-controller/output/effective.xml:1065:15: error: element "term" missing required attribute "full"
/home/runner/work/sdn-controller/sdn-controller/output/effective.xml:1066:22: error: element "description" not allowed here; expected element "version"
/home/runner/work/sdn-controller/sdn-controller/output/effective.xml:1067:15: error: element "entry" incomplete; missing required element "version"
/home/runner/work/sdn-controller/sdn-controller/output/effective.xml:1069:15: error: element "term" not allowed here; expected element "version"
/home/runner/work/sdn-controller/sdn-controller/output/effective.xml:1069:15: error: element "term" missing required attribute "full"
/home/runner/work/sdn-controller/sdn-controller/output/effective.xml:1070:22: error: element "description" not allowed here; expected element "version"
/home/runner/work/sdn-controller/sdn-controller/output/effective.xml:1071:15: error: element "entry" incomplete; missing required element "version"
/home/runner/work/sdn-controller/sdn-controller/output/effective.xml:1073:15: error: element "term" not allowed here; expected element "version"
/home/runner/work/sdn-controller/sdn-controller/output/effective.xml:1073:15: error: element "term" missing required attribute "full"
/home/runner/work/sdn-controller/sdn-controller/output/effective.xml:1074:22: error: element "description" not allowed here; expected element "version"
/home/runner/work/sdn-controller/sdn-controller/output/effective.xml:1075:15: error: element "entry" incomplete; missing required element "version"
/home/runner/work/sdn-controller/sdn-controller/output/effective.xml:1077:15: error: element "term" not allowed here; expected element "version"
/home/runner/work/sdn-controller/sdn-controller/output/effective.xml:1077:15: error: element "term" missing required attribute "full"
/home/runner/work/sdn-controller/sdn-controller/output/effective.xml:1078:22: error: element "description" not allowed here; expected element "version"
/home/runner/work/sdn-controller/sdn-controller/output/effective.xml:1079:15: error: element "entry" incomplete; missing required element "version"
/home/runner/work/sdn-controller/sdn-controller/output/effective.xml:1081:15: error: element "term" not allowed here; expected element "version"
/home/runner/work/sdn-controller/sdn-controller/output/effective.xml:1081:15: error: element "term" missing required attribute "full"
/home/runner/work/sdn-controller/sdn-controller/output/effective.xml:1082:22: error: element "description" not allowed here; expected element "version"
/home/runner/work/sdn-controller/sdn-controller/output/effective.xml:1083:15: error: element "entry" incomplete; missing required element "version"
/home/runner/work/sdn-controller/sdn-controller/output/effective.xml:1085:15: error: element "term" not allowed here; expected element "version"
/home/runner/work/sdn-controller/sdn-controller/output/effective.xml:1085:15: error: element "term" missing required attribute "full"
/home/runner/work/sdn-controller/sdn-controller/output/effective.xml:1086:22: error: element "description" not allowed here; expected element "version"
/home/runner/work/sdn-controller/sdn-controller/output/effective.xml:1087:15: error: element "entry" incomplete; missing required element "version"
/home/runner/work/sdn-controller/sdn-controller/output/effective.xml:1089:15: error: element "term" not allowed here; expected element "version"
/home/runner/work/sdn-controller/sdn-controller/output/effective.xml:1089:15: error: element "term" missing required attribute "full"
/home/runner/work/sdn-controller/sdn-controller/output/effective.xml:1090:22: error: element "description" not allowed here; expected element "version"
/home/runner/work/sdn-controller/sdn-controller/output/effective.xml:1091:15: error: element "entry" incomplete; missing required element "version"
/home/runner/work/sdn-controller/sdn-controller/output/effective.xml:1093:15: error: element "term" not allowed here; expected element "version"
/home/runner/work/sdn-controller/sdn-controller/output/effective.xml:1093:15: error: element "term" missing required attribute "full"
/home/runner/work/sdn-controller/sdn-controller/output/effective.xml:1094:22: error: element "description" not allowed here; expected element "version"
/home/runner/work/sdn-controller/sdn-controller/output/effective.xml:1095:15: error: element "entry" incomplete; missing required element "version"
/home/runner/work/sdn-controller/sdn-controller/output/effective.xml:1097:15: error: element "term" not allowed here; expected element "version"
/home/runner/work/sdn-controller/sdn-controller/output/effective.xml:1097:15: error: element "term" missing required attribute "full"
/home/runner/work/sdn-controller/sdn-controller/output/effective.xml:1098:22: error: element "description" not allowed here; expected element "version"
/home/runner/work/sdn-controller/sdn-controller/output/effective.xml:1099:15: error: element "entry" incomplete; missing required element "version"
/home/runner/work/sdn-controller/sdn-controller/output/effective.xml:1101:15: error: element "term" not allowed here; expected element "version"
/home/runner/work/sdn-controller/sdn-controller/output/effective.xml:1101:15: error: element "term" missing required attribute "full"
/home/runner/work/sdn-controller/sdn-controller/output/effective.xml:1102:22: error: element "description" not allowed here; expected element "version"
/home/runner/work/sdn-controller/sdn-controller/output/effective.xml:1103:15: error: element "entry" incomplete; missing required element "version"
/home/runner/work/sdn-controller/sdn-controller/output/effective.xml:1105:15: error: element "term" not allowed here; expected element "version"
/home/runner/work/sdn-controller/sdn-controller/output/effective.xml:1105:15: error: element "term" missing required attribute "full"
/home/runner/work/sdn-controller/sdn-controller/output/effective.xml:1106:22: error: element "description" not allowed here; expected element "version"
/home/runner/work/sdn-controller/sdn-controller/output/effective.xml:1107:15: error: element "entry" incomplete; missing required element "version"
/home/runner/work/sdn-controller/sdn-controller/output/effective.xml:1109:15: error: element "term" not allowed here; expected element "version"
/home/runner/work/sdn-controller/sdn-controller/output/effective.xml:1109:15: error: element "term" missing required attribute "full"
/home/runner/work/sdn-controller/sdn-controller/output/effective.xml:1110:22: error: element "description" not allowed here; expected element "version"
/home/runner/work/sdn-controller/sdn-controller/output/effective.xml:1111:15: error: element "entry" incomplete; missing required element "version"
/home/runner/work/sdn-controller/sdn-controller/output/effective.xml:1113:15: error: element "term" not allowed here; expected element "version"
/home/runner/work/sdn-controller/sdn-controller/output/effective.xml:1113:15: error: element "term" missing required attribute "full"
/home/runner/work/sdn-controller/sdn-controller/output/effective.xml:1114:22: error: element "description" not allowed here; expected element "version"
/home/runner/work/sdn-controller/sdn-controller/output/effective.xml:1115:15: error: element "entry" incomplete; missing required element "version"
/home/runner/work/sdn-controller/sdn-controller/output/effective.xml:1117:15: error: element "term" not allowed here; expected element "version"
/home/runner/work/sdn-controller/sdn-controller/output/effective.xml:1117:15: error: element "term" missing required attribute "full"
/home/runner/work/sdn-controller/sdn-controller/output/effective.xml:1118:22: error: element "description" not allowed here; expected element "version"
/home/runner/work/sdn-controller/sdn-controller/output/effective.xml:1119:15: error: element "entry" incomplete; missing required element "version"
/home/runner/work/sdn-controller/sdn-controller/output/effective.xml:1121:15: error: element "term" not allowed here; expected element "version"
/home/runner/work/sdn-controller/sdn-controller/output/effective.xml:1121:15: error: element "term" missing required attribute "full"
/home/runner/work/sdn-controller/sdn-controller/output/effective.xml:1122:22: error: element "description" not allowed here; expected element "version"
/home/runner/work/sdn-controller/sdn-controller/output/effective.xml:1123:15: error: element "entry" incomplete; missing required element "version"
/home/runner/work/sdn-controller/sdn-controller/output/effective.xml:1125:15: error: element "term" not allowed here; expected element "version"
/home/runner/work/sdn-controller/sdn-controller/output/effective.xml:1125:15: error: element "term" missing required attribute "full"
/home/runner/work/sdn-controller/sdn-controller/output/effective.xml:1126:22: error: element "description" not allowed here; expected element "version"
/home/runner/work/sdn-controller/sdn-controller/output/effective.xml:1127:15: error: element "entry" incomplete; missing required element "version"
/home/runner/work/sdn-controller/sdn-controller/output/effective.xml:1129:15: error: element "term" not allowed here; expected element "version"
/home/runner/work/sdn-controller/sdn-controller/output/effective.xml:1129:15: error: element "term" missing required attribute "full"
/home/runner/work/sdn-controller/sdn-controller/output/effective.xml:1130:22: error: element "description" not allowed here; expected element "version"
/home/runner/work/sdn-controller/sdn-controller/output/effective.xml:1131:15: error: element "entry" incomplete; missing required element "version"
/home/runner/work/sdn-controller/sdn-controller/output/effective.xml:1133:15: error: element "term" not allowed here; expected element "version"
/home/runner/work/sdn-controller/sdn-controller/output/effective.xml:1133:15: error: element "term" missing required attribute "full"
/home/runner/work/sdn-controller/sdn-controller/output/effective.xml:1134:22: error: element "description" not allowed here; expected element "version"
/home/runner/work/sdn-controller/sdn-controller/output/effective.xml:1135:15: error: element "entry" incomplete; missing required element "version"
/home/runner/work/sdn-controller/sdn-controller/output/effective.xml:1137:15: error: element "term" not allowed here; expected element "version"
/home/runner/work/sdn-controller/sdn-controller/output/effective.xml:1137:15: error: element "term" missing required attribute "full"
/home/runner/work/sdn-controller/sdn-controller/output/effective.xml:1138:22: error: element "description" not allowed here; expected element "version"
/home/runner/work/sdn-controller/sdn-controller/output/effective.xml:1139:15: error: element "entry" incomplete; missing required element "version"
/home/runner/work/sdn-controller/sdn-controller/output/effective.xml:1141:15: error: element "term" not allowed here; expected element "version"
/home/runner/work/sdn-controller/sdn-controller/output/effective.xml:1141:15: error: element "term" missing required attribute "full"
/home/runner/work/sdn-controller/sdn-controller/output/effective.xml:1142:22: error: element "description" not allowed here; expected element "version"
/home/runner/work/sdn-controller/sdn-controller/output/effective.xml:1143:15: error: element "entry" incomplete; missing required element "version"
/home/runner/work/sdn-controller/sdn-controller/output/effective.xml:1145:15: error: element "term" not allowed here; expected element "version"
/home/runner/work/sdn-controller/sdn-controller/output/effective.xml:1145:15: error: element "term" missing required attribute "full"
/home/runner/work/sdn-controller/sdn-controller/output/effective.xml:1146:22: error: element "description" not allowed here; expected element "version"
/home/runner/work/sdn-controller/sdn-controller/output/effective.xml:1147:15: error: element "entry" incomplete; missing required element "version"
/home/runner/work/sdn-controller/sdn-controller/output/effective.xml:1153:15: error: element "term" not allowed here; expected element "version"
/home/runner/work/sdn-controller/sdn-controller/output/effective.xml:1153:15: error: element "term" missing required attribute "full"
/home/runner/work/sdn-controller/sdn-controller/output/effective.xml:1154:22: error: element "description" not allowed here; expected element "version"
/home/runner/work/sdn-controller/sdn-controller/output/effective.xml:1155:15: error: element "entry" incomplete; missing required element "version"
/home/runner/work/sdn-controller/sdn-controller/output/effective.xml:1157:15: error: element "term" not allowed here; expected element "version"
/home/runner/work/sdn-controller/sdn-controller/output/effective.xml:1157:15: error: element "term" missing required attribute "full"
/home/runner/work/sdn-controller/sdn-controller/output/effective.xml:1158:22: error: element "description" not allowed here; expected element "version"
/home/runner/work/sdn-controller/sdn-controller/output/effective.xml:1159:15: error: element "entry" incomplete; missing required element "version"
/home/runner/work/sdn-controller/sdn-controller/output/effective.xml:1161:15: error: element "term" not allowed here; expected element "version"
/home/runner/work/sdn-controller/sdn-controller/output/effective.xml:1161:15: error: element "term" missing required attribute "full"
/home/runner/work/sdn-controller/sdn-controller/output/effective.xml:1162:22: error: element "description" not allowed here; expected element "version"
/home/runner/work/sdn-controller/sdn-controller/output/effective.xml:1163:15: error: element "entry" incomplete; missing required element "version"
/home/runner/work/sdn-controller/sdn-controller/output/effective.xml:1165:15: error: element "term" not allowed here; expected element "version"
/home/runner/work/sdn-controller/sdn-controller/output/effective.xml:1165:15: error: element "term" missing required attribute "full"
/home/runner/work/sdn-controller/sdn-controller/output/effective.xml:1166:22: error: element "description" not allowed here; expected element "version"
/home/runner/work/sdn-controller/sdn-controller/output/effective.xml:1167:15: error: element "entry" incomplete; missing required element "version"
/home/runner/work/sdn-controller/sdn-controller/output/effective.xml:1169:15: error: element "term" not allowed here; expected element "version"
/home/runner/work/sdn-controller/sdn-controller/output/effective.xml:1169:15: error: element "term" missing required attribute "full"
/home/runner/work/sdn-controller/sdn-controller/output/effective.xml:1170:22: error: element "description" not allowed here; expected element "version"
/home/runner/work/sdn-controller/sdn-controller/output/effective.xml:1171:15: error: element "entry" incomplete; missing required element "version"
/home/runner/work/sdn-controller/sdn-controller/output/effective.xml:1173:15: error: element "term" not allowed here; expected element "version"
/home/runner/work/sdn-controller/sdn-controller/output/effective.xml:1173:15: error: element "term" missing required attribute "full"
/home/runner/work/sdn-controller/sdn-controller/output/effective.xml:1174:22: error: element "description" not allowed here; expected element "version"
/home/runner/work/sdn-controller/sdn-controller/output/effective.xml:1175:15: error: element "entry" incomplete; missing required element "version"
/home/runner/work/sdn-controller/sdn-controller/output/effective.xml:1177:15: error: element "term" not allowed here; expected element "version"
/home/runner/work/sdn-controller/sdn-controller/output/effective.xml:1177:15: error: element "term" missing required attribute "full"
/home/runner/work/sdn-controller/sdn-controller/output/effective.xml:1178:22: error: element "description" not allowed here; expected element "version"
/home/runner/work/sdn-controller/sdn-controller/output/effective.xml:1179:15: error: element "entry" incomplete; missing required element "version"
/home/runner/work/sdn-controller/sdn-controller/output/effective.xml:1181:15: error: element "term" not allowed here; expected element "version"
/home/runner/work/sdn-controller/sdn-controller/output/effective.xml:1181:15: error: element "term" missing required attribute "full"
/home/runner/work/sdn-controller/sdn-controller/output/effective.xml:1182:22: error: element "description" not allowed here; expected element "version"
/home/runner/work/sdn-controller/sdn-controller/output/effective.xml:1183:15: error: element "entry" incomplete; missing required element "version"
/home/runner/work/sdn-controller/sdn-controller/output/effective.xml:1185:15: error: element "term" not allowed here; expected element "version"
/home/runner/work/sdn-controller/sdn-controller/output/effective.xml:1185:15: error: element "term" missing required attribute "full"
/home/runner/work/sdn-controller/sdn-controller/output/effective.xml:1186:22: error: element "description" not allowed here; expected element "version"
/home/runner/work/sdn-controller/sdn-controller/output/effective.xml:1187:15: error: element "entry" incomplete; missing required element "version"
/home/runner/work/sdn-controller/sdn-controller/output/effective.xml:1189:15: error: element "term" not allowed here; expected element "version"
/home/runner/work/sdn-controller/sdn-controller/output/effective.xml:1189:15: error: element "term" missing required attribute "full"
/home/runner/work/sdn-controller/sdn-controller/output/effective.xml:1190:22: error: element "description" not allowed here; expected element "version"
/home/runner/work/sdn-controller/sdn-controller/output/effective.xml:1191:15: error: element "entry" incomplete; missing required element "version"
/home/runner/work/sdn-controller/sdn-controller/output/effective.xml:1193:15: error: element "term" not allowed here; expected element "version"
/home/runner/work/sdn-controller/sdn-controller/output/effective.xml:1193:15: error: element "term" missing required attribute "full"
/home/runner/work/sdn-controller/sdn-controller/output/effective.xml:1194:22: error: element "description" not allowed here; expected element "version"
/home/runner/work/sdn-controller/sdn-controller/output/effective.xml:1195:15: error: element "entry" incomplete; missing required element "version"
/home/runner/work/sdn-controller/sdn-controller/output/effective.xml:1197:15: error: element "term" not allowed here; expected element "version"
/home/runner/work/sdn-controller/sdn-controller/output/effective.xml:1197:15: error: element "term" missing required attribute "full"
/home/runner/work/sdn-controller/sdn-controller/output/effective.xml:1198:22: error: element "description" not allowed here; expected element "version"
/home/runner/work/sdn-controller/sdn-controller/output/effective.xml:1199:15: error: element "entry" incomplete; missing required element "version"
/home/runner/work/sdn-controller/sdn-controller/output/effective.xml:1201:15: error: element "term" not allowed here; expected element "version"
/home/runner/work/sdn-controller/sdn-controller/output/effective.xml:1201:15: error: element "term" missing required attribute "full"
/home/runner/work/sdn-controller/sdn-controller/output/effective.xml:1202:22: error: element "description" not allowed here; expected element "version"
/home/runner/work/sdn-controller/sdn-controller/output/effective.xml:1203:15: error: element "entry" incomplete; missing required element "version"
/home/runner/work/sdn-controller/sdn-controller/output/effective.xml:1205:15: error: element "term" not allowed here; expected element "version"
/home/runner/work/sdn-controller/sdn-controller/output/effective.xml:1205:15: error: element "term" missing required attribute "full"
/home/runner/work/sdn-controller/sdn-controller/output/effective.xml:1206:22: error: element "description" not allowed here; expected element "version"
/home/runner/work/sdn-controller/sdn-controller/output/effective.xml:1207:15: error: element "entry" incomplete; missing required element "version"
/home/runner/work/sdn-controller/sdn-controller/output/effective.xml:1209:15: error: element "term" not allowed here; expected element "version"
/home/runner/work/sdn-controller/sdn-controller/output/effective.xml:1209:15: error: element "term" missing required attribute "full"
/home/runner/work/sdn-controller/sdn-controller/output/effective.xml:1210:22: error: element "description" not allowed here; expected element "version"
/home/runner/work/sdn-controller/sdn-controller/output/effective.xml:1211:15: error: element "entry" incomplete; missing required element "version"
/home/runner/work/sdn-controller/sdn-controller/output/effective.xml:1213:15: error: element "term" not allowed here; expected element "version"
/home/runner/work/sdn-controller/sdn-controller/output/effective.xml:1213:15: error: element "term" missing required attribute "full"
/home/runner/work/sdn-controller/sdn-controller/output/effective.xml:1214:22: error: element "description" not allowed here; expected element "version"
/home/runner/work/sdn-controller/sdn-controller/output/effective.xml:1215:15: error: element "entry" incomplete; missing required element "version"
/home/runner/work/sdn-controller/sdn-controller/output/effective.xml:1217:15: error: element "term" not allowed here; expected element "version"
/home/runner/work/sdn-controller/sdn-controller/output/effective.xml:1217:15: error: element "term" missing required attribute "full"
/home/runner/work/sdn-controller/sdn-controller/output/effective.xml:1218:22: error: element "description" not allowed here; expected element "version"
/home/runner/work/sdn-controller/sdn-controller/output/effective.xml:1219:15: error: element "entry" incomplete; missing required element "version"
/home/runner/work/sdn-controller/sdn-controller/output/effective.xml:1221:15: error: element "term" not allowed here; expected element "version"
/home/runner/work/sdn-controller/sdn-controller/output/effective.xml:1221:15: error: element "term" missing required attribute "full"
/home/runner/work/sdn-controller/sdn-controller/output/effective.xml:1222:22: error: element "description" not allowed here; expected element "version"
/home/runner/work/sdn-controller/sdn-controller/output/effective.xml:1223:15: error: element "entry" incomplete; missing required element "version"
/home/runner/work/sdn-controller/sdn-controller/output/effective.xml:1225:15: error: element "term" not allowed here; expected element "version"
/home/runner/work/sdn-controller/sdn-controller/output/effective.xml:1225:15: error: element "term" missing required attribute "full"
/home/runner/work/sdn-controller/sdn-controller/output/effective.xml:1226:22: error: element "description" not allowed here; expected element "version"
/home/runner/work/sdn-controller/sdn-controller/output/effective.xml:1227:15: error: element "entry" incomplete; missing required element "version"
/home/runner/work/sdn-controller/sdn-controller/output/effective.xml:1229:15: error: element "term" not allowed here; expected element "version"
/home/runner/work/sdn-controller/sdn-controller/output/effective.xml:1229:15: error: element "term" missing required attribute "full"
/home/runner/work/sdn-controller/sdn-controller/output/effective.xml:1230:22: error: element "description" not allowed here; expected element "version"
/home/runner/work/sdn-controller/sdn-controller/output/effective.xml:1231:15: error: element "entry" incomplete; missing required element "version"
/home/runner/work/sdn-controller/sdn-controller/output/effective.xml:1233:15: error: element "term" not allowed here; expected element "version"
/home/runner/work/sdn-controller/sdn-controller/output/effective.xml:1233:15: error: element "term" missing required attribute "full"
/home/runner/work/sdn-controller/sdn-controller/output/effective.xml:1234:22: error: element "description" not allowed here; expected element "version"
/home/runner/work/sdn-controller/sdn-controller/output/effective.xml:1235:15: error: element "entry" incomplete; missing required element "version"
/home/runner/work/sdn-controller/sdn-controller/output/effective.xml:1237:15: error: element "term" not allowed here; expected element "version"
/home/runner/work/sdn-controller/sdn-controller/output/effective.xml:1237:15: error: element "term" missing required attribute "full"
/home/runner/work/sdn-controller/sdn-controller/output/effective.xml:1238:22: error: element "description" not allowed here; expected element "version"
/home/runner/work/sdn-controller/sdn-controller/output/effective.xml:1239:15: error: element "entry" incomplete; missing required element "version"
/home/runner/work/sdn-controller/sdn-controller/output/effective.xml:1241:15: error: element "term" not allowed here; expected element "version"
/home/runner/work/sdn-controller/sdn-controller/output/effective.xml:1241:15: error: element "term" missing required attribute "full"
/home/runner/work/sdn-controller/sdn-controller/output/effective.xml:1242:22: error: element "description" not allowed here; expected element "version"
/home/runner/work/sdn-controller/sdn-controller/output/effective.xml:1243:15: error: element "entry" incomplete; missing required element "version"
/home/runner/work/sdn-controller/sdn-controller/output/effective.xml:1245:15: error: element "term" not allowed here; expected element "version"
/home/runner/work/sdn-controller/sdn-controller/output/effective.xml:1245:15: error: element "term" missing required attribute "full"
/home/runner/work/sdn-controller/sdn-controller/output/effective.xml:1246:22: error: element "description" not allowed here; expected element "version"
/home/runner/work/sdn-controller/sdn-controller/output/effective.xml:1247:15: error: element "entry" incomplete; missing required element "version"
/home/runner/work/sdn-controller/sdn-controller/output/effective.xml:1249:15: error: element "term" not allowed here; expected element "version"
/home/runner/work/sdn-controller/sdn-controller/output/effective.xml:1249:15: error: element "term" missing required attribute "full"
/home/runner/work/sdn-controller/sdn-controller/output/effective.xml:1250:22: error: element "description" not allowed here; expected element "version"
/home/runner/work/sdn-controller/sdn-controller/output/effective.xml:1251:15: error: element "entry" incomplete; missing required element "version"
/home/runner/work/sdn-controller/sdn-controller/output/effective.xml:1253:15: error: element "term" not allowed here; expected element "version"
/home/runner/work/sdn-controller/sdn-controller/output/effective.xml:1253:15: error: element "term" missing required attribute "full"
/home/runner/work/sdn-controller/sdn-controller/output/effective.xml:1254:22: error: element "description" not allowed here; expected element "version"
/home/runner/work/sdn-controller/sdn-controller/output/effective.xml:1255:15: error: element "entry" incomplete; missing required element "version"
/home/runner/work/sdn-controller/sdn-controller/output/effective.xml:1257:15: error: element "term" not allowed here; expected element "version"
/home/runner/work/sdn-controller/sdn-controller/output/effective.xml:1257:15: error: element "term" missing required attribute "full"
/home/runner/work/sdn-controller/sdn-controller/output/effective.xml:1258:22: error: element "description" not allowed here; expected element "version"
/home/runner/work/sdn-controller/sdn-controller/output/effective.xml:1259:15: error: element "entry" incomplete; missing required element "version"
/home/runner/work/sdn-controller/sdn-controller/output/effective.xml:1261:15: error: element "term" not allowed here; expected element "version"
/home/runner/work/sdn-controller/sdn-controller/output/effective.xml:1261:15: error: element "term" missing required attribute "full"
/home/runner/work/sdn-controller/sdn-controller/output/effective.xml:1262:22: error: element "description" not allowed here; expected element "version"
/home/runner/work/sdn-controller/sdn-controller/output/effective.xml:1263:15: error: element "entry" incomplete; missing required element "version"
/home/runner/work/sdn-controller/sdn-controller/output/effective.xml:1265:15: error: element "term" not allowed here; expected element "version"
/home/runner/work/sdn-controller/sdn-controller/output/effective.xml:1265:15: error: element "term" missing required attribute "full"
/home/runner/work/sdn-controller/sdn-controller/output/effective.xml:1266:22: error: element "description" not allowed here; expected element "version"
/home/runner/work/sdn-controller/sdn-controller/output/effective.xml:1267:15: error: element "entry" incomplete; missing required element "version"
/home/runner/work/sdn-controller/sdn-controller/output/effective.xml:1269:15: error: element "term" not allowed here; expected element "version"
/home/runner/work/sdn-controller/sdn-controller/output/effective.xml:1269:15: error: element "term" missing required attribute "full"
/home/runner/work/sdn-controller/sdn-controller/output/effective.xml:1270:22: error: element "description" not allowed here; expected element "version"
/home/runner/work/sdn-controller/sdn-controller/output/effective.xml:1271:15: error: element "entry" incomplete; missing required element "version"
/home/runner/work/sdn-controller/sdn-controller/output/effective.xml:1273:15: error: element "term" not allowed here; expected element "version"
/home/runner/work/sdn-controller/sdn-controller/output/effective.xml:1273:15: error: element "term" missing required attribute "full"
/home/runner/work/sdn-controller/sdn-controller/output/effective.xml:1274:22: error: element "description" not allowed here; expected element "version"
/home/runner/work/sdn-controller/sdn-controller/output/effective.xml:1275:15: error: element "entry" incomplete; missing required element "version"
/home/runner/work/sdn-controller/sdn-controller/output/effective.xml:1277:15: error: element "term" not allowed here; expected element "version"
/home/runner/work/sdn-controller/sdn-controller/output/effective.xml:1277:15: error: element "term" missing required attribute "full"
/home/runner/work/sdn-controller/sdn-controller/output/effective.xml:1278:22: error: element "description" not allowed here; expected element "version"
/home/runner/work/sdn-controller/sdn-controller/output/effective.xml:1279:15: error: element "entry" incomplete; missing required element "version"
/home/runner/work/sdn-controller/sdn-controller/output/effective.xml:1282:6: error: element "PP" incomplete; missing required element "bibliography"
