/home/runner/work/sdn-controller/sdn-controller/input/sdn-controller.xml:5:44: error: attribute "name" not allowed here; expected attribute "boilerplate", "short", "target-product" or "target-products"
/home/runner/work/sdn-controller/sdn-controller/input/sdn-controller.xml:5:44: error: element "PP" missing required attribute "target-product"
/home/runner/work/sdn-controller/sdn-controller/input/sdn-controller.xml:8:37: error: found attribute "title", but no attributes allowed here
/home/runner/work/sdn-controller/sdn-controller/input/sdn-controller.xml:14:26: error: element "PPCertificationID" not allowed anywhere; expected the element end-tag or element "Keywords"
/home/runner/work/sdn-controller/sdn-controller/input/sdn-controller.xml:15:18: error: element "CCVersion" not allowed anywhere; expected the element end-tag or element "Keywords"
/home/runner/work/sdn-controller/sdn-controller/input/sdn-controller.xml:17:14: error: element "entry" not allowed here; expected the element end-tag
/home/runner/work/sdn-controller/sdn-controller/input/sdn-controller.xml:18:15: error: element "name" not allowed anywhere; expected element "version"
/home/runner/work/sdn-controller/sdn-controller/input/sdn-controller.xml:19:22: error: element "description" not allowed here; expected element "version"
/home/runner/work/sdn-controller/sdn-controller/input/sdn-controller.xml:20:15: error: element "entry" incomplete; missing required element "version"
/home/runner/work/sdn-controller/sdn-controller/input/sdn-controller.xml:24:33: error: found attribute "role", but no attributes allowed here
/home/runner/work/sdn-controller/sdn-controller/input/sdn-controller.xml:32:33: error: found attribute "role", but no attributes allowed here
/home/runner/work/sdn-controller/sdn-controller/input/sdn-controller.xml:40:42: error: element "chapter" not allowed anywhere; expected element "RevisionHistory", "foreword", "include-pkg", "modules", "pp-preferences", "release-notes", "section" or "subaactivity-decl" or an element from another namespace
/home/runner/work/sdn-controller/sdn-controller/input/sdn-controller.xml:42:99: error: element "cite" not allowed anywhere; expected text, element "_", "a-component", "assignable", "audit-table", "choice", "comment", "ctr", "depends", "endnote", "equation", "ext-comp-class", "ext-comp-def", "external-doc", "f-component", "figure", "if-opt-app", "implements", "no-link", "provides", "refinement", "requires", "rule", "section", "selectables", "snip", "testlist", "usecases" or "xref" or an element from another namespace
/home/runner/work/sdn-controller/sdn-controller/input/sdn-controller.xml:47:15: error: element "cite" not allowed anywhere; expected text, element "_", "a-component", "assignable", "audit-table", "choice", "comment", "ctr", "depends", "endnote", "equation", "ext-comp-class", "ext-comp-def", "external-doc", "f-component", "figure", "if-opt-app", "implements", "no-link", "provides", "refinement", "requires", "rule", "section", "selectables", "snip", "testlist", "usecases" or "xref" or an element from another namespace
/home/runner/work/sdn-controller/sdn-controller/input/sdn-controller.xml:50:22: error: element "subsection" not allowed anywhere; expected text, element "_", "a-component", "assignable", "audit-table", "choice", "comment", "ctr", "depends", "endnote", "equation", "ext-comp-class", "ext-comp-def", "external-doc", "f-component", "figure", "if-opt-app", "implements", "no-link", "provides", "refinement", "requires", "rule", "section", "selectables", "snip", "testlist", "usecases" or "xref" or an element from another namespace
/home/runner/work/sdn-controller/sdn-controller/input/sdn-controller.xml:53:19: error: element "term" not allowed here; expected element "version"
/home/runner/work/sdn-controller/sdn-controller/input/sdn-controller.xml:53:19: error: element "term" missing required attribute "full"
/home/runner/work/sdn-controller/sdn-controller/input/sdn-controller.xml:53:49: error: element "abbr" not allowed anywhere; expected the element end-tag, text, element "_", "assignable", "choice", "comment", "ctr", "depends", "endnote", "equation", "external-doc", "figure", "if-opt-app", "no-link", "provides", "refinement", "requires", "rule", "selectables", "snip", "testlist" or "xref" or an element from another namespace
/home/runner/work/sdn-controller/sdn-controller/input/sdn-controller.xml:54:26: error: element "description" not allowed here; expected element "version"
/home/runner/work/sdn-controller/sdn-controller/input/sdn-controller.xml:56:19: error: element "entry" incomplete; missing required element "version"
/home/runner/work/sdn-controller/sdn-controller/input/sdn-controller.xml:58:19: error: element "term" not allowed here; expected element "version"
/home/runner/work/sdn-controller/sdn-controller/input/sdn-controller.xml:58:19: error: element "term" missing required attribute "full"
/home/runner/work/sdn-controller/sdn-controller/input/sdn-controller.xml:58:63: error: element "abbr" not allowed anywhere; expected the element end-tag, text, element "_", "assignable", "choice", "comment", "ctr", "depends", "endnote", "equation", "external-doc", "figure", "if-opt-app", "no-link", "provides", "refinement", "requires", "rule", "selectables", "snip", "testlist" or "xref" or an element from another namespace
/home/runner/work/sdn-controller/sdn-controller/input/sdn-controller.xml:59:26: error: element "description" not allowed here; expected element "version"
/home/runner/work/sdn-controller/sdn-controller/input/sdn-controller.xml:61:19: error: element "entry" incomplete; missing required element "version"
/home/runner/work/sdn-controller/sdn-controller/input/sdn-controller.xml:63:19: error: element "term" not allowed here; expected element "version"
/home/runner/work/sdn-controller/sdn-controller/input/sdn-controller.xml:63:19: error: element "term" missing required attribute "full"
/home/runner/work/sdn-controller/sdn-controller/input/sdn-controller.xml:63:52: error: element "abbr" not allowed anywhere; expected the element end-tag, text, element "_", "assignable", "choice", "comment", "ctr", "depends", "endnote", "equation", "external-doc", "figure", "if-opt-app", "no-link", "provides", "refinement", "requires", "rule", "selectables", "snip", "testlist" or "xref" or an element from another namespace
/home/runner/work/sdn-controller/sdn-controller/input/sdn-controller.xml:64:26: error: element "description" not allowed here; expected element "version"
/home/runner/work/sdn-controller/sdn-controller/input/sdn-controller.xml:66:19: error: element "entry" incomplete; missing required element "version"
/home/runner/work/sdn-controller/sdn-controller/input/sdn-controller.xml:68:19: error: element "term" not allowed here; expected element "version"
/home/runner/work/sdn-controller/sdn-controller/input/sdn-controller.xml:68:19: error: element "term" missing required attribute "full"
/home/runner/work/sdn-controller/sdn-controller/input/sdn-controller.xml:68:49: error: element "abbr" not allowed anywhere; expected the element end-tag, text, element "_", "assignable", "choice", "comment", "ctr", "depends", "endnote", "equation", "external-doc", "figure", "if-opt-app", "no-link", "provides", "refinement", "requires", "rule", "selectables", "snip", "testlist" or "xref" or an element from another namespace
/home/runner/work/sdn-controller/sdn-controller/input/sdn-controller.xml:69:26: error: element "description" not allowed here; expected element "version"
/home/runner/work/sdn-controller/sdn-controller/input/sdn-controller.xml:71:19: error: element "entry" incomplete; missing required element "version"
/home/runner/work/sdn-controller/sdn-controller/input/sdn-controller.xml:73:19: error: element "term" not allowed here; expected element "version"
/home/runner/work/sdn-controller/sdn-controller/input/sdn-controller.xml:73:19: error: element "term" missing required attribute "full"
/home/runner/work/sdn-controller/sdn-controller/input/sdn-controller.xml:73:54: error: element "abbr" not allowed anywhere; expected the element end-tag, text, element "_", "assignable", "choice", "comment", "ctr", "depends", "endnote", "equation", "external-doc", "figure", "if-opt-app", "no-link", "provides", "refinement", "requires", "rule", "selectables", "snip", "testlist" or "xref" or an element from another namespace
/home/runner/work/sdn-controller/sdn-controller/input/sdn-controller.xml:74:26: error: element "description" not allowed here; expected element "version"
/home/runner/work/sdn-controller/sdn-controller/input/sdn-controller.xml:77:19: error: element "entry" incomplete; missing required element "version"
/home/runner/work/sdn-controller/sdn-controller/input/sdn-controller.xml:79:19: error: element "term" not allowed here; expected element "version"
/home/runner/work/sdn-controller/sdn-controller/input/sdn-controller.xml:79:19: error: element "term" missing required attribute "full"
/home/runner/work/sdn-controller/sdn-controller/input/sdn-controller.xml:79:60: error: element "abbr" not allowed anywhere; expected the element end-tag, text, element "_", "assignable", "choice", "comment", "ctr", "depends", "endnote", "equation", "external-doc", "figure", "if-opt-app", "no-link", "provides", "refinement", "requires", "rule", "selectables", "snip", "testlist" or "xref" or an element from another namespace
/home/runner/work/sdn-controller/sdn-controller/input/sdn-controller.xml:80:26: error: element "description" not allowed here; expected element "version"
/home/runner/work/sdn-controller/sdn-controller/input/sdn-controller.xml:81:19: error: element "entry" incomplete; missing required element "version"
/home/runner/work/sdn-controller/sdn-controller/input/sdn-controller.xml:83:19: error: element "term" not allowed here; expected element "version"
/home/runner/work/sdn-controller/sdn-controller/input/sdn-controller.xml:83:19: error: element "term" missing required attribute "full"
/home/runner/work/sdn-controller/sdn-controller/input/sdn-controller.xml:83:59: error: element "abbr" not allowed anywhere; expected the element end-tag, text, element "_", "assignable", "choice", "comment", "ctr", "depends", "endnote", "equation", "external-doc", "figure", "if-opt-app", "no-link", "provides", "refinement", "requires", "rule", "selectables", "snip", "testlist" or "xref" or an element from another namespace
/home/runner/work/sdn-controller/sdn-controller/input/sdn-controller.xml:84:26: error: element "description" not allowed here; expected element "version"
/home/runner/work/sdn-controller/sdn-controller/input/sdn-controller.xml:84:70: error: element "abbr" not allowed anywhere; expected the element end-tag, text, element "_", "assignable", "choice", "comment", "ctr", "depends", "endnote", "equation", "external-doc", "figure", "if-opt-app", "no-link", "provides", "refinement", "requires", "rule", "selectables", "snip", "testlist" or "xref" or an element from another namespace
/home/runner/work/sdn-controller/sdn-controller/input/sdn-controller.xml:85:31: error: element "abbr" not allowed anywhere; expected the element end-tag, text, element "_", "assignable", "choice", "comment", "ctr", "depends", "endnote", "equation", "external-doc", "figure", "if-opt-app", "no-link", "provides", "refinement", "requires", "rule", "selectables", "snip", "testlist" or "xref" or an element from another namespace
/home/runner/work/sdn-controller/sdn-controller/input/sdn-controller.xml:86:19: error: element "entry" incomplete; missing required element "version"
/home/runner/work/sdn-controller/sdn-controller/input/sdn-controller.xml:88:19: error: element "term" not allowed here; expected element "version"
/home/runner/work/sdn-controller/sdn-controller/input/sdn-controller.xml:88:19: error: element "term" missing required attribute "full"
/home/runner/work/sdn-controller/sdn-controller/input/sdn-controller.xml:88:65: error: element "abbr" not allowed anywhere; expected the element end-tag, text, element "_", "assignable", "choice", "comment", "ctr", "depends", "endnote", "equation", "external-doc", "figure", "if-opt-app", "no-link", "provides", "refinement", "requires", "rule", "selectables", "snip", "testlist" or "xref" or an element from another namespace
/home/runner/work/sdn-controller/sdn-controller/input/sdn-controller.xml:89:26: error: element "description" not allowed here; expected element "version"
/home/runner/work/sdn-controller/sdn-controller/input/sdn-controller.xml:89:93: error: element "abbr" not allowed anywhere; expected the element end-tag, text, element "_", "assignable", "choice", "comment", "ctr", "depends", "endnote", "equation", "external-doc", "figure", "if-opt-app", "no-link", "provides", "refinement", "requires", "rule", "selectables", "snip", "testlist" or "xref" or an element from another namespace
/home/runner/work/sdn-controller/sdn-controller/input/sdn-controller.xml:91:19: error: element "entry" incomplete; missing required element "version"
/home/runner/work/sdn-controller/sdn-controller/input/sdn-controller.xml:93:19: error: element "term" not allowed here; expected element "version"
/home/runner/work/sdn-controller/sdn-controller/input/sdn-controller.xml:93:19: error: element "term" missing required attribute "full"
/home/runner/work/sdn-controller/sdn-controller/input/sdn-controller.xml:93:64: error: element "abbr" not allowed anywhere; expected the element end-tag, text, element "_", "assignable", "choice", "comment", "ctr", "depends", "endnote", "equation", "external-doc", "figure", "if-opt-app", "no-link", "provides", "refinement", "requires", "rule", "selectables", "snip", "testlist" or "xref" or an element from another namespace
/home/runner/work/sdn-controller/sdn-controller/input/sdn-controller.xml:94:26: error: element "description" not allowed here; expected element "version"
/home/runner/work/sdn-controller/sdn-controller/input/sdn-controller.xml:94:91: error: element "abbr" not allowed anywhere; expected the element end-tag, text, element "_", "assignable", "choice", "comment", "ctr", "depends", "endnote", "equation", "external-doc", "figure", "if-opt-app", "no-link", "provides", "refinement", "requires", "rule", "selectables", "snip", "testlist" or "xref" or an element from another namespace
/home/runner/work/sdn-controller/sdn-controller/input/sdn-controller.xml:96:19: error: element "entry" incomplete; missing required element "version"
/home/runner/work/sdn-controller/sdn-controller/input/sdn-controller.xml:99:59: error: element "subsection" not allowed anywhere; expected text, element "_", "a-component", "assignable", "audit-table", "choice", "comment", "ctr", "depends", "endnote", "equation", "ext-comp-class", "ext-comp-def", "external-doc", "f-component", "figure", "if-opt-app", "implements", "no-link", "provides", "refinement", "requires", "rule", "section", "selectables", "snip", "testlist", "usecases" or "xref" or an element from another namespace
/home/runner/work/sdn-controller/sdn-controller/input/sdn-controller.xml:102:19: error: element "term" not allowed here; expected element "version"
/home/runner/work/sdn-controller/sdn-controller/input/sdn-controller.xml:102:19: error: element "term" missing required attribute "full"
/home/runner/work/sdn-controller/sdn-controller/input/sdn-controller.xml:102:43: error: element "abbr" not allowed anywhere; expected the element end-tag, text, element "_", "assignable", "choice", "comment", "ctr", "depends", "endnote", "equation", "external-doc", "figure", "if-opt-app", "no-link", "provides", "refinement", "requires", "rule", "selectables", "snip", "testlist" or "xref" or an element from another namespace
/home/runner/work/sdn-controller/sdn-controller/input/sdn-controller.xml:103:26: error: element "description" not allowed here; expected element "version"
/home/runner/work/sdn-controller/sdn-controller/input/sdn-controller.xml:105:19: error: element "entry" incomplete; missing required element "version"
/home/runner/work/sdn-controller/sdn-controller/input/sdn-controller.xml:108:14: error: element "entry" incomplete; missing required element "version"
/home/runner/work/sdn-controller/sdn-controller/input/sdn-controller.xml:110:57: error: element "subsection" not allowed anywhere; expected text, element "_", "a-component", "assignable", "audit-table", "choice", "class-description", "comment", "ctr", "depends", "endnote", "equation", "ext-comp-class", "ext-comp-def", "external-doc", "f-component", "figure", "if-opt-app", "implements", "no-link", "provides", "refinement", "requires", "rule", "section", "selectables", "snip", "testlist", "usecases" or "xref" or an element from another namespace
/home/runner/work/sdn-controller/sdn-controller/input/sdn-controller.xml:111:82: error: element "subsection" not allowed anywhere; expected text, element "_", "a-component", "assignable", "audit-table", "choice", "class-description", "comment", "ctr", "depends", "endnote", "equation", "ext-comp-class", "ext-comp-def", "external-doc", "f-component", "figure", "if-opt-app", "implements", "no-link", "provides", "refinement", "requires", "rule", "section", "selectables", "snip", "testlist", "usecases" or "xref" or an element from another namespace
/home/runner/work/sdn-controller/sdn-controller/input/sdn-controller.xml:113:57: error: element "subsection" not allowed anywhere; expected text, element "_", "a-component", "assignable", "audit-table", "choice", "class-description", "comment", "ctr", "depends", "endnote", "equation", "ext-comp-class", "ext-comp-def", "external-doc", "f-component", "figure", "if-opt-app", "implements", "no-link", "provides", "refinement", "requires", "rule", "section", "selectables", "snip", "testlist", "usecases" or "xref" or an element from another namespace
/home/runner/work/sdn-controller/sdn-controller/input/sdn-controller.xml:115:15: error: element "subsection" not allowed anywhere; expected text, element "_", "a-component", "assignable", "audit-table", "choice", "class-description", "comment", "ctr", "depends", "endnote", "equation", "ext-comp-class", "ext-comp-def", "external-doc", "f-component", "figure", "if-opt-app", "implements", "no-link", "provides", "refinement", "requires", "rule", "section", "selectables", "snip", "testlist", "usecases" or "xref" or an element from another namespace
/home/runner/work/sdn-controller/sdn-controller/input/sdn-controller.xml:126:15: error: element "subsection" not allowed anywhere; expected text, element "_", "a-component", "assignable", "audit-table", "choice", "class-description", "comment", "ctr", "depends", "endnote", "equation", "ext-comp-class", "ext-comp-def", "external-doc", "f-component", "figure", "if-opt-app", "implements", "no-link", "provides", "refinement", "requires", "rule", "section", "selectables", "snip", "testlist", "usecases" or "xref" or an element from another namespace
/home/runner/work/sdn-controller/sdn-controller/input/sdn-controller.xml:128:48: error: element "chapter" not allowed anywhere; expected element "RevisionHistory", "foreword", "include-pkg", "modules", "pp-preferences", "release-notes", "section" or "subaactivity-decl" or an element from another namespace
/home/runner/work/sdn-controller/sdn-controller/input/sdn-controller.xml:130:42: error: attribute "id" not allowed here; expected attribute "name"
/home/runner/work/sdn-controller/sdn-controller/input/sdn-controller.xml:130:42: error: element "cclaim" missing required attribute "name"
/home/runner/work/sdn-controller/sdn-controller/input/sdn-controller.xml:131:74: error: element "abbr" not allowed anywhere; expected the element end-tag, text, element "_", "assignable", "choice", "comment", "ctr", "depends", "endnote", "equation", "external-doc", "figure", "if-opt-app", "no-link", "provides", "refinement", "requires", "rule", "selectables", "snip", "testlist" or "xref" or an element from another namespace
/home/runner/work/sdn-controller/sdn-controller/input/sdn-controller.xml:132:92: error: element "cite" not allowed anywhere; expected the element end-tag, text, element "_", "assignable", "choice", "comment", "ctr", "depends", "endnote", "equation", "external-doc", "figure", "if-opt-app", "no-link", "provides", "refinement", "requires", "rule", "selectables", "snip", "testlist" or "xref" or an element from another namespace
/home/runner/work/sdn-controller/sdn-controller/input/sdn-controller.xml:133:46: error: element "abbr" not allowed anywhere; expected the element end-tag, text, element "_", "assignable", "choice", "comment", "ctr", "depends", "endnote", "equation", "external-doc", "figure", "if-opt-app", "no-link", "provides", "refinement", "requires", "rule", "selectables", "snip", "testlist" or "xref" or an element from another namespace
/home/runner/work/sdn-controller/sdn-controller/input/sdn-controller.xml:141:37: error: element "InsertAppendixExplainer" not allowed anywhere; expected the element end-tag, text, element "_", "assignable", "choice", "comment", "ctr", "depends", "endnote", "equation", "external-doc", "figure", "if-opt-app", "no-link", "provides", "refinement", "requires", "rule", "selectables", "snip", "testlist" or "xref" or an element from another namespace
/home/runner/work/sdn-controller/sdn-controller/input/sdn-controller.xml:141:62: error: element "abbr" not allowed anywhere; expected the element end-tag, text, element "_", "assignable", "choice", "comment", "ctr", "depends", "endnote", "equation", "external-doc", "figure", "if-opt-app", "no-link", "provides", "refinement", "requires", "rule", "selectables", "snip", "testlist" or "xref" or an element from another namespace
/home/runner/work/sdn-controller/sdn-controller/input/sdn-controller.xml:143:76: error: element "abbr" not allowed anywhere; expected the element end-tag, text, element "_", "assignable", "choice", "comment", "ctr", "depends", "endnote", "equation", "external-doc", "figure", "if-opt-app", "no-link", "provides", "refinement", "requires", "rule", "selectables", "snip", "testlist" or "xref" or an element from another namespace
/home/runner/work/sdn-controller/sdn-controller/input/sdn-controller.xml:147:66: error: element "cite" not allowed anywhere; expected the element end-tag, text, element "_", "assignable", "choice", "comment", "ctr", "depends", "endnote", "equation", "external-doc", "figure", "if-opt-app", "no-link", "provides", "refinement", "requires", "rule", "selectables", "snip", "testlist" or "xref" or an element from another namespace
/home/runner/work/sdn-controller/sdn-controller/input/sdn-controller.xml:147:108: error: element "appref" not allowed anywhere; expected the element end-tag, text, element "_", "assignable", "choice", "comment", "ctr", "depends", "endnote", "equation", "external-doc", "figure", "if-opt-app", "no-link", "provides", "refinement", "requires", "rule", "selectables", "snip", "testlist" or "xref" or an element from another namespace
/home/runner/work/sdn-controller/sdn-controller/input/sdn-controller.xml:152:42: error: attribute "id" not allowed here; expected attribute "name"
/home/runner/work/sdn-controller/sdn-controller/input/sdn-controller.xml:152:42: error: element "cclaim" missing required attribute "name"
/home/runner/work/sdn-controller/sdn-controller/input/sdn-controller.xml:154:58: error: element "cite" not allowed anywhere; expected the element end-tag, text, element "_", "assignable", "choice", "comment", "ctr", "depends", "endnote", "equation", "external-doc", "figure", "if-opt-app", "no-link", "provides", "refinement", "requires", "rule", "selectables", "snip", "testlist" or "xref" or an element from another namespace
/home/runner/work/sdn-controller/sdn-controller/input/sdn-controller.xml:156:29: error: attribute "id" not allowed here; expected attribute "name"
/home/runner/work/sdn-controller/sdn-controller/input/sdn-controller.xml:156:29: error: element "cclaim" missing required attribute "name"
/home/runner/work/sdn-controller/sdn-controller/input/sdn-controller.xml:160:34: error: attribute "id" not allowed here; expected attribute "name"
/home/runner/work/sdn-controller/sdn-controller/input/sdn-controller.xml:160:34: error: element "cclaim" missing required attribute "name"
/home/runner/work/sdn-controller/sdn-controller/input/sdn-controller.xml:163:15: error: element "cclaim" missing required attribute "name"
/home/runner/work/sdn-controller/sdn-controller/input/sdn-controller.xml:165:57: error: element "chapter" not allowed anywhere; expected element "RevisionHistory", "foreword", "include-pkg", "modules", "pp-preferences", "release-notes", "section" or "subaactivity-decl" or an element from another namespace
/home/runner/work/sdn-controller/sdn-controller/input/sdn-controller.xml:170:29: error: element "threat" missing required attribute "name"
/home/runner/work/sdn-controller/sdn-controller/input/sdn-controller.xml:178:15: error: element "threat" missing required attribute "name"
/home/runner/work/sdn-controller/sdn-controller/input/sdn-controller.xml:181:33: error: element "assumption" missing required attribute "name"
/home/runner/work/sdn-controller/sdn-controller/input/sdn-controller.xml:189:15: error: element "assumption" missing required attribute "name"
/home/runner/work/sdn-controller/sdn-controller/input/sdn-controller.xml:205:49: error: element "chapter" not allowed anywhere; expected element "RevisionHistory", "foreword", "include-pkg", "modules", "pp-preferences", "release-notes", "section" or "subaactivity-decl" or an element from another namespace
/home/runner/work/sdn-controller/sdn-controller/input/sdn-controller.xml:208:35: error: element "SO" missing required attribute "name"
/home/runner/work/sdn-controller/sdn-controller/input/sdn-controller.xml:209:56: error: element "abbr" not allowed anywhere; expected the element end-tag, text, element "_", "assignable", "choice", "comment", "ctr", "depends", "endnote", "equation", "external-doc", "figure", "if-opt-app", "no-link", "provides", "refinement", "requires", "rule", "selectables", "snip", "testlist" or "xref" or an element from another namespace
/home/runner/work/sdn-controller/sdn-controller/input/sdn-controller.xml:214:45: error: element "component-refer" not allowed anywhere; expected element "addressed-by"
/home/runner/work/sdn-controller/sdn-controller/input/sdn-controller.xml:215:14: error: element "SO" incomplete; missing required element "addressed-by"
/home/runner/work/sdn-controller/sdn-controller/input/sdn-controller.xml:217:15: error: element "SO" incomplete; missing required element "addressed-by"
/home/runner/work/sdn-controller/sdn-controller/input/sdn-controller.xml:220:50: error: element "abbr" not allowed anywhere; expected text, element "SOEs", "_", "a-component", "assignable", "audit-table", "choice", "comment", "ctr", "depends", "endnote", "equation", "ext-comp-class", "ext-comp-def", "external-doc", "f-component", "figure", "if-opt-app", "implements", "no-link", "provides", "refinement", "requires", "rule", "section", "selectables", "snip", "testlist", "usecases" or "xref" or an element from another namespace
/home/runner/work/sdn-controller/sdn-controller/input/sdn-controller.xml:222:31: error: element "SOE" missing required attribute "name"
/home/runner/work/sdn-controller/sdn-controller/input/sdn-controller.xml:223:48: error: element "abbr" not allowed anywhere; expected the element end-tag, text, element "_", "assignable", "choice", "comment", "ctr", "depends", "endnote", "equation", "external-doc", "figure", "if-opt-app", "no-link", "provides", "refinement", "requires", "rule", "selectables", "snip", "testlist" or "xref" or an element from another namespace
/home/runner/work/sdn-controller/sdn-controller/input/sdn-controller.xml:226:34: error: element "SOE" missing required attribute "name"
/home/runner/work/sdn-controller/sdn-controller/input/sdn-controller.xml:227:61: error: element "abbr" not allowed anywhere; expected the element end-tag, text, element "_", "assignable", "choice", "comment", "ctr", "depends", "endnote", "equation", "external-doc", "figure", "if-opt-app", "no-link", "provides", "refinement", "requires", "rule", "selectables", "snip", "testlist" or "xref" or an element from another namespace
/home/runner/work/sdn-controller/sdn-controller/input/sdn-controller.xml:233:35: error: element "SOE" missing required attribute "name"
/home/runner/work/sdn-controller/sdn-controller/input/sdn-controller.xml:234:70: error: element "abbr" not allowed anywhere; expected the element end-tag, text, element "_", "assignable", "choice", "comment", "ctr", "depends", "endnote", "equation", "external-doc", "figure", "if-opt-app", "no-link", "provides", "refinement", "requires", "rule", "selectables", "snip", "testlist" or "xref" or an element from another namespace
/home/runner/work/sdn-controller/sdn-controller/input/sdn-controller.xml:238:24: error: element "abbr" not allowed anywhere; expected the element end-tag, text, element "_", "assignable", "choice", "comment", "ctr", "depends", "endnote", "equation", "external-doc", "figure", "if-opt-app", "no-link", "provides", "refinement", "requires", "rule", "selectables", "snip", "testlist" or "xref" or an element from another namespace
/home/runner/work/sdn-controller/sdn-controller/input/sdn-controller.xml:241:33: error: element "InsertSPDCorrespondence" not allowed anywhere; expected text, element "_", "a-component", "assignable", "audit-table", "choice", "comment", "ctr", "depends", "endnote", "equation", "ext-comp-class", "ext-comp-def", "external-doc", "f-component", "figure", "if-opt-app", "implements", "no-link", "provides", "refinement", "requires", "rule", "section", "selectables", "snip", "testlist", "usecases" or "xref" or an element from another namespace
/home/runner/work/sdn-controller/sdn-controller/input/sdn-controller.xml:241:43: error: element "InsertSPDCorrespondence" not allowed anywhere; expected text, element "_", "a-component", "assignable", "audit-table", "choice", "comment", "ctr", "depends", "endnote", "equation", "ext-comp-class", "ext-comp-def", "external-doc", "f-component", "figure", "if-opt-app", "implements", "no-link", "provides", "refinement", "requires", "rule", "section", "selectables", "snip", "testlist", "usecases" or "xref" or an element from another namespace
/home/runner/work/sdn-controller/sdn-controller/input/sdn-controller.xml:243:51: error: element "chapter" not allowed anywhere; expected element "RevisionHistory", "foreword", "include-pkg", "modules", "pp-preferences", "release-notes", "section" or "subaactivity-decl" or an element from another namespace
/home/runner/work/sdn-controller/sdn-controller/input/sdn-controller.xml:260:12: error: element "chapter" not allowed anywhere; expected element "RevisionHistory", "foreword", "include-pkg", "modules", "pp-preferences", "release-notes", "section" or "subaactivity-decl" or an element from another namespace
/home/runner/work/sdn-controller/sdn-controller/input/sdn-controller.xml:268:42: error: element "subsection" not allowed anywhere; expected text, element "_", "a-component", "assignable", "audit-table", "choice", "comment", "ctr", "depends", "endnote", "equation", "ext-comp-class", "ext-comp-def", "external-doc", "f-component", "figure", "if-opt-app", "implements", "no-link", "provides", "refinement", "requires", "rule", "section", "selectables", "snip", "testlist", "usecases" or "xref" or an element from another namespace
/home/runner/work/sdn-controller/sdn-controller/input/sdn-controller.xml:269:69: error: value of attribute "status" is invalid; must be equal to "feat-based", "invisible", "objective", "optional" or "sel-based"
/home/runner/work/sdn-controller/sdn-controller/input/sdn-controller.xml:269:69: error: element "f-component" missing required attribute "cc-id"
/home/runner/work/sdn-controller/sdn-controller/input/sdn-controller.xml:270:39: error: value of attribute "id" is invalid; must be a string matching the regular expression "[a-zA-Z][\-0-9a-zA-Z_]+"
/home/runner/work/sdn-controller/sdn-controller/input/sdn-controller.xml:275:18: error: element "aactivity" incomplete; expected text, element "Guidance", "KMD", "TSS", "Tests", "_", "also", "assignable", "choice", "comment", "ctr", "depends", "endnote", "equation", "external-doc", "figure", "if-opt-app", "no-link", "no-tests", "provides", "refinement", "requires", "rule", "selectables", "snip", "testlist" or "xref" or an element from another namespace
/home/runner/work/sdn-controller/sdn-controller/input/sdn-controller.xml:277:23: error: element "aactivity" incomplete; expected text, element "Guidance", "KMD", "TSS", "Tests", "_", "also", "assignable", "choice", "comment", "ctr", "depends", "endnote", "equation", "external-doc", "figure", "if-opt-app", "no-link", "no-tests", "provides", "refinement", "requires", "rule", "selectables", "snip", "testlist" or "xref" or an element from another namespace
/home/runner/work/sdn-controller/sdn-controller/input/sdn-controller.xml:279:15: error: element "aactivity" incomplete; expected text, element "Guidance", "KMD", "TSS", "Tests", "_", "also", "assignable", "choice", "comment", "ctr", "depends", "endnote", "equation", "external-doc", "figure", "if-opt-app", "no-link", "no-tests", "provides", "refinement", "requires", "rule", "selectables", "snip", "testlist" or "xref" or an element from another namespace
/home/runner/work/sdn-controller/sdn-controller/input/sdn-controller.xml:282:30: error: element "secref" not allowed anywhere; expected text, element "_", "a-component", "assignable", "audit-table", "choice", "comment", "ctr", "depends", "endnote", "equation", "ext-comp-class", "ext-comp-def", "external-doc", "f-component", "figure", "if-opt-app", "implements", "no-link", "provides", "refinement", "requires", "rule", "section", "selectables", "snip", "testlist", "usecases" or "xref" or an element from another namespace
/home/runner/work/sdn-controller/sdn-controller/input/sdn-controller.xml:283:34: error: element "secref" not allowed anywhere; expected text, element "_", "a-component", "assignable", "audit-table", "choice", "comment", "ctr", "depends", "endnote", "equation", "ext-comp-class", "ext-comp-def", "external-doc", "f-component", "figure", "if-opt-app", "implements", "no-link", "provides", "refinement", "requires", "rule", "section", "selectables", "snip", "testlist", "usecases" or "xref" or an element from another namespace
/home/runner/work/sdn-controller/sdn-controller/input/sdn-controller.xml:283:95: error: element "abbr" not allowed anywhere; expected text, element "_", "a-component", "assignable", "audit-table", "choice", "comment", "ctr", "depends", "endnote", "equation", "ext-comp-class", "ext-comp-def", "external-doc", "f-component", "figure", "if-opt-app", "implements", "no-link", "provides", "refinement", "requires", "rule", "section", "selectables", "snip", "testlist", "usecases" or "xref" or an element from another namespace
/home/runner/work/sdn-controller/sdn-controller/input/sdn-controller.xml:284:34: error: element "secref" not allowed anywhere; expected text, element "_", "a-component", "assignable", "audit-table", "choice", "comment", "ctr", "depends", "endnote", "equation", "ext-comp-class", "ext-comp-def", "external-doc", "f-component", "figure", "if-opt-app", "implements", "no-link", "provides", "refinement", "requires", "rule", "section", "selectables", "snip", "testlist", "usecases" or "xref" or an element from another namespace
/home/runner/work/sdn-controller/sdn-controller/input/sdn-controller.xml:285:76: error: element "abbr" not allowed anywhere; expected text, element "_", "a-component", "assignable", "audit-table", "choice", "comment", "ctr", "depends", "endnote", "equation", "ext-comp-class", "ext-comp-def", "external-doc", "f-component", "figure", "if-opt-app", "implements", "no-link", "provides", "refinement", "requires", "rule", "section", "selectables", "snip", "testlist", "usecases" or "xref" or an element from another namespace
/home/runner/work/sdn-controller/sdn-controller/input/sdn-controller.xml:287:87: error: element "abbr" not allowed anywhere; expected text, element "_", "a-component", "assignable", "audit-table", "choice", "comment", "ctr", "depends", "endnote", "equation", "ext-comp-class", "ext-comp-def", "external-doc", "f-component", "figure", "if-opt-app", "implements", "no-link", "provides", "refinement", "requires", "rule", "section", "selectables", "snip", "testlist", "usecases" or "xref" or an element from another namespace
/home/runner/work/sdn-controller/sdn-controller/input/sdn-controller.xml:290:24: error: element "secref" not allowed anywhere; expected text, element "_", "a-component", "assignable", "audit-table", "choice", "comment", "ctr", "depends", "endnote", "equation", "ext-comp-class", "ext-comp-def", "external-doc", "f-component", "figure", "if-opt-app", "implements", "no-link", "provides", "refinement", "requires", "rule", "section", "selectables", "snip", "testlist", "usecases" or "xref" or an element from another namespace
/home/runner/work/sdn-controller/sdn-controller/input/sdn-controller.xml:291:23: error: element "abbr" not allowed anywhere; expected text, element "_", "a-component", "assignable", "audit-table", "choice", "comment", "ctr", "depends", "endnote", "equation", "ext-comp-class", "ext-comp-def", "external-doc", "f-component", "figure", "if-opt-app", "implements", "no-link", "provides", "refinement", "requires", "rule", "section", "selectables", "snip", "testlist", "usecases" or "xref" or an element from another namespace
/home/runner/work/sdn-controller/sdn-controller/input/sdn-controller.xml:292:29: error: element "abbr" not allowed anywhere; expected text, element "_", "a-component", "assignable", "audit-table", "choice", "comment", "ctr", "depends", "endnote", "equation", "ext-comp-class", "ext-comp-def", "external-doc", "f-component", "figure", "if-opt-app", "implements", "no-link", "provides", "refinement", "requires", "rule", "section", "selectables", "snip", "testlist", "usecases" or "xref" or an element from another namespace
/home/runner/work/sdn-controller/sdn-controller/input/sdn-controller.xml:293:69: error: element "abbr" not allowed anywhere; expected text, element "_", "a-component", "assignable", "audit-table", "choice", "comment", "ctr", "depends", "endnote", "equation", "ext-comp-class", "ext-comp-def", "external-doc", "f-component", "figure", "if-opt-app", "implements", "no-link", "provides", "refinement", "requires", "rule", "section", "selectables", "snip", "testlist", "usecases" or "xref" or an element from another namespace
/home/runner/work/sdn-controller/sdn-controller/input/sdn-controller.xml:294:29: error: element "abbr" not allowed anywhere; expected text, element "_", "a-component", "assignable", "audit-table", "choice", "comment", "ctr", "depends", "endnote", "equation", "ext-comp-class", "ext-comp-def", "external-doc", "f-component", "figure", "if-opt-app", "implements", "no-link", "provides", "refinement", "requires", "rule", "section", "selectables", "snip", "testlist", "usecases" or "xref" or an element from another namespace
/home/runner/work/sdn-controller/sdn-controller/input/sdn-controller.xml:297:47: error: element "secref" not allowed anywhere; expected text, element "_", "a-component", "assignable", "audit-table", "choice", "comment", "ctr", "depends", "endnote", "equation", "ext-comp-class", "ext-comp-def", "external-doc", "f-component", "figure", "if-opt-app", "implements", "no-link", "provides", "refinement", "requires", "rule", "section", "selectables", "snip", "testlist", "usecases" or "xref" or an element from another namespace
/home/runner/work/sdn-controller/sdn-controller/input/sdn-controller.xml:299:80: error: element "secref" not allowed anywhere; expected text, element "_", "a-component", "assignable", "audit-table", "choice", "comment", "ctr", "depends", "endnote", "equation", "ext-comp-class", "ext-comp-def", "external-doc", "f-component", "figure", "if-opt-app", "implements", "no-link", "provides", "refinement", "requires", "rule", "section", "selectables", "snip", "testlist", "usecases" or "xref" or an element from another namespace
/home/runner/work/sdn-controller/sdn-controller/input/sdn-controller.xml:301:76: error: element "subsection" not allowed anywhere; expected text, element "_", "a-component", "assignable", "audit-table", "choice", "comment", "ctr", "depends", "endnote", "equation", "ext-comp-class", "ext-comp-def", "external-doc", "f-component", "figure", "if-opt-app", "implements", "no-link", "provides", "refinement", "requires", "rule", "section", "selectables", "snip", "testlist", "usecases" or "xref" or an element from another namespace
/home/runner/work/sdn-controller/sdn-controller/input/sdn-controller.xml:303:59: error: element "subsection" not allowed anywhere; expected text, element "_", "a-component", "assignable", "audit-table", "choice", "comment", "ctr", "depends", "endnote", "equation", "ext-comp-class", "ext-comp-def", "external-doc", "f-component", "figure", "if-opt-app", "implements", "no-link", "provides", "refinement", "requires", "rule", "section", "selectables", "snip", "testlist", "usecases" or "xref" or an element from another namespace
/home/runner/work/sdn-controller/sdn-controller/input/sdn-controller.xml:310:89: error: element "a-component" missing required attribute "cc-id"
/home/runner/work/sdn-controller/sdn-controller/input/sdn-controller.xml:311:78: error: element "abbr" not allowed anywhere; expected text, element "_", "a-element", "assignable", "choice", "comment", "ctr", "depends", "endnote", "equation", "external-doc", "figure", "if-opt-app", "no-link", "provides", "refinement", "requires", "rule", "selectables", "snip", "summary", "testlist" or "xref" or an element from another namespace
/home/runner/work/sdn-controller/sdn-controller/input/sdn-controller.xml:313:39: error: element "abbr" not allowed anywhere; expected text, element "_", "a-element", "assignable", "choice", "comment", "ctr", "depends", "endnote", "equation", "external-doc", "figure", "if-opt-app", "no-link", "provides", "refinement", "requires", "rule", "selectables", "snip", "summary", "testlist" or "xref" or an element from another namespace
/home/runner/work/sdn-controller/sdn-controller/input/sdn-controller.xml:314:94: error: element "abbr" not allowed anywhere; expected text, element "_", "a-element", "assignable", "choice", "comment", "ctr", "depends", "endnote", "equation", "external-doc", "figure", "if-opt-app", "no-link", "provides", "refinement", "requires", "rule", "selectables", "snip", "summary", "testlist" or "xref" or an element from another namespace
/home/runner/work/sdn-controller/sdn-controller/input/sdn-controller.xml:318:36: error: element "abbr" not allowed anywhere; expected text, element "_", "a-element", "assignable", "choice", "comment", "ctr", "depends", "endnote", "equation", "external-doc", "figure", "if-opt-app", "no-link", "provides", "refinement", "requires", "rule", "selectables", "snip", "summary", "testlist" or "xref" or an element from another namespace
/home/runner/work/sdn-controller/sdn-controller/input/sdn-controller.xml:323:57: error: element "evalactionlabel" not allowed anywhere; expected text, element "_", "a-element", "assignable", "choice", "comment", "ctr", "depends", "endnote", "equation", "external-doc", "figure", "if-opt-app", "no-link", "provides", "refinement", "requires", "rule", "selectables", "snip", "summary", "testlist" or "xref" or an element from another namespace
/home/runner/work/sdn-controller/sdn-controller/input/sdn-controller.xml:324:42: error: value of attribute "id" is invalid; must be a string matching the regular expression "[\-a-zA-Z0-9]+"
/home/runner/work/sdn-controller/sdn-controller/input/sdn-controller.xml:324:42: error: element "a-element" missing required attribute "type"
/home/runner/work/sdn-controller/sdn-controller/input/sdn-controller.xml:327:42: error: value of attribute "id" is invalid; must be a string matching the regular expression "[\-a-zA-Z0-9]+"
/home/runner/work/sdn-controller/sdn-controller/input/sdn-controller.xml:327:42: error: element "a-element" missing required attribute "type"
/home/runner/work/sdn-controller/sdn-controller/input/sdn-controller.xml:334:97: error: element "abbr" not allowed anywhere; expected the element end-tag, text, element "_", "assignable", "choice", "comment", "ctr", "depends", "endnote", "equation", "external-doc", "figure", "if-opt-app", "no-link", "provides", "refinement", "requires", "rule", "selectables", "snip", "testlist" or "xref" or an element from another namespace
/home/runner/work/sdn-controller/sdn-controller/input/sdn-controller.xml:340:65: error: element "evalactionlabel" not allowed anywhere; expected element "a-element"
/home/runner/work/sdn-controller/sdn-controller/input/sdn-controller.xml:341:42: error: value of attribute "id" is invalid; must be a string matching the regular expression "[\-a-zA-Z0-9]+"
/home/runner/work/sdn-controller/sdn-controller/input/sdn-controller.xml:341:42: error: element "a-element" missing required attribute "type"
/home/runner/work/sdn-controller/sdn-controller/input/sdn-controller.xml:343:81: error: element "abbr" not allowed anywhere; expected the element end-tag, text, element "_", "assignable", "choice", "comment", "ctr", "depends", "endnote", "equation", "external-doc", "figure", "if-opt-app", "management-function-set", "no-link", "provides", "refinement", "requires", "rule", "selectables", "snip", "testlist" or "xref" or an element from another namespace
/home/runner/work/sdn-controller/sdn-controller/input/sdn-controller.xml:345:42: error: value of attribute "id" is invalid; must be a string matching the regular expression "[\-a-zA-Z0-9]+"
/home/runner/work/sdn-controller/sdn-controller/input/sdn-controller.xml:345:42: error: element "a-element" missing required attribute "type"
/home/runner/work/sdn-controller/sdn-controller/input/sdn-controller.xml:347:76: error: element "abbr" not allowed anywhere; expected the element end-tag, text, element "_", "assignable", "choice", "comment", "ctr", "depends", "endnote", "equation", "external-doc", "figure", "if-opt-app", "management-function-set", "no-link", "provides", "refinement", "requires", "rule", "selectables", "snip", "testlist" or "xref" or an element from another namespace
/home/runner/work/sdn-controller/sdn-controller/input/sdn-controller.xml:349:42: error: value of attribute "id" is invalid; must be a string matching the regular expression "[\-a-zA-Z0-9]+"
/home/runner/work/sdn-controller/sdn-controller/input/sdn-controller.xml:349:42: error: element "a-element" missing required attribute "type"
/home/runner/work/sdn-controller/sdn-controller/input/sdn-controller.xml:353:42: error: value of attribute "id" is invalid; must be a string matching the regular expression "[\-a-zA-Z0-9]+"
/home/runner/work/sdn-controller/sdn-controller/input/sdn-controller.xml:353:42: error: element "a-element" missing required attribute "type"
/home/runner/work/sdn-controller/sdn-controller/input/sdn-controller.xml:356:31: error: element "abbr" not allowed anywhere; expected the element end-tag, text, element "_", "assignable", "choice", "comment", "ctr", "depends", "endnote", "equation", "external-doc", "figure", "if-opt-app", "management-function-set", "no-link", "provides", "refinement", "requires", "rule", "selectables", "snip", "testlist" or "xref" or an element from another namespace
/home/runner/work/sdn-controller/sdn-controller/input/sdn-controller.xml:361:57: error: element "evalactionlabel" not allowed anywhere; expected element "a-element"
/home/runner/work/sdn-controller/sdn-controller/input/sdn-controller.xml:362:42: error: value of attribute "id" is invalid; must be a string matching the regular expression "[\-a-zA-Z0-9]+"
/home/runner/work/sdn-controller/sdn-controller/input/sdn-controller.xml:362:42: error: element "a-element" missing required attribute "type"
/home/runner/work/sdn-controller/sdn-controller/input/sdn-controller.xml:366:42: error: value of attribute "id" is invalid; must be a string matching the regular expression "[\-a-zA-Z0-9]+"
/home/runner/work/sdn-controller/sdn-controller/input/sdn-controller.xml:366:42: error: element "a-element" missing required attribute "type"
/home/runner/work/sdn-controller/sdn-controller/input/sdn-controller.xml:371:98: error: element "secref" not allowed anywhere; expected the element end-tag, text, element "_", "assignable", "choice", "comment", "ctr", "depends", "endnote", "equation", "external-doc", "figure", "if-opt-app", "no-link", "provides", "refinement", "requires", "rule", "selectables", "snip", "testlist" or "xref" or an element from another namespace
/home/runner/work/sdn-controller/sdn-controller/input/sdn-controller.xml:380:23: error: element "secref" not allowed anywhere; expected the element end-tag, text, element "_", "assignable", "choice", "comment", "ctr", "depends", "endnote", "equation", "external-doc", "figure", "if-opt-app", "no-link", "provides", "refinement", "requires", "rule", "selectables", "snip", "testlist" or "xref" or an element from another namespace
/home/runner/work/sdn-controller/sdn-controller/input/sdn-controller.xml:382:70: error: element "subsection" not allowed anywhere; expected text, element "_", "a-component", "assignable", "audit-table", "choice", "comment", "ctr", "depends", "endnote", "equation", "ext-comp-class", "ext-comp-def", "external-doc", "f-component", "figure", "if-opt-app", "implements", "no-link", "provides", "refinement", "requires", "rule", "section", "selectables", "snip", "testlist", "usecases" or "xref" or an element from another namespace
/home/runner/work/sdn-controller/sdn-controller/input/sdn-controller.xml:393:75: error: element "a-component" missing required attribute "cc-id"
/home/runner/work/sdn-controller/sdn-controller/input/sdn-controller.xml:394:57: error: element "evalactionlabel" not allowed anywhere; expected text, element "_", "a-element", "assignable", "choice", "comment", "ctr", "depends", "endnote", "equation", "external-doc", "figure", "if-opt-app", "no-link", "provides", "refinement", "requires", "rule", "selectables", "snip", "summary", "testlist" or "xref" or an element from another namespace
/home/runner/work/sdn-controller/sdn-controller/input/sdn-controller.xml:395:35: error: value of attribute "id" is invalid; must be a string matching the regular expression "[\-a-zA-Z0-9]+"
/home/runner/work/sdn-controller/sdn-controller/input/sdn-controller.xml:395:35: error: element "a-element" missing required attribute "type"
/home/runner/work/sdn-controller/sdn-controller/input/sdn-controller.xml:406:65: error: element "evalactionlabel" not allowed anywhere; expected element "a-element"
/home/runner/work/sdn-controller/sdn-controller/input/sdn-controller.xml:407:42: error: value of attribute "id" is invalid; must be a string matching the regular expression "[\-a-zA-Z0-9]+"
/home/runner/work/sdn-controller/sdn-controller/input/sdn-controller.xml:407:42: error: element "a-element" missing required attribute "type"
/home/runner/work/sdn-controller/sdn-controller/input/sdn-controller.xml:414:42: error: value of attribute "id" is invalid; must be a string matching the regular expression "[\-a-zA-Z0-9]+"
/home/runner/work/sdn-controller/sdn-controller/input/sdn-controller.xml:414:42: error: element "a-element" missing required attribute "type"
/home/runner/work/sdn-controller/sdn-controller/input/sdn-controller.xml:416:72: error: element "abbr" not allowed anywhere; expected the element end-tag, text, element "_", "assignable", "choice", "comment", "ctr", "depends", "endnote", "equation", "external-doc", "figure", "if-opt-app", "management-function-set", "no-link", "provides", "refinement", "requires", "rule", "selectables", "snip", "testlist" or "xref" or an element from another namespace
/home/runner/work/sdn-controller/sdn-controller/input/sdn-controller.xml:418:42: error: value of attribute "id" is invalid; must be a string matching the regular expression "[\-a-zA-Z0-9]+"
/home/runner/work/sdn-controller/sdn-controller/input/sdn-controller.xml:418:42: error: element "a-element" missing required attribute "type"
/home/runner/work/sdn-controller/sdn-controller/input/sdn-controller.xml:434:42: error: value of attribute "id" is invalid; must be a string matching the regular expression "[\-a-zA-Z0-9]+"
/home/runner/work/sdn-controller/sdn-controller/input/sdn-controller.xml:434:42: error: element "a-element" missing required attribute "type"
/home/runner/work/sdn-controller/sdn-controller/input/sdn-controller.xml:438:51: error: element "abbr" not allowed anywhere; expected the element end-tag, text, element "_", "assignable", "choice", "comment", "ctr", "depends", "endnote", "equation", "external-doc", "figure", "if-opt-app", "management-function-set", "no-link", "provides", "refinement", "requires", "rule", "selectables", "snip", "testlist" or "xref" or an element from another namespace
/home/runner/work/sdn-controller/sdn-controller/input/sdn-controller.xml:440:42: error: value of attribute "id" is invalid; must be a string matching the regular expression "[\-a-zA-Z0-9]+"
/home/runner/work/sdn-controller/sdn-controller/input/sdn-controller.xml:440:42: error: element "a-element" missing required attribute "type"
/home/runner/work/sdn-controller/sdn-controller/input/sdn-controller.xml:442:39: error: element "abbr" not allowed anywhere; expected the element end-tag, text, element "_", "assignable", "choice", "comment", "ctr", "depends", "endnote", "equation", "external-doc", "figure", "if-opt-app", "management-function-set", "no-link", "provides", "refinement", "requires", "rule", "selectables", "snip", "testlist" or "xref" or an element from another namespace
/home/runner/work/sdn-controller/sdn-controller/input/sdn-controller.xml:445:42: error: value of attribute "id" is invalid; must be a string matching the regular expression "[\-a-zA-Z0-9]+"
/home/runner/work/sdn-controller/sdn-controller/input/sdn-controller.xml:445:42: error: element "a-element" missing required attribute "type"
/home/runner/work/sdn-controller/sdn-controller/input/sdn-controller.xml:448:79: error: element "abbr" not allowed anywhere; expected the element end-tag, text, element "_", "assignable", "choice", "comment", "ctr", "depends", "endnote", "equation", "external-doc", "figure", "if-opt-app", "management-function-set", "no-link", "provides", "refinement", "requires", "rule", "selectables", "snip", "testlist" or "xref" or an element from another namespace
/home/runner/work/sdn-controller/sdn-controller/input/sdn-controller.xml:450:42: error: value of attribute "id" is invalid; must be a string matching the regular expression "[\-a-zA-Z0-9]+"
/home/runner/work/sdn-controller/sdn-controller/input/sdn-controller.xml:450:42: error: element "a-element" missing required attribute "type"
/home/runner/work/sdn-controller/sdn-controller/input/sdn-controller.xml:454:57: error: element "evalactionlabel" not allowed anywhere; expected element "a-element"
/home/runner/work/sdn-controller/sdn-controller/input/sdn-controller.xml:455:42: error: value of attribute "id" is invalid; must be a string matching the regular expression "[\-a-zA-Z0-9]+"
/home/runner/work/sdn-controller/sdn-controller/input/sdn-controller.xml:455:42: error: element "a-element" missing required attribute "type"
/home/runner/work/sdn-controller/sdn-controller/input/sdn-controller.xml:459:63: error: element "secref" not allowed anywhere; expected the element end-tag, text, element "_", "assignable", "choice", "comment", "ctr", "depends", "endnote", "equation", "external-doc", "figure", "if-opt-app", "no-link", "provides", "refinement", "requires", "rule", "selectables", "snip", "testlist" or "xref" or an element from another namespace
/home/runner/work/sdn-controller/sdn-controller/input/sdn-controller.xml:460:29: error: element "abbr" not allowed anywhere; expected the element end-tag, text, element "_", "assignable", "choice", "comment", "ctr", "depends", "endnote", "equation", "external-doc", "figure", "if-opt-app", "no-link", "provides", "refinement", "requires", "rule", "selectables", "snip", "testlist" or "xref" or an element from another namespace
/home/runner/work/sdn-controller/sdn-controller/input/sdn-controller.xml:460:71: error: element "cite" not allowed anywhere; expected the element end-tag, text, element "_", "assignable", "choice", "comment", "ctr", "depends", "endnote", "equation", "external-doc", "figure", "if-opt-app", "no-link", "provides", "refinement", "requires", "rule", "selectables", "snip", "testlist" or "xref" or an element from another namespace
/home/runner/work/sdn-controller/sdn-controller/input/sdn-controller.xml:462:29: error: element "abbr" not allowed anywhere; expected the element end-tag, text, element "_", "assignable", "choice", "comment", "ctr", "depends", "endnote", "equation", "external-doc", "figure", "if-opt-app", "no-link", "provides", "refinement", "requires", "rule", "selectables", "snip", "testlist" or "xref" or an element from another namespace
/home/runner/work/sdn-controller/sdn-controller/input/sdn-controller.xml:464:29: error: element "abbr" not allowed anywhere; expected the element end-tag, text, element "_", "assignable", "choice", "comment", "ctr", "depends", "endnote", "equation", "external-doc", "figure", "if-opt-app", "no-link", "provides", "refinement", "requires", "rule", "selectables", "snip", "testlist" or "xref" or an element from another namespace
/home/runner/work/sdn-controller/sdn-controller/input/sdn-controller.xml:466:35: error: element "abbr" not allowed anywhere; expected the element end-tag, text, element "_", "assignable", "choice", "comment", "ctr", "depends", "endnote", "equation", "external-doc", "figure", "if-opt-app", "no-link", "provides", "refinement", "requires", "rule", "selectables", "snip", "testlist" or "xref" or an element from another namespace
/home/runner/work/sdn-controller/sdn-controller/input/sdn-controller.xml:467:50: error: element "abbr" not allowed anywhere; expected the element end-tag, text, element "_", "assignable", "choice", "comment", "ctr", "depends", "endnote", "equation", "external-doc", "figure", "if-opt-app", "no-link", "provides", "refinement", "requires", "rule", "selectables", "snip", "testlist" or "xref" or an element from another namespace
/home/runner/work/sdn-controller/sdn-controller/input/sdn-controller.xml:468:47: error: element "abbr" not allowed anywhere; expected the element end-tag, text, element "_", "assignable", "choice", "comment", "ctr", "depends", "endnote", "equation", "external-doc", "figure", "if-opt-app", "no-link", "provides", "refinement", "requires", "rule", "selectables", "snip", "testlist" or "xref" or an element from another namespace
/home/runner/work/sdn-controller/sdn-controller/input/sdn-controller.xml:471:39: error: element "abbr" not allowed anywhere; expected the element end-tag, text, element "_", "assignable", "choice", "comment", "ctr", "depends", "endnote", "equation", "external-doc", "figure", "if-opt-app", "no-link", "provides", "refinement", "requires", "rule", "selectables", "snip", "testlist" or "xref" or an element from another namespace
/home/runner/work/sdn-controller/sdn-controller/input/sdn-controller.xml:474:39: error: element "abbr" not allowed anywhere; expected the element end-tag, text, element "_", "assignable", "choice", "comment", "ctr", "depends", "endnote", "equation", "external-doc", "figure", "if-opt-app", "no-link", "provides", "refinement", "requires", "rule", "selectables", "snip", "testlist" or "xref" or an element from another namespace
/home/runner/work/sdn-controller/sdn-controller/input/sdn-controller.xml:480:23: error: element "abbr" not allowed anywhere; expected the element end-tag, text, element "_", "assignable", "choice", "comment", "ctr", "depends", "endnote", "equation", "external-doc", "figure", "if-opt-app", "no-link", "provides", "refinement", "requires", "rule", "selectables", "snip", "testlist" or "xref" or an element from another namespace
/home/runner/work/sdn-controller/sdn-controller/input/sdn-controller.xml:481:79: error: element "a-component" missing required attribute "cc-id"
/home/runner/work/sdn-controller/sdn-controller/input/sdn-controller.xml:482:57: error: element "evalactionlabel" not allowed anywhere; expected text, element "_", "a-element", "assignable", "choice", "comment", "ctr", "depends", "endnote", "equation", "external-doc", "figure", "if-opt-app", "no-link", "provides", "refinement", "requires", "rule", "selectables", "snip", "summary", "testlist" or "xref" or an element from another namespace
/home/runner/work/sdn-controller/sdn-controller/input/sdn-controller.xml:483:42: error: value of attribute "id" is invalid; must be a string matching the regular expression "[\-a-zA-Z0-9]+"
/home/runner/work/sdn-controller/sdn-controller/input/sdn-controller.xml:483:42: error: element "a-element" missing required attribute "type"
/home/runner/work/sdn-controller/sdn-controller/input/sdn-controller.xml:484:74: error: element "abbr" not allowed anywhere; expected the element end-tag, text, element "_", "assignable", "choice", "comment", "ctr", "depends", "endnote", "equation", "external-doc", "figure", "if-opt-app", "management-function-set", "no-link", "provides", "refinement", "requires", "rule", "selectables", "snip", "testlist" or "xref" or an element from another namespace
/home/runner/work/sdn-controller/sdn-controller/input/sdn-controller.xml:491:65: error: element "evalactionlabel" not allowed anywhere; expected element "a-element"
/home/runner/work/sdn-controller/sdn-controller/input/sdn-controller.xml:492:42: error: value of attribute "id" is invalid; must be a string matching the regular expression "[\-a-zA-Z0-9]+"
/home/runner/work/sdn-controller/sdn-controller/input/sdn-controller.xml:492:42: error: element "a-element" missing required attribute "type"
/home/runner/work/sdn-controller/sdn-controller/input/sdn-controller.xml:494:63: error: element "abbr" not allowed anywhere; expected the element end-tag, text, element "_", "assignable", "choice", "comment", "ctr", "depends", "endnote", "equation", "external-doc", "figure", "if-opt-app", "management-function-set", "no-link", "provides", "refinement", "requires", "rule", "selectables", "snip", "testlist" or "xref" or an element from another namespace
/home/runner/work/sdn-controller/sdn-controller/input/sdn-controller.xml:497:42: error: value of attribute "id" is invalid; must be a string matching the regular expression "[\-a-zA-Z0-9]+"
/home/runner/work/sdn-controller/sdn-controller/input/sdn-controller.xml:497:42: error: element "a-element" missing required attribute "type"
/home/runner/work/sdn-controller/sdn-controller/input/sdn-controller.xml:499:55: error: element "abbr" not allowed anywhere; expected the element end-tag, text, element "_", "assignable", "choice", "comment", "ctr", "depends", "endnote", "equation", "external-doc", "figure", "if-opt-app", "management-function-set", "no-link", "provides", "refinement", "requires", "rule", "selectables", "snip", "testlist" or "xref" or an element from another namespace
/home/runner/work/sdn-controller/sdn-controller/input/sdn-controller.xml:501:67: error: element "abbr" not allowed anywhere; expected the element end-tag, text, element "_", "assignable", "choice", "comment", "ctr", "depends", "endnote", "equation", "external-doc", "figure", "if-opt-app", "management-function-set", "no-link", "provides", "refinement", "requires", "rule", "selectables", "snip", "testlist" or "xref" or an element from another namespace
/home/runner/work/sdn-controller/sdn-controller/input/sdn-controller.xml:504:57: error: element "evalactionlabel" not allowed anywhere; expected element "a-element"
/home/runner/work/sdn-controller/sdn-controller/input/sdn-controller.xml:505:42: error: value of attribute "id" is invalid; must be a string matching the regular expression "[\-a-zA-Z0-9]+"
/home/runner/work/sdn-controller/sdn-controller/input/sdn-controller.xml:505:42: error: element "a-element" missing required attribute "type"
/home/runner/work/sdn-controller/sdn-controller/input/sdn-controller.xml:509:42: error: value of attribute "id" is invalid; must be a string matching the regular expression "[\-a-zA-Z0-9]+"
/home/runner/work/sdn-controller/sdn-controller/input/sdn-controller.xml:509:42: error: element "a-element" missing required attribute "type"
/home/runner/work/sdn-controller/sdn-controller/input/sdn-controller.xml:511:29: error: element "abbr" not allowed anywhere; expected the element end-tag, text, element "_", "assignable", "choice", "comment", "ctr", "depends", "endnote", "equation", "external-doc", "figure", "if-opt-app", "management-function-set", "no-link", "provides", "refinement", "requires", "rule", "selectables", "snip", "testlist" or "xref" or an element from another namespace
/home/runner/work/sdn-controller/sdn-controller/input/sdn-controller.xml:514:58: error: element "abbr" not allowed anywhere; expected the element end-tag, text, element "_", "assignable", "choice", "comment", "ctr", "depends", "endnote", "equation", "external-doc", "figure", "if-opt-app", "no-link", "provides", "refinement", "requires", "rule", "selectables", "snip", "testlist" or "xref" or an element from another namespace
/home/runner/work/sdn-controller/sdn-controller/input/sdn-controller.xml:515:92: error: element "abbr" not allowed anywhere; expected the element end-tag, text, element "_", "assignable", "choice", "comment", "ctr", "depends", "endnote", "equation", "external-doc", "figure", "if-opt-app", "no-link", "provides", "refinement", "requires", "rule", "selectables", "snip", "testlist" or "xref" or an element from another namespace
/home/runner/work/sdn-controller/sdn-controller/input/sdn-controller.xml:516:86: error: element "abbr" not allowed anywhere; expected the element end-tag, text, element "_", "assignable", "choice", "comment", "ctr", "depends", "endnote", "equation", "external-doc", "figure", "if-opt-app", "no-link", "provides", "refinement", "requires", "rule", "selectables", "snip", "testlist" or "xref" or an element from another namespace
/home/runner/work/sdn-controller/sdn-controller/input/sdn-controller.xml:517:29: error: element "abbr" not allowed anywhere; expected the element end-tag, text, element "_", "assignable", "choice", "comment", "ctr", "depends", "endnote", "equation", "external-doc", "figure", "if-opt-app", "no-link", "provides", "refinement", "requires", "rule", "selectables", "snip", "testlist" or "xref" or an element from another namespace
/home/runner/work/sdn-controller/sdn-controller/input/sdn-controller.xml:520:23: error: element "abbr" not allowed anywhere; expected the element end-tag, text, element "_", "assignable", "choice", "comment", "ctr", "depends", "endnote", "equation", "external-doc", "figure", "if-opt-app", "no-link", "provides", "refinement", "requires", "rule", "selectables", "snip", "testlist" or "xref" or an element from another namespace
/home/runner/work/sdn-controller/sdn-controller/input/sdn-controller.xml:522:66: error: element "subsection" not allowed anywhere; expected text, element "_", "a-component", "assignable", "audit-table", "choice", "comment", "ctr", "depends", "endnote", "equation", "ext-comp-class", "ext-comp-def", "external-doc", "f-component", "figure", "if-opt-app", "implements", "no-link", "provides", "refinement", "requires", "rule", "section", "selectables", "snip", "testlist", "usecases" or "xref" or an element from another namespace
/home/runner/work/sdn-controller/sdn-controller/input/sdn-controller.xml:528:78: error: element "a-component" missing required attribute "cc-id"
/home/runner/work/sdn-controller/sdn-controller/input/sdn-controller.xml:529:59: error: element "abbr" not allowed anywhere; expected text, element "_", "a-element", "assignable", "choice", "comment", "ctr", "depends", "endnote", "equation", "external-doc", "figure", "if-opt-app", "no-link", "provides", "refinement", "requires", "rule", "selectables", "snip", "summary", "testlist" or "xref" or an element from another namespace
/home/runner/work/sdn-controller/sdn-controller/input/sdn-controller.xml:532:57: error: element "evalactionlabel" not allowed anywhere; expected text, element "_", "a-element", "assignable", "choice", "comment", "ctr", "depends", "endnote", "equation", "external-doc", "figure", "if-opt-app", "no-link", "provides", "refinement", "requires", "rule", "selectables", "snip", "summary", "testlist" or "xref" or an element from another namespace
/home/runner/work/sdn-controller/sdn-controller/input/sdn-controller.xml:533:42: error: value of attribute "id" is invalid; must be a string matching the regular expression "[\-a-zA-Z0-9]+"
/home/runner/work/sdn-controller/sdn-controller/input/sdn-controller.xml:533:42: error: element "a-element" missing required attribute "type"
/home/runner/work/sdn-controller/sdn-controller/input/sdn-controller.xml:534:74: error: element "abbr" not allowed anywhere; expected the element end-tag, text, element "_", "assignable", "choice", "comment", "ctr", "depends", "endnote", "equation", "external-doc", "figure", "if-opt-app", "management-function-set", "no-link", "provides", "refinement", "requires", "rule", "selectables", "snip", "testlist" or "xref" or an element from another namespace
/home/runner/work/sdn-controller/sdn-controller/input/sdn-controller.xml:535:35: error: element "abbr" not allowed anywhere; expected the element end-tag, text, element "_", "assignable", "choice", "comment", "ctr", "depends", "endnote", "equation", "external-doc", "figure", "if-opt-app", "management-function-set", "no-link", "provides", "refinement", "requires", "rule", "selectables", "snip", "testlist" or "xref" or an element from another namespace
/home/runner/work/sdn-controller/sdn-controller/input/sdn-controller.xml:538:65: error: element "evalactionlabel" not allowed anywhere; expected element "a-element"
/home/runner/work/sdn-controller/sdn-controller/input/sdn-controller.xml:539:42: error: value of attribute "id" is invalid; must be a string matching the regular expression "[\-a-zA-Z0-9]+"
/home/runner/work/sdn-controller/sdn-controller/input/sdn-controller.xml:539:42: error: element "a-element" missing required attribute "type"
/home/runner/work/sdn-controller/sdn-controller/input/sdn-controller.xml:540:46: error: element "abbr" not allowed anywhere; expected the element end-tag, text, element "_", "assignable", "choice", "comment", "ctr", "depends", "endnote", "equation", "external-doc", "figure", "if-opt-app", "management-function-set", "no-link", "provides", "refinement", "requires", "rule", "selectables", "snip", "testlist" or "xref" or an element from another namespace
/home/runner/work/sdn-controller/sdn-controller/input/sdn-controller.xml:551:57: error: element "evalactionlabel" not allowed anywhere; expected element "a-element"
/home/runner/work/sdn-controller/sdn-controller/input/sdn-controller.xml:552:42: error: value of attribute "id" is invalid; must be a string matching the regular expression "[\-a-zA-Z0-9]+"
/home/runner/work/sdn-controller/sdn-controller/input/sdn-controller.xml:552:42: error: element "a-element" missing required attribute "type"
/home/runner/work/sdn-controller/sdn-controller/input/sdn-controller.xml:555:75: error: element "abbr" not allowed anywhere; expected the element end-tag, text, element "_", "assignable", "choice", "comment", "ctr", "depends", "endnote", "equation", "external-doc", "figure", "if-opt-app", "no-link", "provides", "refinement", "requires", "rule", "selectables", "snip", "testlist" or "xref" or an element from another namespace
/home/runner/work/sdn-controller/sdn-controller/input/sdn-controller.xml:557:78: error: element "abbr" not allowed anywhere; expected the element end-tag, text, element "_", "assignable", "choice", "comment", "ctr", "depends", "endnote", "equation", "external-doc", "figure", "if-opt-app", "no-link", "provides", "refinement", "requires", "rule", "selectables", "snip", "testlist" or "xref" or an element from another namespace
/home/runner/work/sdn-controller/sdn-controller/input/sdn-controller.xml:558:77: error: element "abbr" not allowed anywhere; expected the element end-tag, text, element "_", "assignable", "choice", "comment", "ctr", "depends", "endnote", "equation", "external-doc", "figure", "if-opt-app", "no-link", "provides", "refinement", "requires", "rule", "selectables", "snip", "testlist" or "xref" or an element from another namespace
/home/runner/work/sdn-controller/sdn-controller/input/sdn-controller.xml:560:29: error: element "abbr" not allowed anywhere; expected the element end-tag, text, element "_", "assignable", "choice", "comment", "ctr", "depends", "endnote", "equation", "external-doc", "figure", "if-opt-app", "no-link", "provides", "refinement", "requires", "rule", "selectables", "snip", "testlist" or "xref" or an element from another namespace
/home/runner/work/sdn-controller/sdn-controller/input/sdn-controller.xml:561:29: error: element "abbr" not allowed anywhere; expected the element end-tag, text, element "_", "assignable", "choice", "comment", "ctr", "depends", "endnote", "equation", "external-doc", "figure", "if-opt-app", "no-link", "provides", "refinement", "requires", "rule", "selectables", "snip", "testlist" or "xref" or an element from another namespace
/home/runner/work/sdn-controller/sdn-controller/input/sdn-controller.xml:562:70: error: element "abbr" not allowed anywhere; expected the element end-tag, text, element "_", "assignable", "choice", "comment", "ctr", "depends", "endnote", "equation", "external-doc", "figure", "if-opt-app", "no-link", "provides", "refinement", "requires", "rule", "selectables", "snip", "testlist" or "xref" or an element from another namespace
/home/runner/work/sdn-controller/sdn-controller/input/sdn-controller.xml:566:23: error: element "abbr" not allowed anywhere; expected the element end-tag, text, element "_", "assignable", "choice", "comment", "ctr", "depends", "endnote", "equation", "external-doc", "figure", "if-opt-app", "no-link", "provides", "refinement", "requires", "rule", "selectables", "snip", "testlist" or "xref" or an element from another namespace
/home/runner/work/sdn-controller/sdn-controller/input/sdn-controller.xml:567:72: error: element "a-component" missing required attribute "cc-id"
/home/runner/work/sdn-controller/sdn-controller/input/sdn-controller.xml:568:47: error: element "abbr" not allowed anywhere; expected text, element "_", "a-element", "assignable", "choice", "comment", "ctr", "depends", "endnote", "equation", "external-doc", "figure", "if-opt-app", "no-link", "provides", "refinement", "requires", "rule", "selectables", "snip", "summary", "testlist" or "xref" or an element from another namespace
/home/runner/work/sdn-controller/sdn-controller/input/sdn-controller.xml:571:64: error: element "evalactionlabel" not allowed anywhere; expected text, element "_", "a-element", "assignable", "choice", "comment", "ctr", "depends", "endnote", "equation", "external-doc", "figure", "if-opt-app", "no-link", "provides", "refinement", "requires", "rule", "selectables", "snip", "summary", "testlist" or "xref" or an element from another namespace
/home/runner/work/sdn-controller/sdn-controller/input/sdn-controller.xml:572:42: error: value of attribute "id" is invalid; must be a string matching the regular expression "[\-a-zA-Z0-9]+"
/home/runner/work/sdn-controller/sdn-controller/input/sdn-controller.xml:572:42: error: element "a-element" missing required attribute "type"
/home/runner/work/sdn-controller/sdn-controller/input/sdn-controller.xml:574:81: error: element "abbr" not allowed anywhere; expected the element end-tag, text, element "_", "assignable", "choice", "comment", "ctr", "depends", "endnote", "equation", "external-doc", "figure", "if-opt-app", "management-function-set", "no-link", "provides", "refinement", "requires", "rule", "selectables", "snip", "testlist" or "xref" or an element from another namespace
/home/runner/work/sdn-controller/sdn-controller/input/sdn-controller.xml:578:65: error: element "evalactionlabel" not allowed anywhere; expected element "a-element"
/home/runner/work/sdn-controller/sdn-controller/input/sdn-controller.xml:579:42: error: value of attribute "id" is invalid; must be a string matching the regular expression "[\-a-zA-Z0-9]+"
/home/runner/work/sdn-controller/sdn-controller/input/sdn-controller.xml:579:42: error: element "a-element" missing required attribute "type"
/home/runner/work/sdn-controller/sdn-controller/input/sdn-controller.xml:580:98: error: element "abbr" not allowed anywhere; expected the element end-tag, text, element "_", "assignable", "choice", "comment", "ctr", "depends", "endnote", "equation", "external-doc", "figure", "if-opt-app", "management-function-set", "no-link", "provides", "refinement", "requires", "rule", "selectables", "snip", "testlist" or "xref" or an element from another namespace
/home/runner/work/sdn-controller/sdn-controller/input/sdn-controller.xml:583:42: error: value of attribute "id" is invalid; must be a string matching the regular expression "[\-a-zA-Z0-9]+"
/home/runner/work/sdn-controller/sdn-controller/input/sdn-controller.xml:583:42: error: element "a-element" missing required attribute "type"
/home/runner/work/sdn-controller/sdn-controller/input/sdn-controller.xml:587:64: error: element "evalactionlabel" not allowed anywhere; expected element "a-element"
/home/runner/work/sdn-controller/sdn-controller/input/sdn-controller.xml:588:42: error: value of attribute "id" is invalid; must be a string matching the regular expression "[\-a-zA-Z0-9]+"
/home/runner/work/sdn-controller/sdn-controller/input/sdn-controller.xml:588:42: error: element "a-element" missing required attribute "type"
/home/runner/work/sdn-controller/sdn-controller/input/sdn-controller.xml:592:54: error: element "abbr" not allowed anywhere; expected the element end-tag, text, element "_", "assignable", "choice", "comment", "ctr", "depends", "endnote", "equation", "external-doc", "figure", "if-opt-app", "no-link", "provides", "refinement", "requires", "rule", "selectables", "snip", "testlist" or "xref" or an element from another namespace
/home/runner/work/sdn-controller/sdn-controller/input/sdn-controller.xml:594:29: error: element "abbr" not allowed anywhere; expected the element end-tag, text, element "_", "assignable", "choice", "comment", "ctr", "depends", "endnote", "equation", "external-doc", "figure", "if-opt-app", "no-link", "provides", "refinement", "requires", "rule", "selectables", "snip", "testlist" or "xref" or an element from another namespace
/home/runner/work/sdn-controller/sdn-controller/input/sdn-controller.xml:595:53: error: element "abbr" not allowed anywhere; expected the element end-tag, text, element "_", "assignable", "choice", "comment", "ctr", "depends", "endnote", "equation", "external-doc", "figure", "if-opt-app", "no-link", "provides", "refinement", "requires", "rule", "selectables", "snip", "testlist" or "xref" or an element from another namespace
/home/runner/work/sdn-controller/sdn-controller/input/sdn-controller.xml:599:79: error: element "abbr" not allowed anywhere; expected the element end-tag, text, element "_", "assignable", "choice", "comment", "ctr", "depends", "endnote", "equation", "external-doc", "figure", "if-opt-app", "no-link", "provides", "refinement", "requires", "rule", "selectables", "snip", "testlist" or "xref" or an element from another namespace
/home/runner/work/sdn-controller/sdn-controller/input/sdn-controller.xml:611:96: error: element "abbr" not allowed anywhere; expected the element end-tag, text, element "_", "assignable", "choice", "comment", "ctr", "depends", "endnote", "equation", "external-doc", "figure", "if-opt-app", "no-link", "provides", "refinement", "requires", "rule", "selectables", "snip", "testlist" or "xref" or an element from another namespace
/home/runner/work/sdn-controller/sdn-controller/input/sdn-controller.xml:612:97: error: element "abbr" not allowed anywhere; expected the element end-tag, text, element "_", "assignable", "choice", "comment", "ctr", "depends", "endnote", "equation", "external-doc", "figure", "if-opt-app", "no-link", "provides", "refinement", "requires", "rule", "selectables", "snip", "testlist" or "xref" or an element from another namespace
/home/runner/work/sdn-controller/sdn-controller/input/sdn-controller.xml:614:55: error: element "abbr" not allowed anywhere; expected the element end-tag, text, element "_", "assignable", "choice", "comment", "ctr", "depends", "endnote", "equation", "external-doc", "figure", "if-opt-app", "no-link", "provides", "refinement", "requires", "rule", "selectables", "snip", "testlist" or "xref" or an element from another namespace
/home/runner/work/sdn-controller/sdn-controller/input/sdn-controller.xml:614:100: error: element "abbr" not allowed anywhere; expected the element end-tag, text, element "_", "assignable", "choice", "comment", "ctr", "depends", "endnote", "equation", "external-doc", "figure", "if-opt-app", "no-link", "provides", "refinement", "requires", "rule", "selectables", "snip", "testlist" or "xref" or an element from another namespace
/home/runner/work/sdn-controller/sdn-controller/input/sdn-controller.xml:618:23: error: element "abbr" not allowed anywhere; expected the element end-tag, text, element "_", "assignable", "choice", "comment", "ctr", "depends", "endnote", "equation", "external-doc", "figure", "if-opt-app", "no-link", "provides", "refinement", "requires", "rule", "selectables", "snip", "testlist" or "xref" or an element from another namespace
/home/runner/work/sdn-controller/sdn-controller/input/sdn-controller.xml:619:72: error: element "a-component" missing required attribute "cc-id"
/home/runner/work/sdn-controller/sdn-controller/input/sdn-controller.xml:627:57: error: element "evalactionlabel" not allowed anywhere; expected text, element "_", "a-element", "assignable", "choice", "comment", "ctr", "depends", "endnote", "equation", "external-doc", "figure", "if-opt-app", "no-link", "provides", "refinement", "requires", "rule", "selectables", "snip", "summary", "testlist" or "xref" or an element from another namespace
/home/runner/work/sdn-controller/sdn-controller/input/sdn-controller.xml:628:46: error: value of attribute "id" is invalid; must be a string matching the regular expression "[\-a-zA-Z0-9]+"
/home/runner/work/sdn-controller/sdn-controller/input/sdn-controller.xml:628:46: error: element "a-element" missing required attribute "type"
/home/runner/work/sdn-controller/sdn-controller/input/sdn-controller.xml:630:59: error: element "abbr" not allowed anywhere; expected the element end-tag, text, element "_", "assignable", "choice", "comment", "ctr", "depends", "endnote", "equation", "external-doc", "figure", "if-opt-app", "management-function-set", "no-link", "provides", "refinement", "requires", "rule", "selectables", "snip", "testlist" or "xref" or an element from another namespace
/home/runner/work/sdn-controller/sdn-controller/input/sdn-controller.xml:632:46: error: value of attribute "id" is invalid; must be a string matching the regular expression "[\-a-zA-Z0-9]+"
/home/runner/work/sdn-controller/sdn-controller/input/sdn-controller.xml:632:46: error: element "a-element" missing required attribute "type"
/home/runner/work/sdn-controller/sdn-controller/input/sdn-controller.xml:637:65: error: element "evalactionlabel" not allowed anywhere; expected element "a-element"
/home/runner/work/sdn-controller/sdn-controller/input/sdn-controller.xml:638:46: error: value of attribute "id" is invalid; must be a string matching the regular expression "[\-a-zA-Z0-9]+"
/home/runner/work/sdn-controller/sdn-controller/input/sdn-controller.xml:638:46: error: element "a-element" missing required attribute "type"
/home/runner/work/sdn-controller/sdn-controller/input/sdn-controller.xml:640:51: error: element "abbr" not allowed anywhere; expected the element end-tag, text, element "_", "assignable", "choice", "comment", "ctr", "depends", "endnote", "equation", "external-doc", "figure", "if-opt-app", "management-function-set", "no-link", "provides", "refinement", "requires", "rule", "selectables", "snip", "testlist" or "xref" or an element from another namespace
/home/runner/work/sdn-controller/sdn-controller/input/sdn-controller.xml:642:46: error: value of attribute "id" is invalid; must be a string matching the regular expression "[\-a-zA-Z0-9]+"
/home/runner/work/sdn-controller/sdn-controller/input/sdn-controller.xml:642:46: error: element "a-element" missing required attribute "type"
/home/runner/work/sdn-controller/sdn-controller/input/sdn-controller.xml:644:69: error: element "abbr" not allowed anywhere; expected the element end-tag, text, element "_", "assignable", "choice", "comment", "ctr", "depends", "endnote", "equation", "external-doc", "figure", "if-opt-app", "management-function-set", "no-link", "provides", "refinement", "requires", "rule", "selectables", "snip", "testlist" or "xref" or an element from another namespace
/home/runner/work/sdn-controller/sdn-controller/input/sdn-controller.xml:650:57: error: element "evalactionlabel" not allowed anywhere; expected element "a-element"
/home/runner/work/sdn-controller/sdn-controller/input/sdn-controller.xml:651:46: error: value of attribute "id" is invalid; must be a string matching the regular expression "[\-a-zA-Z0-9]+"
/home/runner/work/sdn-controller/sdn-controller/input/sdn-controller.xml:651:46: error: element "a-element" missing required attribute "type"
/home/runner/work/sdn-controller/sdn-controller/input/sdn-controller.xml:672:23: error: element "a-element" missing required attribute "type"
/home/runner/work/sdn-controller/sdn-controller/input/sdn-controller.xml:674:53: error: element "subsection" not allowed anywhere; expected text, element "_", "a-component", "assignable", "audit-table", "choice", "comment", "ctr", "depends", "endnote", "equation", "ext-comp-class", "ext-comp-def", "external-doc", "f-component", "figure", "if-opt-app", "implements", "no-link", "provides", "refinement", "requires", "rule", "section", "selectables", "snip", "testlist", "usecases" or "xref" or an element from another namespace
/home/runner/work/sdn-controller/sdn-controller/input/sdn-controller.xml:681:64: error: element "a-component" missing required attribute "cc-id"
/home/runner/work/sdn-controller/sdn-controller/input/sdn-controller.xml:682:63: error: element "abbr" not allowed anywhere; expected text, element "_", "a-element", "assignable", "choice", "comment", "ctr", "depends", "endnote", "equation", "external-doc", "figure", "if-opt-app", "no-link", "provides", "refinement", "requires", "rule", "selectables", "snip", "summary", "testlist" or "xref" or an element from another namespace
/home/runner/work/sdn-controller/sdn-controller/input/sdn-controller.xml:684:84: error: element "secref" not allowed anywhere; expected text, element "_", "a-element", "assignable", "choice", "comment", "ctr", "depends", "endnote", "equation", "external-doc", "figure", "if-opt-app", "no-link", "provides", "refinement", "requires", "rule", "selectables", "snip", "summary", "testlist" or "xref" or an element from another namespace
/home/runner/work/sdn-controller/sdn-controller/input/sdn-controller.xml:685:93: error: element "secref" not allowed anywhere; expected text, element "_", "a-element", "assignable", "choice", "comment", "ctr", "depends", "endnote", "equation", "external-doc", "figure", "if-opt-app", "no-link", "provides", "refinement", "requires", "rule", "selectables", "snip", "summary", "testlist" or "xref" or an element from another namespace
/home/runner/work/sdn-controller/sdn-controller/input/sdn-controller.xml:688:94: error: element "abbr" not allowed anywhere; expected text, element "_", "a-element", "assignable", "choice", "comment", "ctr", "depends", "endnote", "equation", "external-doc", "figure", "if-opt-app", "no-link", "provides", "refinement", "requires", "rule", "selectables", "snip", "summary", "testlist" or "xref" or an element from another namespace
/home/runner/work/sdn-controller/sdn-controller/input/sdn-controller.xml:690:27: error: element "abbr" not allowed anywhere; expected text, element "_", "a-element", "assignable", "choice", "comment", "ctr", "depends", "endnote", "equation", "external-doc", "figure", "if-opt-app", "no-link", "provides", "refinement", "requires", "rule", "selectables", "snip", "summary", "testlist" or "xref" or an element from another namespace
/home/runner/work/sdn-controller/sdn-controller/input/sdn-controller.xml:692:57: error: element "evalactionlabel" not allowed anywhere; expected text, element "_", "a-element", "assignable", "choice", "comment", "ctr", "depends", "endnote", "equation", "external-doc", "figure", "if-opt-app", "no-link", "provides", "refinement", "requires", "rule", "selectables", "snip", "summary", "testlist" or "xref" or an element from another namespace
/home/runner/work/sdn-controller/sdn-controller/input/sdn-controller.xml:693:42: error: value of attribute "id" is invalid; must be a string matching the regular expression "[\-a-zA-Z0-9]+"
/home/runner/work/sdn-controller/sdn-controller/input/sdn-controller.xml:693:42: error: element "a-element" missing required attribute "type"
/home/runner/work/sdn-controller/sdn-controller/input/sdn-controller.xml:694:74: error: element "abbr" not allowed anywhere; expected the element end-tag, text, element "_", "assignable", "choice", "comment", "ctr", "depends", "endnote", "equation", "external-doc", "figure", "if-opt-app", "management-function-set", "no-link", "provides", "refinement", "requires", "rule", "selectables", "snip", "testlist" or "xref" or an element from another namespace
/home/runner/work/sdn-controller/sdn-controller/input/sdn-controller.xml:697:72: error: element "evalactionlabel" not allowed anywhere; expected element "a-element"
/home/runner/work/sdn-controller/sdn-controller/input/sdn-controller.xml:698:42: error: value of attribute "id" is invalid; must be a string matching the regular expression "[\-a-zA-Z0-9]+"
/home/runner/work/sdn-controller/sdn-controller/input/sdn-controller.xml:698:42: error: element "a-element" missing required attribute "type"
/home/runner/work/sdn-controller/sdn-controller/input/sdn-controller.xml:699:46: error: element "abbr" not allowed anywhere; expected the element end-tag, text, element "_", "assignable", "choice", "comment", "ctr", "depends", "endnote", "equation", "external-doc", "figure", "if-opt-app", "management-function-set", "no-link", "provides", "refinement", "requires", "rule", "selectables", "snip", "testlist" or "xref" or an element from another namespace
/home/runner/work/sdn-controller/sdn-controller/input/sdn-controller.xml:702:57: error: element "evalactionlabel" not allowed anywhere; expected element "a-element"
/home/runner/work/sdn-controller/sdn-controller/input/sdn-controller.xml:703:42: error: value of attribute "id" is invalid; must be a string matching the regular expression "[\-a-zA-Z0-9]+"
/home/runner/work/sdn-controller/sdn-controller/input/sdn-controller.xml:703:42: error: element "a-element" missing required attribute "type"
/home/runner/work/sdn-controller/sdn-controller/input/sdn-controller.xml:707:42: error: value of attribute "id" is invalid; must be a string matching the regular expression "[\-a-zA-Z0-9]+"
/home/runner/work/sdn-controller/sdn-controller/input/sdn-controller.xml:707:42: error: element "a-element" missing required attribute "type"
/home/runner/work/sdn-controller/sdn-controller/input/sdn-controller.xml:708:84: error: element "abbr" not allowed anywhere; expected the element end-tag, text, element "_", "assignable", "choice", "comment", "ctr", "depends", "endnote", "equation", "external-doc", "figure", "if-opt-app", "management-function-set", "no-link", "provides", "refinement", "requires", "rule", "selectables", "snip", "testlist" or "xref" or an element from another namespace
/home/runner/work/sdn-controller/sdn-controller/input/sdn-controller.xml:709:40: error: element "abbr" not allowed anywhere; expected the element end-tag, text, element "_", "assignable", "choice", "comment", "ctr", "depends", "endnote", "equation", "external-doc", "figure", "if-opt-app", "management-function-set", "no-link", "provides", "refinement", "requires", "rule", "selectables", "snip", "testlist" or "xref" or an element from another namespace
/home/runner/work/sdn-controller/sdn-controller/input/sdn-controller.xml:716:35: error: element "cite" not allowed anywhere; expected the element end-tag, text, element "_", "assignable", "choice", "comment", "ctr", "depends", "endnote", "equation", "external-doc", "figure", "if-opt-app", "no-link", "provides", "refinement", "requires", "rule", "selectables", "snip", "testlist" or "xref" or an element from another namespace
/home/runner/work/sdn-controller/sdn-controller/input/sdn-controller.xml:719:39: error: element "abbr" not allowed anywhere; expected the element end-tag, text, element "_", "assignable", "choice", "comment", "ctr", "depends", "endnote", "equation", "external-doc", "figure", "if-opt-app", "no-link", "provides", "refinement", "requires", "rule", "selectables", "snip", "testlist" or "xref" or an element from another namespace
/home/runner/work/sdn-controller/sdn-controller/input/sdn-controller.xml:721:37: error: element "abbr" not allowed anywhere; expected the element end-tag, text, element "_", "assignable", "choice", "comment", "ctr", "depends", "endnote", "equation", "external-doc", "figure", "if-opt-app", "no-link", "provides", "refinement", "requires", "rule", "selectables", "snip", "testlist" or "xref" or an element from another namespace
/home/runner/work/sdn-controller/sdn-controller/input/sdn-controller.xml:726:39: error: element "abbr" not allowed anywhere; expected the element end-tag, text, element "_", "assignable", "choice", "comment", "ctr", "depends", "endnote", "equation", "external-doc", "figure", "if-opt-app", "no-link", "provides", "refinement", "requires", "rule", "selectables", "snip", "testlist" or "xref" or an element from another namespace
/home/runner/work/sdn-controller/sdn-controller/input/sdn-controller.xml:733:86: error: element "abbr" not allowed anywhere; expected the element end-tag, text, element "_", "assignable", "choice", "comment", "ctr", "depends", "endnote", "equation", "external-doc", "figure", "if-opt-app", "no-link", "provides", "refinement", "requires", "rule", "selectables", "snip", "testlist" or "xref" or an element from another namespace
/home/runner/work/sdn-controller/sdn-controller/input/sdn-controller.xml:747:23: error: element "abbr" not allowed anywhere; expected the element end-tag, text, element "_", "assignable", "choice", "comment", "ctr", "depends", "endnote", "equation", "external-doc", "figure", "if-opt-app", "no-link", "provides", "refinement", "requires", "rule", "selectables", "snip", "testlist" or "xref" or an element from another namespace
/home/runner/work/sdn-controller/sdn-controller/input/sdn-controller.xml:749:72: error: element "subsection" not allowed anywhere; expected text, element "_", "a-component", "assignable", "audit-table", "choice", "comment", "ctr", "depends", "endnote", "equation", "ext-comp-class", "ext-comp-def", "external-doc", "f-component", "figure", "if-opt-app", "implements", "no-link", "provides", "refinement", "requires", "rule", "section", "selectables", "snip", "testlist", "usecases" or "xref" or an element from another namespace
/home/runner/work/sdn-controller/sdn-controller/input/sdn-controller.xml:758:77: error: element "a-component" missing required attribute "cc-id"
/home/runner/work/sdn-controller/sdn-controller/input/sdn-controller.xml:759:57: error: element "evalactionlabel" not allowed anywhere; expected text, element "_", "a-element", "assignable", "choice", "comment", "ctr", "depends", "endnote", "equation", "external-doc", "figure", "if-opt-app", "no-link", "provides", "refinement", "requires", "rule", "selectables", "snip", "summary", "testlist" or "xref" or an element from another namespace
/home/runner/work/sdn-controller/sdn-controller/input/sdn-controller.xml:760:42: error: value of attribute "id" is invalid; must be a string matching the regular expression "[\-a-zA-Z0-9]+"
/home/runner/work/sdn-controller/sdn-controller/input/sdn-controller.xml:760:42: error: element "a-element" missing required attribute "type"
/home/runner/work/sdn-controller/sdn-controller/input/sdn-controller.xml:761:74: error: element "abbr" not allowed anywhere; expected the element end-tag, text, element "_", "assignable", "choice", "comment", "ctr", "depends", "endnote", "equation", "external-doc", "figure", "if-opt-app", "management-function-set", "no-link", "provides", "refinement", "requires", "rule", "selectables", "snip", "testlist" or "xref" or an element from another namespace
/home/runner/work/sdn-controller/sdn-controller/input/sdn-controller.xml:764:65: error: element "evalactionlabel" not allowed anywhere; expected element "a-element"
/home/runner/work/sdn-controller/sdn-controller/input/sdn-controller.xml:765:40: error: value of attribute "id" is invalid; must be a string matching the regular expression "[\-a-zA-Z0-9]+"
/home/runner/work/sdn-controller/sdn-controller/input/sdn-controller.xml:765:40: error: element "a-element" missing required attribute "type"
/home/runner/work/sdn-controller/sdn-controller/input/sdn-controller.xml:766:44: error: element "abbr" not allowed anywhere; expected the element end-tag, text, element "_", "assignable", "choice", "comment", "ctr", "depends", "endnote", "equation", "external-doc", "figure", "if-opt-app", "management-function-set", "no-link", "provides", "refinement", "requires", "rule", "selectables", "snip", "testlist" or "xref" or an element from another namespace
/home/runner/work/sdn-controller/sdn-controller/input/sdn-controller.xml:769:57: error: element "evalactionlabel" not allowed anywhere; expected element "a-element"
/home/runner/work/sdn-controller/sdn-controller/input/sdn-controller.xml:770:40: error: value of attribute "id" is invalid; must be a string matching the regular expression "[\-a-zA-Z0-9]+"
/home/runner/work/sdn-controller/sdn-controller/input/sdn-controller.xml:770:40: error: element "a-element" missing required attribute "type"
/home/runner/work/sdn-controller/sdn-controller/input/sdn-controller.xml:774:40: error: value of attribute "id" is invalid; must be a string matching the regular expression "[\-a-zA-Z0-9]+"
/home/runner/work/sdn-controller/sdn-controller/input/sdn-controller.xml:774:40: error: element "a-element" missing required attribute "type"
/home/runner/work/sdn-controller/sdn-controller/input/sdn-controller.xml:776:68: error: element "abbr" not allowed anywhere; expected the element end-tag, text, element "_", "assignable", "choice", "comment", "ctr", "depends", "endnote", "equation", "external-doc", "figure", "if-opt-app", "management-function-set", "no-link", "provides", "refinement", "requires", "rule", "selectables", "snip", "testlist" or "xref" or an element from another namespace
/home/runner/work/sdn-controller/sdn-controller/input/sdn-controller.xml:782:40: error: value of attribute "id" is invalid; must be a string matching the regular expression "[\-a-zA-Z0-9]+"
/home/runner/work/sdn-controller/sdn-controller/input/sdn-controller.xml:782:40: error: element "a-element" missing required attribute "type"
/home/runner/work/sdn-controller/sdn-controller/input/sdn-controller.xml:784:84: error: element "abbr" not allowed anywhere; expected the element end-tag, text, element "_", "assignable", "choice", "comment", "ctr", "depends", "endnote", "equation", "external-doc", "figure", "if-opt-app", "management-function-set", "no-link", "provides", "refinement", "requires", "rule", "selectables", "snip", "testlist" or "xref" or an element from another namespace
/home/runner/work/sdn-controller/sdn-controller/input/sdn-controller.xml:804:23: error: element "abbr" not allowed anywhere; expected the element end-tag, text, element "_", "assignable", "choice", "comment", "ctr", "depends", "endnote", "equation", "external-doc", "figure", "if-opt-app", "management-function-set", "no-link", "provides", "refinement", "requires", "rule", "selectables", "snip", "testlist" or "xref" or an element from another namespace
/home/runner/work/sdn-controller/sdn-controller/input/sdn-controller.xml:806:15: error: element "abbr" not allowed anywhere; expected the element end-tag, text, element "_", "assignable", "choice", "comment", "ctr", "depends", "endnote", "equation", "external-doc", "figure", "if-opt-app", "management-function-set", "no-link", "provides", "refinement", "requires", "rule", "selectables", "snip", "testlist" or "xref" or an element from another namespace
/home/runner/work/sdn-controller/sdn-controller/input/sdn-controller.xml:813:57: error: element "appendix" not allowed yet; expected element "RevisionHistory", "foreword", "include-pkg", "modules", "pp-preferences", "release-notes", "section" or "subaactivity-decl" or an element from another namespace
/home/runner/work/sdn-controller/sdn-controller/input/sdn-controller.xml:813:97: error: element "secref" not allowed anywhere; expected the element end-tag, text, element "_", "assignable", "bibliography", "choice", "comment", "ctr", "depends", "endnote", "equation", "external-doc", "figure", "if-opt-app", "no-link", "provides", "refinement", "requires", "rule", "section", "selectables", "snip", "testlist" or "xref" or an element from another namespace
/home/runner/work/sdn-controller/sdn-controller/input/sdn-controller.xml:814:88: error: element "abbr" not allowed anywhere; expected the element end-tag, text, element "_", "assignable", "bibliography", "choice", "comment", "ctr", "depends", "endnote", "equation", "external-doc", "figure", "if-opt-app", "no-link", "provides", "refinement", "requires", "rule", "section", "selectables", "snip", "testlist" or "xref" or an element from another namespace
/home/runner/work/sdn-controller/sdn-controller/input/sdn-controller.xml:816:46: error: element "appref" not allowed anywhere; expected the element end-tag, text, element "_", "assignable", "bibliography", "choice", "comment", "ctr", "depends", "endnote", "equation", "external-doc", "figure", "if-opt-app", "no-link", "provides", "refinement", "requires", "rule", "section", "selectables", "snip", "testlist" or "xref" or an element from another namespace
/home/runner/work/sdn-controller/sdn-controller/input/sdn-controller.xml:816:77: error: element "appref" not allowed anywhere; expected the element end-tag, text, element "_", "assignable", "bibliography", "choice", "comment", "ctr", "depends", "endnote", "equation", "external-doc", "figure", "if-opt-app", "no-link", "provides", "refinement", "requires", "rule", "section", "selectables", "snip", "testlist" or "xref" or an element from another namespace
/home/runner/work/sdn-controller/sdn-controller/input/sdn-controller.xml:817:28: error: element "appref" not allowed anywhere; expected the element end-tag, text, element "_", "assignable", "bibliography", "choice", "comment", "ctr", "depends", "endnote", "equation", "external-doc", "figure", "if-opt-app", "no-link", "provides", "refinement", "requires", "rule", "section", "selectables", "snip", "testlist" or "xref" or an element from another namespace
/home/runner/work/sdn-controller/sdn-controller/input/sdn-controller.xml:818:32: error: element "abbr" not allowed anywhere; expected the element end-tag, text, element "_", "assignable", "bibliography", "choice", "comment", "ctr", "depends", "endnote", "equation", "external-doc", "figure", "if-opt-app", "no-link", "provides", "refinement", "requires", "rule", "section", "selectables", "snip", "testlist" or "xref" or an element from another namespace
/home/runner/work/sdn-controller/sdn-controller/input/sdn-controller.xml:819:63: error: element "appref" not allowed anywhere; expected the element end-tag, text, element "_", "assignable", "bibliography", "choice", "comment", "ctr", "depends", "endnote", "equation", "external-doc", "figure", "if-opt-app", "no-link", "provides", "refinement", "requires", "rule", "section", "selectables", "snip", "testlist" or "xref" or an element from another namespace
/home/runner/work/sdn-controller/sdn-controller/input/sdn-controller.xml:821:80: error: element "appref" not allowed anywhere; expected the element end-tag, text, element "_", "assignable", "bibliography", "choice", "comment", "ctr", "depends", "endnote", "equation", "external-doc", "figure", "if-opt-app", "no-link", "provides", "refinement", "requires", "rule", "section", "selectables", "snip", "testlist" or "xref" or an element from another namespace
/home/runner/work/sdn-controller/sdn-controller/input/sdn-controller.xml:825:35: error: element "appref" not allowed anywhere; expected the element end-tag, text, element "_", "assignable", "bibliography", "choice", "comment", "ctr", "depends", "endnote", "equation", "external-doc", "figure", "if-opt-app", "no-link", "provides", "refinement", "requires", "rule", "section", "selectables", "snip", "testlist" or "xref" or an element from another namespace
/home/runner/work/sdn-controller/sdn-controller/input/sdn-controller.xml:825:66: error: element "appref" not allowed anywhere; expected the element end-tag, text, element "_", "assignable", "bibliography", "choice", "comment", "ctr", "depends", "endnote", "equation", "external-doc", "figure", "if-opt-app", "no-link", "provides", "refinement", "requires", "rule", "section", "selectables", "snip", "testlist" or "xref" or an element from another namespace
/home/runner/work/sdn-controller/sdn-controller/input/sdn-controller.xml:825:101: error: element "appref" not allowed anywhere; expected the element end-tag, text, element "_", "assignable", "bibliography", "choice", "comment", "ctr", "depends", "endnote", "equation", "external-doc", "figure", "if-opt-app", "no-link", "provides", "refinement", "requires", "rule", "section", "selectables", "snip", "testlist" or "xref" or an element from another namespace
/home/runner/work/sdn-controller/sdn-controller/input/sdn-controller.xml:853:38: error: element "abbr" not allowed anywhere; expected the element end-tag, text, element "_", "assignable", "bibliography", "choice", "comment", "ctr", "depends", "endnote", "equation", "external-doc", "figure", "if-opt-app", "no-link", "provides", "refinement", "requires", "rule", "section", "selectables", "snip", "testlist" or "xref" or an element from another namespace
/home/runner/work/sdn-controller/sdn-controller/input/sdn-controller.xml:856:28: error: element "cite" not allowed anywhere; expected the element end-tag, text, element "_", "assignable", "bibliography", "choice", "comment", "ctr", "depends", "endnote", "equation", "external-doc", "figure", "if-opt-app", "no-link", "provides", "refinement", "requires", "rule", "section", "selectables", "snip", "testlist" or "xref" or an element from another namespace
/home/runner/work/sdn-controller/sdn-controller/input/sdn-controller.xml:861:12: error: element "table" not allowed anywhere; expected the element end-tag, text, element "_", "assignable", "bibliography", "choice", "comment", "ctr", "depends", "endnote", "equation", "external-doc", "figure", "if-opt-app", "no-link", "provides", "refinement", "requires", "rule", "section", "selectables", "snip", "testlist" or "xref" or an element from another namespace
/home/runner/work/sdn-controller/sdn-controller/input/sdn-controller.xml:1057:15: error: element "acronyms" not allowed anywhere; expected the element end-tag, text, element "_", "after_bib", "assignable", "bibliography", "choice", "comment", "ctr", "depends", "endnote", "equation", "external-doc", "figure", "if-opt-app", "no-link", "provides", "refinement", "requires", "rule", "section", "selectables", "snip", "testlist" or "xref" or an element from another namespace
/home/runner/work/sdn-controller/sdn-controller/input/sdn-controller.xml:1059:15: error: element "term" not allowed here; expected element "version"
/home/runner/work/sdn-controller/sdn-controller/input/sdn-controller.xml:1059:15: error: element "term" missing required attribute "full"
/home/runner/work/sdn-controller/sdn-controller/input/sdn-controller.xml:1060:22: error: element "description" not allowed here; expected element "version"
/home/runner/work/sdn-controller/sdn-controller/input/sdn-controller.xml:1061:15: error: element "entry" incomplete; missing required element "version"
/home/runner/work/sdn-controller/sdn-controller/input/sdn-controller.xml:1063:15: error: element "term" not allowed here; expected element "version"
/home/runner/work/sdn-controller/sdn-controller/input/sdn-controller.xml:1063:15: error: element "term" missing required attribute "full"
/home/runner/work/sdn-controller/sdn-controller/input/sdn-controller.xml:1064:22: error: element "description" not allowed here; expected element "version"
/home/runner/work/sdn-controller/sdn-controller/input/sdn-controller.xml:1065:15: error: element "entry" incomplete; missing required element "version"
/home/runner/work/sdn-controller/sdn-controller/input/sdn-controller.xml:1067:15: error: element "term" not allowed here; expected element "version"
/home/runner/work/sdn-controller/sdn-controller/input/sdn-controller.xml:1067:15: error: element "term" missing required attribute "full"
/home/runner/work/sdn-controller/sdn-controller/input/sdn-controller.xml:1068:22: error: element "description" not allowed here; expected element "version"
/home/runner/work/sdn-controller/sdn-controller/input/sdn-controller.xml:1069:15: error: element "entry" incomplete; missing required element "version"
/home/runner/work/sdn-controller/sdn-controller/input/sdn-controller.xml:1071:15: error: element "term" not allowed here; expected element "version"
/home/runner/work/sdn-controller/sdn-controller/input/sdn-controller.xml:1071:15: error: element "term" missing required attribute "full"
/home/runner/work/sdn-controller/sdn-controller/input/sdn-controller.xml:1072:22: error: element "description" not allowed here; expected element "version"
/home/runner/work/sdn-controller/sdn-controller/input/sdn-controller.xml:1073:15: error: element "entry" incomplete; missing required element "version"
/home/runner/work/sdn-controller/sdn-controller/input/sdn-controller.xml:1080:15: error: element "term" not allowed here; expected element "version"
/home/runner/work/sdn-controller/sdn-controller/input/sdn-controller.xml:1080:15: error: element "term" missing required attribute "full"
/home/runner/work/sdn-controller/sdn-controller/input/sdn-controller.xml:1081:22: error: element "description" not allowed here; expected element "version"
/home/runner/work/sdn-controller/sdn-controller/input/sdn-controller.xml:1082:15: error: element "entry" incomplete; missing required element "version"
/home/runner/work/sdn-controller/sdn-controller/input/sdn-controller.xml:1084:15: error: element "term" not allowed here; expected element "version"
/home/runner/work/sdn-controller/sdn-controller/input/sdn-controller.xml:1084:15: error: element "term" missing required attribute "full"
/home/runner/work/sdn-controller/sdn-controller/input/sdn-controller.xml:1085:22: error: element "description" not allowed here; expected element "version"
/home/runner/work/sdn-controller/sdn-controller/input/sdn-controller.xml:1086:15: error: element "entry" incomplete; missing required element "version"
/home/runner/work/sdn-controller/sdn-controller/input/sdn-controller.xml:1088:15: error: element "term" not allowed here; expected element "version"
/home/runner/work/sdn-controller/sdn-controller/input/sdn-controller.xml:1088:15: error: element "term" missing required attribute "full"
/home/runner/work/sdn-controller/sdn-controller/input/sdn-controller.xml:1089:22: error: element "description" not allowed here; expected element "version"
/home/runner/work/sdn-controller/sdn-controller/input/sdn-controller.xml:1090:15: error: element "entry" incomplete; missing required element "version"
/home/runner/work/sdn-controller/sdn-controller/input/sdn-controller.xml:1092:15: error: element "term" not allowed here; expected element "version"
/home/runner/work/sdn-controller/sdn-controller/input/sdn-controller.xml:1092:15: error: element "term" missing required attribute "full"
/home/runner/work/sdn-controller/sdn-controller/input/sdn-controller.xml:1093:22: error: element "description" not allowed here; expected element "version"
/home/runner/work/sdn-controller/sdn-controller/input/sdn-controller.xml:1094:15: error: element "entry" incomplete; missing required element "version"
/home/runner/work/sdn-controller/sdn-controller/input/sdn-controller.xml:1096:15: error: element "term" not allowed here; expected element "version"
/home/runner/work/sdn-controller/sdn-controller/input/sdn-controller.xml:1096:15: error: element "term" missing required attribute "full"
/home/runner/work/sdn-controller/sdn-controller/input/sdn-controller.xml:1097:22: error: element "description" not allowed here; expected element "version"
/home/runner/work/sdn-controller/sdn-controller/input/sdn-controller.xml:1098:15: error: element "entry" incomplete; missing required element "version"
/home/runner/work/sdn-controller/sdn-controller/input/sdn-controller.xml:1100:15: error: element "term" not allowed here; expected element "version"
/home/runner/work/sdn-controller/sdn-controller/input/sdn-controller.xml:1100:15: error: element "term" missing required attribute "full"
/home/runner/work/sdn-controller/sdn-controller/input/sdn-controller.xml:1101:22: error: element "description" not allowed here; expected element "version"
/home/runner/work/sdn-controller/sdn-controller/input/sdn-controller.xml:1102:15: error: element "entry" incomplete; missing required element "version"
/home/runner/work/sdn-controller/sdn-controller/input/sdn-controller.xml:1104:15: error: element "term" not allowed here; expected element "version"
/home/runner/work/sdn-controller/sdn-controller/input/sdn-controller.xml:1104:15: error: element "term" missing required attribute "full"
/home/runner/work/sdn-controller/sdn-controller/input/sdn-controller.xml:1105:22: error: element "description" not allowed here; expected element "version"
/home/runner/work/sdn-controller/sdn-controller/input/sdn-controller.xml:1106:15: error: element "entry" incomplete; missing required element "version"
/home/runner/work/sdn-controller/sdn-controller/input/sdn-controller.xml:1108:15: error: element "term" not allowed here; expected element "version"
/home/runner/work/sdn-controller/sdn-controller/input/sdn-controller.xml:1108:15: error: element "term" missing required attribute "full"
/home/runner/work/sdn-controller/sdn-controller/input/sdn-controller.xml:1109:22: error: element "description" not allowed here; expected element "version"
/home/runner/work/sdn-controller/sdn-controller/input/sdn-controller.xml:1110:15: error: element "entry" incomplete; missing required element "version"
/home/runner/work/sdn-controller/sdn-controller/input/sdn-controller.xml:1112:15: error: element "term" not allowed here; expected element "version"
/home/runner/work/sdn-controller/sdn-controller/input/sdn-controller.xml:1112:15: error: element "term" missing required attribute "full"
/home/runner/work/sdn-controller/sdn-controller/input/sdn-controller.xml:1113:22: error: element "description" not allowed here; expected element "version"
/home/runner/work/sdn-controller/sdn-controller/input/sdn-controller.xml:1114:15: error: element "entry" incomplete; missing required element "version"
/home/runner/work/sdn-controller/sdn-controller/input/sdn-controller.xml:1116:15: error: element "term" not allowed here; expected element "version"
/home/runner/work/sdn-controller/sdn-controller/input/sdn-controller.xml:1116:15: error: element "term" missing required attribute "full"
/home/runner/work/sdn-controller/sdn-controller/input/sdn-controller.xml:1117:22: error: element "description" not allowed here; expected element "version"
/home/runner/work/sdn-controller/sdn-controller/input/sdn-controller.xml:1118:15: error: element "entry" incomplete; missing required element "version"
/home/runner/work/sdn-controller/sdn-controller/input/sdn-controller.xml:1120:15: error: element "term" not allowed here; expected element "version"
/home/runner/work/sdn-controller/sdn-controller/input/sdn-controller.xml:1120:15: error: element "term" missing required attribute "full"
/home/runner/work/sdn-controller/sdn-controller/input/sdn-controller.xml:1121:22: error: element "description" not allowed here; expected element "version"
/home/runner/work/sdn-controller/sdn-controller/input/sdn-controller.xml:1122:15: error: element "entry" incomplete; missing required element "version"
/home/runner/work/sdn-controller/sdn-controller/input/sdn-controller.xml:1124:15: error: element "term" not allowed here; expected element "version"
/home/runner/work/sdn-controller/sdn-controller/input/sdn-controller.xml:1124:15: error: element "term" missing required attribute "full"
/home/runner/work/sdn-controller/sdn-controller/input/sdn-controller.xml:1125:22: error: element "description" not allowed here; expected element "version"
/home/runner/work/sdn-controller/sdn-controller/input/sdn-controller.xml:1126:15: error: element "entry" incomplete; missing required element "version"
/home/runner/work/sdn-controller/sdn-controller/input/sdn-controller.xml:1128:15: error: element "term" not allowed here; expected element "version"
/home/runner/work/sdn-controller/sdn-controller/input/sdn-controller.xml:1128:15: error: element "term" missing required attribute "full"
/home/runner/work/sdn-controller/sdn-controller/input/sdn-controller.xml:1129:22: error: element "description" not allowed here; expected element "version"
/home/runner/work/sdn-controller/sdn-controller/input/sdn-controller.xml:1130:15: error: element "entry" incomplete; missing required element "version"
/home/runner/work/sdn-controller/sdn-controller/input/sdn-controller.xml:1132:15: error: element "term" not allowed here; expected element "version"
/home/runner/work/sdn-controller/sdn-controller/input/sdn-controller.xml:1132:15: error: element "term" missing required attribute "full"
/home/runner/work/sdn-controller/sdn-controller/input/sdn-controller.xml:1133:22: error: element "description" not allowed here; expected element "version"
/home/runner/work/sdn-controller/sdn-controller/input/sdn-controller.xml:1134:15: error: element "entry" incomplete; missing required element "version"
/home/runner/work/sdn-controller/sdn-controller/input/sdn-controller.xml:1136:15: error: element "term" not allowed here; expected element "version"
/home/runner/work/sdn-controller/sdn-controller/input/sdn-controller.xml:1136:15: error: element "term" missing required attribute "full"
/home/runner/work/sdn-controller/sdn-controller/input/sdn-controller.xml:1137:22: error: element "description" not allowed here; expected element "version"
/home/runner/work/sdn-controller/sdn-controller/input/sdn-controller.xml:1138:15: error: element "entry" incomplete; missing required element "version"
/home/runner/work/sdn-controller/sdn-controller/input/sdn-controller.xml:1140:15: error: element "term" not allowed here; expected element "version"
/home/runner/work/sdn-controller/sdn-controller/input/sdn-controller.xml:1140:15: error: element "term" missing required attribute "full"
/home/runner/work/sdn-controller/sdn-controller/input/sdn-controller.xml:1141:22: error: element "description" not allowed here; expected element "version"
/home/runner/work/sdn-controller/sdn-controller/input/sdn-controller.xml:1142:15: error: element "entry" incomplete; missing required element "version"
/home/runner/work/sdn-controller/sdn-controller/input/sdn-controller.xml:1144:15: error: element "term" not allowed here; expected element "version"
/home/runner/work/sdn-controller/sdn-controller/input/sdn-controller.xml:1144:15: error: element "term" missing required attribute "full"
/home/runner/work/sdn-controller/sdn-controller/input/sdn-controller.xml:1145:22: error: element "description" not allowed here; expected element "version"
/home/runner/work/sdn-controller/sdn-controller/input/sdn-controller.xml:1146:15: error: element "entry" incomplete; missing required element "version"
/home/runner/work/sdn-controller/sdn-controller/input/sdn-controller.xml:1148:15: error: element "term" not allowed here; expected element "version"
/home/runner/work/sdn-controller/sdn-controller/input/sdn-controller.xml:1148:15: error: element "term" missing required attribute "full"
/home/runner/work/sdn-controller/sdn-controller/input/sdn-controller.xml:1149:22: error: element "description" not allowed here; expected element "version"
/home/runner/work/sdn-controller/sdn-controller/input/sdn-controller.xml:1150:15: error: element "entry" incomplete; missing required element "version"
/home/runner/work/sdn-controller/sdn-controller/input/sdn-controller.xml:1152:15: error: element "term" not allowed here; expected element "version"
/home/runner/work/sdn-controller/sdn-controller/input/sdn-controller.xml:1152:15: error: element "term" missing required attribute "full"
/home/runner/work/sdn-controller/sdn-controller/input/sdn-controller.xml:1153:22: error: element "description" not allowed here; expected element "version"
/home/runner/work/sdn-controller/sdn-controller/input/sdn-controller.xml:1154:15: error: element "entry" incomplete; missing required element "version"
/home/runner/work/sdn-controller/sdn-controller/input/sdn-controller.xml:1156:15: error: element "term" not allowed here; expected element "version"
/home/runner/work/sdn-controller/sdn-controller/input/sdn-controller.xml:1156:15: error: element "term" missing required attribute "full"
/home/runner/work/sdn-controller/sdn-controller/input/sdn-controller.xml:1157:22: error: element "description" not allowed here; expected element "version"
/home/runner/work/sdn-controller/sdn-controller/input/sdn-controller.xml:1158:15: error: element "entry" incomplete; missing required element "version"
/home/runner/work/sdn-controller/sdn-controller/input/sdn-controller.xml:1160:15: error: element "term" not allowed here; expected element "version"
/home/runner/work/sdn-controller/sdn-controller/input/sdn-controller.xml:1160:15: error: element "term" missing required attribute "full"
/home/runner/work/sdn-controller/sdn-controller/input/sdn-controller.xml:1161:22: error: element "description" not allowed here; expected element "version"
/home/runner/work/sdn-controller/sdn-controller/input/sdn-controller.xml:1162:15: error: element "entry" incomplete; missing required element "version"
/home/runner/work/sdn-controller/sdn-controller/input/sdn-controller.xml:1164:15: error: element "term" not allowed here; expected element "version"
/home/runner/work/sdn-controller/sdn-controller/input/sdn-controller.xml:1164:15: error: element "term" missing required attribute "full"
/home/runner/work/sdn-controller/sdn-controller/input/sdn-controller.xml:1165:22: error: element "description" not allowed here; expected element "version"
/home/runner/work/sdn-controller/sdn-controller/input/sdn-controller.xml:1166:15: error: element "entry" incomplete; missing required element "version"
/home/runner/work/sdn-controller/sdn-controller/input/sdn-controller.xml:1168:15: error: element "term" not allowed here; expected element "version"
/home/runner/work/sdn-controller/sdn-controller/input/sdn-controller.xml:1168:15: error: element "term" missing required attribute "full"
/home/runner/work/sdn-controller/sdn-controller/input/sdn-controller.xml:1169:22: error: element "description" not allowed here; expected element "version"
/home/runner/work/sdn-controller/sdn-controller/input/sdn-controller.xml:1170:15: error: element "entry" incomplete; missing required element "version"
/home/runner/work/sdn-controller/sdn-controller/input/sdn-controller.xml:1172:15: error: element "term" not allowed here; expected element "version"
/home/runner/work/sdn-controller/sdn-controller/input/sdn-controller.xml:1172:15: error: element "term" missing required attribute "full"
/home/runner/work/sdn-controller/sdn-controller/input/sdn-controller.xml:1173:22: error: element "description" not allowed here; expected element "version"
/home/runner/work/sdn-controller/sdn-controller/input/sdn-controller.xml:1174:15: error: element "entry" incomplete; missing required element "version"
/home/runner/work/sdn-controller/sdn-controller/input/sdn-controller.xml:1180:15: error: element "term" not allowed here; expected element "version"
/home/runner/work/sdn-controller/sdn-controller/input/sdn-controller.xml:1180:15: error: element "term" missing required attribute "full"
/home/runner/work/sdn-controller/sdn-controller/input/sdn-controller.xml:1181:22: error: element "description" not allowed here; expected element "version"
/home/runner/work/sdn-controller/sdn-controller/input/sdn-controller.xml:1182:15: error: element "entry" incomplete; missing required element "version"
/home/runner/work/sdn-controller/sdn-controller/input/sdn-controller.xml:1184:15: error: element "term" not allowed here; expected element "version"
/home/runner/work/sdn-controller/sdn-controller/input/sdn-controller.xml:1184:15: error: element "term" missing required attribute "full"
/home/runner/work/sdn-controller/sdn-controller/input/sdn-controller.xml:1185:22: error: element "description" not allowed here; expected element "version"
/home/runner/work/sdn-controller/sdn-controller/input/sdn-controller.xml:1186:15: error: element "entry" incomplete; missing required element "version"
/home/runner/work/sdn-controller/sdn-controller/input/sdn-controller.xml:1188:15: error: element "term" not allowed here; expected element "version"
/home/runner/work/sdn-controller/sdn-controller/input/sdn-controller.xml:1188:15: error: element "term" missing required attribute "full"
/home/runner/work/sdn-controller/sdn-controller/input/sdn-controller.xml:1189:22: error: element "description" not allowed here; expected element "version"
/home/runner/work/sdn-controller/sdn-controller/input/sdn-controller.xml:1190:15: error: element "entry" incomplete; missing required element "version"
/home/runner/work/sdn-controller/sdn-controller/input/sdn-controller.xml:1192:15: error: element "term" not allowed here; expected element "version"
/home/runner/work/sdn-controller/sdn-controller/input/sdn-controller.xml:1192:15: error: element "term" missing required attribute "full"
/home/runner/work/sdn-controller/sdn-controller/input/sdn-controller.xml:1193:22: error: element "description" not allowed here; expected element "version"
/home/runner/work/sdn-controller/sdn-controller/input/sdn-controller.xml:1194:15: error: element "entry" incomplete; missing required element "version"
/home/runner/work/sdn-controller/sdn-controller/input/sdn-controller.xml:1196:15: error: element "term" not allowed here; expected element "version"
/home/runner/work/sdn-controller/sdn-controller/input/sdn-controller.xml:1196:15: error: element "term" missing required attribute "full"
/home/runner/work/sdn-controller/sdn-controller/input/sdn-controller.xml:1197:22: error: element "description" not allowed here; expected element "version"
/home/runner/work/sdn-controller/sdn-controller/input/sdn-controller.xml:1198:15: error: element "entry" incomplete; missing required element "version"
/home/runner/work/sdn-controller/sdn-controller/input/sdn-controller.xml:1200:15: error: element "term" not allowed here; expected element "version"
/home/runner/work/sdn-controller/sdn-controller/input/sdn-controller.xml:1200:15: error: element "term" missing required attribute "full"
/home/runner/work/sdn-controller/sdn-controller/input/sdn-controller.xml:1201:22: error: element "description" not allowed here; expected element "version"
/home/runner/work/sdn-controller/sdn-controller/input/sdn-controller.xml:1202:15: error: element "entry" incomplete; missing required element "version"
/home/runner/work/sdn-controller/sdn-controller/input/sdn-controller.xml:1204:15: error: element "term" not allowed here; expected element "version"
/home/runner/work/sdn-controller/sdn-controller/input/sdn-controller.xml:1204:15: error: element "term" missing required attribute "full"
/home/runner/work/sdn-controller/sdn-controller/input/sdn-controller.xml:1205:22: error: element "description" not allowed here; expected element "version"
/home/runner/work/sdn-controller/sdn-controller/input/sdn-controller.xml:1206:15: error: element "entry" incomplete; missing required element "version"
/home/runner/work/sdn-controller/sdn-controller/input/sdn-controller.xml:1208:15: error: element "term" not allowed here; expected element "version"
/home/runner/work/sdn-controller/sdn-controller/input/sdn-controller.xml:1208:15: error: element "term" missing required attribute "full"
/home/runner/work/sdn-controller/sdn-controller/input/sdn-controller.xml:1209:22: error: element "description" not allowed here; expected element "version"
/home/runner/work/sdn-controller/sdn-controller/input/sdn-controller.xml:1210:15: error: element "entry" incomplete; missing required element "version"
/home/runner/work/sdn-controller/sdn-controller/input/sdn-controller.xml:1212:15: error: element "term" not allowed here; expected element "version"
/home/runner/work/sdn-controller/sdn-controller/input/sdn-controller.xml:1212:15: error: element "term" missing required attribute "full"
/home/runner/work/sdn-controller/sdn-controller/input/sdn-controller.xml:1213:22: error: element "description" not allowed here; expected element "version"
/home/runner/work/sdn-controller/sdn-controller/input/sdn-controller.xml:1214:15: error: element "entry" incomplete; missing required element "version"
/home/runner/work/sdn-controller/sdn-controller/input/sdn-controller.xml:1216:15: error: element "term" not allowed here; expected element "version"
/home/runner/work/sdn-controller/sdn-controller/input/sdn-controller.xml:1216:15: error: element "term" missing required attribute "full"
/home/runner/work/sdn-controller/sdn-controller/input/sdn-controller.xml:1217:22: error: element "description" not allowed here; expected element "version"
/home/runner/work/sdn-controller/sdn-controller/input/sdn-controller.xml:1218:15: error: element "entry" incomplete; missing required element "version"
/home/runner/work/sdn-controller/sdn-controller/input/sdn-controller.xml:1220:15: error: element "term" not allowed here; expected element "version"
/home/runner/work/sdn-controller/sdn-controller/input/sdn-controller.xml:1220:15: error: element "term" missing required attribute "full"
/home/runner/work/sdn-controller/sdn-controller/input/sdn-controller.xml:1221:22: error: element "description" not allowed here; expected element "version"
/home/runner/work/sdn-controller/sdn-controller/input/sdn-controller.xml:1222:15: error: element "entry" incomplete; missing required element "version"
/home/runner/work/sdn-controller/sdn-controller/input/sdn-controller.xml:1224:15: error: element "term" not allowed here; expected element "version"
/home/runner/work/sdn-controller/sdn-controller/input/sdn-controller.xml:1224:15: error: element "term" missing required attribute "full"
/home/runner/work/sdn-controller/sdn-controller/input/sdn-controller.xml:1225:22: error: element "description" not allowed here; expected element "version"
/home/runner/work/sdn-controller/sdn-controller/input/sdn-controller.xml:1226:15: error: element "entry" incomplete; missing required element "version"
/home/runner/work/sdn-controller/sdn-controller/input/sdn-controller.xml:1228:15: error: element "term" not allowed here; expected element "version"
/home/runner/work/sdn-controller/sdn-controller/input/sdn-controller.xml:1228:15: error: element "term" missing required attribute "full"
/home/runner/work/sdn-controller/sdn-controller/input/sdn-controller.xml:1229:22: error: element "description" not allowed here; expected element "version"
/home/runner/work/sdn-controller/sdn-controller/input/sdn-controller.xml:1230:15: error: element "entry" incomplete; missing required element "version"
/home/runner/work/sdn-controller/sdn-controller/input/sdn-controller.xml:1232:15: error: element "term" not allowed here; expected element "version"
/home/runner/work/sdn-controller/sdn-controller/input/sdn-controller.xml:1232:15: error: element "term" missing required attribute "full"
/home/runner/work/sdn-controller/sdn-controller/input/sdn-controller.xml:1233:22: error: element "description" not allowed here; expected element "version"
/home/runner/work/sdn-controller/sdn-controller/input/sdn-controller.xml:1234:15: error: element "entry" incomplete; missing required element "version"
/home/runner/work/sdn-controller/sdn-controller/input/sdn-controller.xml:1236:15: error: element "term" not allowed here; expected element "version"
/home/runner/work/sdn-controller/sdn-controller/input/sdn-controller.xml:1236:15: error: element "term" missing required attribute "full"
/home/runner/work/sdn-controller/sdn-controller/input/sdn-controller.xml:1237:22: error: element "description" not allowed here; expected element "version"
/home/runner/work/sdn-controller/sdn-controller/input/sdn-controller.xml:1238:15: error: element "entry" incomplete; missing required element "version"
/home/runner/work/sdn-controller/sdn-controller/input/sdn-controller.xml:1240:15: error: element "term" not allowed here; expected element "version"
/home/runner/work/sdn-controller/sdn-controller/input/sdn-controller.xml:1240:15: error: element "term" missing required attribute "full"
/home/runner/work/sdn-controller/sdn-controller/input/sdn-controller.xml:1241:22: error: element "description" not allowed here; expected element "version"
/home/runner/work/sdn-controller/sdn-controller/input/sdn-controller.xml:1242:15: error: element "entry" incomplete; missing required element "version"
/home/runner/work/sdn-controller/sdn-controller/input/sdn-controller.xml:1244:15: error: element "term" not allowed here; expected element "version"
/home/runner/work/sdn-controller/sdn-controller/input/sdn-controller.xml:1244:15: error: element "term" missing required attribute "full"
/home/runner/work/sdn-controller/sdn-controller/input/sdn-controller.xml:1245:22: error: element "description" not allowed here; expected element "version"
/home/runner/work/sdn-controller/sdn-controller/input/sdn-controller.xml:1246:15: error: element "entry" incomplete; missing required element "version"
/home/runner/work/sdn-controller/sdn-controller/input/sdn-controller.xml:1248:15: error: element "term" not allowed here; expected element "version"
/home/runner/work/sdn-controller/sdn-controller/input/sdn-controller.xml:1248:15: error: element "term" missing required attribute "full"
/home/runner/work/sdn-controller/sdn-controller/input/sdn-controller.xml:1249:22: error: element "description" not allowed here; expected element "version"
/home/runner/work/sdn-controller/sdn-controller/input/sdn-controller.xml:1250:15: error: element "entry" incomplete; missing required element "version"
/home/runner/work/sdn-controller/sdn-controller/input/sdn-controller.xml:1252:15: error: element "term" not allowed here; expected element "version"
/home/runner/work/sdn-controller/sdn-controller/input/sdn-controller.xml:1252:15: error: element "term" missing required attribute "full"
/home/runner/work/sdn-controller/sdn-controller/input/sdn-controller.xml:1253:22: error: element "description" not allowed here; expected element "version"
/home/runner/work/sdn-controller/sdn-controller/input/sdn-controller.xml:1254:15: error: element "entry" incomplete; missing required element "version"
/home/runner/work/sdn-controller/sdn-controller/input/sdn-controller.xml:1256:15: error: element "term" not allowed here; expected element "version"
/home/runner/work/sdn-controller/sdn-controller/input/sdn-controller.xml:1256:15: error: element "term" missing required attribute "full"
/home/runner/work/sdn-controller/sdn-controller/input/sdn-controller.xml:1257:22: error: element "description" not allowed here; expected element "version"
/home/runner/work/sdn-controller/sdn-controller/input/sdn-controller.xml:1258:15: error: element "entry" incomplete; missing required element "version"
/home/runner/work/sdn-controller/sdn-controller/input/sdn-controller.xml:1260:15: error: element "term" not allowed here; expected element "version"
/home/runner/work/sdn-controller/sdn-controller/input/sdn-controller.xml:1260:15: error: element "term" missing required attribute "full"
/home/runner/work/sdn-controller/sdn-controller/input/sdn-controller.xml:1261:22: error: element "description" not allowed here; expected element "version"
/home/runner/work/sdn-controller/sdn-controller/input/sdn-controller.xml:1262:15: error: element "entry" incomplete; missing required element "version"
/home/runner/work/sdn-controller/sdn-controller/input/sdn-controller.xml:1264:15: error: element "term" not allowed here; expected element "version"
/home/runner/work/sdn-controller/sdn-controller/input/sdn-controller.xml:1264:15: error: element "term" missing required attribute "full"
/home/runner/work/sdn-controller/sdn-controller/input/sdn-controller.xml:1265:22: error: element "description" not allowed here; expected element "version"
/home/runner/work/sdn-controller/sdn-controller/input/sdn-controller.xml:1266:15: error: element "entry" incomplete; missing required element "version"
/home/runner/work/sdn-controller/sdn-controller/input/sdn-controller.xml:1268:15: error: element "term" not allowed here; expected element "version"
/home/runner/work/sdn-controller/sdn-controller/input/sdn-controller.xml:1268:15: error: element "term" missing required attribute "full"
/home/runner/work/sdn-controller/sdn-controller/input/sdn-controller.xml:1269:22: error: element "description" not allowed here; expected element "version"
/home/runner/work/sdn-controller/sdn-controller/input/sdn-controller.xml:1270:15: error: element "entry" incomplete; missing required element "version"
/home/runner/work/sdn-controller/sdn-controller/input/sdn-controller.xml:1272:15: error: element "term" not allowed here; expected element "version"
/home/runner/work/sdn-controller/sdn-controller/input/sdn-controller.xml:1272:15: error: element "term" missing required attribute "full"
/home/runner/work/sdn-controller/sdn-controller/input/sdn-controller.xml:1273:22: error: element "description" not allowed here; expected element "version"
/home/runner/work/sdn-controller/sdn-controller/input/sdn-controller.xml:1274:15: error: element "entry" incomplete; missing required element "version"
/home/runner/work/sdn-controller/sdn-controller/input/sdn-controller.xml:1276:15: error: element "term" not allowed here; expected element "version"
/home/runner/work/sdn-controller/sdn-controller/input/sdn-controller.xml:1276:15: error: element "term" missing required attribute "full"
/home/runner/work/sdn-controller/sdn-controller/input/sdn-controller.xml:1277:22: error: element "description" not allowed here; expected element "version"
/home/runner/work/sdn-controller/sdn-controller/input/sdn-controller.xml:1278:15: error: element "entry" incomplete; missing required element "version"
/home/runner/work/sdn-controller/sdn-controller/input/sdn-controller.xml:1280:15: error: element "term" not allowed here; expected element "version"
/home/runner/work/sdn-controller/sdn-controller/input/sdn-controller.xml:1280:15: error: element "term" missing required attribute "full"
/home/runner/work/sdn-controller/sdn-controller/input/sdn-controller.xml:1281:22: error: element "description" not allowed here; expected element "version"
/home/runner/work/sdn-controller/sdn-controller/input/sdn-controller.xml:1282:15: error: element "entry" incomplete; missing required element "version"
/home/runner/work/sdn-controller/sdn-controller/input/sdn-controller.xml:1284:15: error: element "term" not allowed here; expected element "version"
/home/runner/work/sdn-controller/sdn-controller/input/sdn-controller.xml:1284:15: error: element "term" missing required attribute "full"
/home/runner/work/sdn-controller/sdn-controller/input/sdn-controller.xml:1285:22: error: element "description" not allowed here; expected element "version"
/home/runner/work/sdn-controller/sdn-controller/input/sdn-controller.xml:1286:15: error: element "entry" incomplete; missing required element "version"
/home/runner/work/sdn-controller/sdn-controller/input/sdn-controller.xml:1288:15: error: element "term" not allowed here; expected element "version"
/home/runner/work/sdn-controller/sdn-controller/input/sdn-controller.xml:1288:15: error: element "term" missing required attribute "full"
/home/runner/work/sdn-controller/sdn-controller/input/sdn-controller.xml:1289:22: error: element "description" not allowed here; expected element "version"
/home/runner/work/sdn-controller/sdn-controller/input/sdn-controller.xml:1290:15: error: element "entry" incomplete; missing required element "version"
/home/runner/work/sdn-controller/sdn-controller/input/sdn-controller.xml:1292:15: error: element "term" not allowed here; expected element "version"
/home/runner/work/sdn-controller/sdn-controller/input/sdn-controller.xml:1292:15: error: element "term" missing required attribute "full"
/home/runner/work/sdn-controller/sdn-controller/input/sdn-controller.xml:1293:22: error: element "description" not allowed here; expected element "version"
/home/runner/work/sdn-controller/sdn-controller/input/sdn-controller.xml:1294:15: error: element "entry" incomplete; missing required element "version"
/home/runner/work/sdn-controller/sdn-controller/input/sdn-controller.xml:1296:15: error: element "term" not allowed here; expected element "version"
/home/runner/work/sdn-controller/sdn-controller/input/sdn-controller.xml:1296:15: error: element "term" missing required attribute "full"
/home/runner/work/sdn-controller/sdn-controller/input/sdn-controller.xml:1297:22: error: element "description" not allowed here; expected element "version"
/home/runner/work/sdn-controller/sdn-controller/input/sdn-controller.xml:1298:15: error: element "entry" incomplete; missing required element "version"
/home/runner/work/sdn-controller/sdn-controller/input/sdn-controller.xml:1300:15: error: element "term" not allowed here; expected element "version"
/home/runner/work/sdn-controller/sdn-controller/input/sdn-controller.xml:1300:15: error: element "term" missing required attribute "full"
/home/runner/work/sdn-controller/sdn-controller/input/sdn-controller.xml:1301:22: error: element "description" not allowed here; expected element "version"
/home/runner/work/sdn-controller/sdn-controller/input/sdn-controller.xml:1302:15: error: element "entry" incomplete; missing required element "version"
/home/runner/work/sdn-controller/sdn-controller/input/sdn-controller.xml:1304:15: error: element "term" not allowed here; expected element "version"
/home/runner/work/sdn-controller/sdn-controller/input/sdn-controller.xml:1304:15: error: element "term" missing required attribute "full"
/home/runner/work/sdn-controller/sdn-controller/input/sdn-controller.xml:1305:22: error: element "description" not allowed here; expected element "version"
/home/runner/work/sdn-controller/sdn-controller/input/sdn-controller.xml:1306:15: error: element "entry" incomplete; missing required element "version"
/home/runner/work/sdn-controller/sdn-controller/input/sdn-controller.xml:1309:6: error: element "PP" incomplete; missing required element "bibliography"
